12928: 00:26:24.588 - ---
12928: 00:26:24.588 - Service: "Photon Socket Server" starting
12928: 00:26:24.588 - Config File: D:\FantasyOfSango\Server\TestServer\Photon_v4\FantasyOfSango_Photon\deploy\bin_Win64\PhotonServer.config
12928: 00:26:24.590 - Will produce at most: 10 crash dumps
12928: 00:26:24.590 - Service shutting down
12928: 00:26:24.592 - Service shut down complete
11916: 01:00:54.885 - ---
11916: 01:00:54.885 - Service: "Photon Socket Server" starting
11916: 01:00:54.885 - Config File: D:\FantasyOfSango\Server\TestServer\Photon_v4\FantasyOfSango_Photon\deploy\bin_Win64\PhotonServer.config
11916: 01:00:54.887 - Will produce at most: 10 crash dumps
11916: 01:00:54.887 - Service shutting down
11916: 01:00:54.890 - Service shut down complete
36568: 01:02:21.791 - ---
36568: 01:02:21.791 - Service: "Photon Socket Server" starting
36568: 01:02:21.792 - Config File: D:\FantasyOfSango\Server\TestServer\Photon_v4\FantasyOfSango_Photon\deploy\bin_Win64\PhotonServer.config
36568: 01:02:21.793 - Will produce at most: 10 crash dumps
36568: 01:02:21.793 - Service shutting down
36568: 01:02:21.795 - Service shut down complete
1308: 02:18:26.312 - ---
1308: 02:18:26.312 - Service: "Photon Socket Server" starting
1308: 02:18:26.312 - Config File: D:\FantasyOfSango\Server\TestServer\Photon_v4\FantasyOfSango_Photon\deploy\bin_Win64\PhotonServer.config
1308: 02:18:26.314 - Will produce at most: 10 crash dumps
1308: 02:18:26.314 - Service shutting down
1308: 02:18:26.315 - Service shut down complete
