20820: 21:41:37.535 - ---
20820: 21:41:37.535 - Service: "Photon Socket Server" starting
20820: 21:41:37.535 - Config File: D:\FantasyOfSango\Server\TestServer\Photon_v4\deploy\bin_Win64\PhotonServer.config
20820: 21:41:37.537 - Will produce at most: 10 crash dumps
20820: 21:41:37.537 - Action: run as exe
20820: 21:41:37.537 - Server Starting...
20820: 21:41:37.537 -    Tick count: 1305730953 (wraps in: 34.5976 days)
20820: 21:41:37.537 - Tick count 64: 1305730953
20820: 21:41:37.537 - Photon Version: 4.0.28.2962
20820: 21:41:37.537 - PID: 41176
20820: 21:41:37.537 - Config File: D:\FantasyOfSango\Server\TestServer\Photon_v4\deploy\bin_Win64\PhotonServer.config
20820: 21:41:37.538 - Will NOT log unimportant exceptions
20820: 21:41:37.540 - Not using performance counters as they are not currently installed. Run the service with /InstallCounters to install them.
20820: 21:41:37.540 - Shutdown timeout enabled: 30000ms
20820: 21:41:37.540 - Starting I/O thread pool with 2 threads
20820: 21:41:37.540 - Using Standard allocator
20820: 21:41:37.540 - Max message size: 512000
20820: 21:41:37.541 - Starting business logic thread pool with the following settings
20820: 21:41:37.541 - InitialThreads: 4 threads
20820: 21:41:37.541 - MinThreads: 4 threads
20820: 21:41:37.541 - Thread pool is fixed size
20820: 21:41:37.541 - Starting ENet thread pool with the following settings
20820: 21:41:37.541 - InitialThreads: 2 threads
20820: 21:41:37.541 - MinThreads: 2 threads
20820: 21:41:37.541 - Thread pool is fixed size
20820: 21:41:37.541 - OnlyDispatchTimers: False
20820: 21:41:37.541 - S2S: flow control: Max pending writes: 50
20820: 21:41:37.541 - S2S: flow control: Max queued buffers: 200
20820: 21:41:37.541 - S2S: flow control: Max pending writes MUX: 500
20820: 21:41:37.541 - S2S: flow control: Max queued buffers MUX: 2000
20820: 21:41:37.541 - S2S: MaxInboundMessageSize: 512000
20820: 21:41:37.541 - S2S: MaxOutboundMessageSize: 512000
20820: 21:41:37.541 - S2S: No inactivity timeout
20820: 21:41:37.544 - WebSocket S2S: MaxInboundMessageSize: 512000
20820: 21:41:37.544 - WebSocket S2S: MaxOutboundMessageSize: 512000
20820: 21:41:37.544 - WebSocket S2S: No inactivity timeout
20820: 21:41:37.544 - Max Reliable Data In Transit (awaiting ACKs) per peer : 51200 bytes
20820: 21:41:37.544 - Per peer bandwidth limit
20820: 21:41:37.544 - Transmit Rate Limit: 256 KB/Sec
20820: 21:41:37.544 - Limit period: 200ms
20820: 21:41:37.544 - Limit per period: 52428 bytes
20820: 21:41:37.544 - Max queued data for transmission per peer: 512000 bytes
20820: 21:41:37.544 - Minimum retransmit timeout: 200
20820: 21:41:37.544 - No Maximum retransmit timeout
20820: 21:41:37.544 - Minimum ENet timeout: 5000ms
20820: 21:41:37.544 - Maximum ENet timeout: 30000ms
20820: 21:41:37.544 - Max Inbound Reliable Data Queued (awaiting resends of earlier sequence numbers) per peer : 163840 bytes
20820: 21:41:37.544 - No RTT ACK adjustment timeout
20820: 21:41:37.544 - Outbound ENet: MaxInboundMessageSize: 512000
20820: 21:41:37.544 - Outbound ENet: MaxOutboundMessageSize: 512000
20820: 21:41:37.545 - GetRuntime - About to load CLR - versions available:
20820: 21:41:37.545 - v2.0.50727
20820: 21:41:37.545 - v4.0.30319
20820: 21:41:37.545 - Configuration requests: "v2.0.50727"
20820: 21:41:37.545 - About to load version: "v2.0.50727"
20820: 21:41:37.618 - About to load runtime: PhotonHostRuntime.PhotonDomainManager from PhotonHostRuntime, Culture=neutral, PublicKeyToken=02C301B61B060C4D
20820: 21:41:37.618 - CLRBaseDirectory set to "D:\FantasyOfSango\Server\TestServer\Photon_v4\deploy"
20820: 21:41:37.618 - Optimising event broadcast for 20 or more peers
20820: 21:41:37.619 - Start: About to load CLR - versions available:
20820: 21:41:37.619 - v2.0.50727
20820: 21:41:37.619 - v4.0.30319
20820: 21:41:37.619 - No preference in configuration file, will load latest.
20820: 21:41:37.619 - About to load version: "v4.0.30319"
20820: 21:41:37.620 - Loaded version: "v4.0.30319"
20820: 21:41:37.766 - Photon host runtime loaded
20820: 21:41:39.813 - License is valid.
20820: 21:41:39.813 - Licensed for 100 concurrent connections.
20820: 21:41:39.813 - ENet: Max Reliable Data In Transit (awaiting ACKs) per peer : 51200 bytes
20820: 21:41:39.813 - ENet: Per peer bandwidth limit
20820: 21:41:39.813 - ENet: Transmit Rate Limit: 256 KB/Sec
20820: 21:41:39.813 - ENet: Limit period: 200ms
20820: 21:41:39.813 - ENet: Limit per period: 52428 bytes
20820: 21:41:39.813 - ENet: Max queued data for transmission per peer: 512000 bytes
20820: 21:41:39.813 - ENet: Minimum retransmit timeout: 200
20820: 21:41:39.813 - No Maximum retransmit timeout
20820: 21:41:39.813 - ENet: Minimum timeout: 5000ms
20820: 21:41:39.813 - ENet: Maximum timeout: 30000ms
20820: 21:41:39.813 - ENet: Max Inbound Reliable Data Queued (awaiting resends of earlier sequence numbers) per peer : 163840 bytes
20820: 21:41:39.813 - No RTT ACK adjustment timeout
20820: 21:41:39.813 - About to load application: SangoTest from FantasyOfSango
20820: 21:41:39.813 - Auto restart is enabled for application, existing connections will be terminated during restart
20820: 21:41:39.813 - Application will restart 1000ms after the last change detected
20820: 21:41:39.813 - Application will restart if files matching the following are changed: "dll;config"
20820: 21:41:39.813 - Application will NOT restart if files matching the following are changed: "log4net.config"
20820: 21:41:40.027 - Taking reference on default app domain
20820: 21:41:40.207 - Application: "SangoTest" started in app domain: 2
20820: 21:41:40.207 - About to load application: CounterPublisher from CounterPublisher
20820: 21:41:40.207 - Auto restart is enabled for application, existing connections will be terminated during restart
20820: 21:41:40.207 - Application will restart 1000ms after the last change detected
20820: 21:41:40.207 - Application will restart if files matching the following are changed: "dll;config"
20820: 21:41:40.207 - Application will NOT restart if files matching the following are changed: "log4net.config"
20820: 21:41:40.407 - Taking reference on default app domain
20820: 21:41:40.575 - Application: "CounterPublisher" started in app domain: 3
20820: 21:41:40.575 - Adding TCP listener on: 0.0.0.0: 4530 with a listen backlog of: 150
20820: 21:41:40.575 - TCP inactivity timeout: 10000ms
20820: 21:41:40.575 - TCP disconnect timeout: 120000ms
20820: 21:41:40.575 - MaxInboundMessageSize: 512000
20820: 21:41:40.575 - MaxOutboundMessageSize: 512000
20820: 21:41:40.575 - Forcing all applications ids to: "SangoTest"
20820: 21:41:40.575 - Serving policy file requests from: "D:\FantasyOfSango\Server\TestServer\Photon_v4\deploy\Policy\assets\socket-policy.xml"
20820: 21:41:40.575 - Forcing all applications ids to: "SangoTest"
20820: 21:41:40.575 - MaxInboundMessageSize: 512000
20820: 21:41:40.575 - MaxOutboundMessageSize: 512000
20820: 21:41:40.575 - UDP address specified as: "0.0.0.0" adding listener to each available IPv4 address
20820: 21:41:40.575 - Adding UDP listener on: 192.168.0.111: 5055 with a listen backlog of: 500
20820: 21:41:40.575 - Adding UDP listener on: 172.27.48.1: 5055 with a listen backlog of: 500
20820: 21:41:40.575 - Adding UDP listener on: 172.26.96.1: 5055 with a listen backlog of: 500
20820: 21:41:40.575 - Adding UDP listener on: 127.0.0.1: 5055 with a listen backlog of: 500
20820: 21:41:40.575 - Adding WebSocket TCP listener on: 0.0.0.0: 9090 with a listen backlog of: 150
20820: 21:41:40.576 - Nagle disabled
20820: 21:41:40.576 - TCP inactivity timeout: 10000ms
20820: 21:41:40.576 - MaxInboundMessageSize: 512000
20820: 21:41:40.576 - MaxOutboundMessageSize: 512000
20820: 21:41:40.576 - Forcing all applications ids to: "SangoTest"
20820: 21:41:40.576 - Will accept ANY sub-protocols from the client
20820: 21:41:40.576 - No automatic WebSocket ping
20820: 21:41:40.576 - Adding Policy File listener on: 0.0.0.0: 843 with a listen backlog of: 150 and serving Policy File: "D:\FantasyOfSango\Server\TestServer\Photon_v4\deploy\Policy\assets\socket-policy.xml"
20820: 21:41:40.576 - TCP inactivity timeout: 10000ms
20820: 21:41:40.576 - Adding Policy File listener on: 0.0.0.0: 943 with a listen backlog of: 150 and serving Policy File: "D:\FantasyOfSango\Server\TestServer\Photon_v4\deploy\Policy\assets\socket-policy-silverlight.xml"
20820: 21:41:40.576 - TCP inactivity timeout: 10000ms
20820: 21:41:40.599 - Service is running...
