38084: 00:35:17.632 - Service is stopped...
38084: 00:35:17.632 - Server shutting down...
38084: 00:35:17.632 - Shutdown monitoring enabled, 30000ms before process abort
38084: 00:35:17.655 - Notifying CLR applications of shutdown...
38084: 00:35:17.655 - RequestApplicationStop: 3
38084: 00:35:17.677 - RequestApplicationStop: 2
38084: 00:35:17.684 - RequestStop: defalt app domain
38084: 00:35:17.705 - Shutting down WebSocket Outbound Connection Manager...
38084: 00:35:17.755 - Shutting down TCP Outbound Connection Manager...
38084: 00:35:17.798 - Shutting down ENet Outbound Connection Manager...
38084: 00:35:17.809 - Disconnecting all outbound peers...
38084: 00:35:17.821 - Shutting down ENet host...
38084: 00:35:17.821 - Disconnecting all peers...
38084: 00:35:17.821 - Shutting down socket servers...
38084: 00:35:17.821 - Shutting down ENet thread pool...
38084: 00:35:17.821 - Shutting down TCP inactivity timers...
38084: 00:35:17.821 - WaitingForShutdownToComplete: NativePolicy:0.0.0.0:843
38084: 00:35:17.821 - OnShutdownCompleted: NativePolicy:0.0.0.0:843
38084: 00:35:17.821 - WaitingForShutdownToComplete: NativePolicy:0.0.0.0:943
38084: 00:35:17.821 - OnShutdownCompleted: NativePolicy:0.0.0.0:943
38084: 00:35:17.821 - WaitingForShutdownToComplete: TCP:0.0.0.0:4530
38084: 00:35:17.821 - OnShutdownCompleted: TCP:0.0.0.0:4530
38084: 00:35:17.821 - WaitingForShutdownToComplete: UDP:127.0.0.1:5055
38084: 00:35:17.821 - OnShutdownCompleted: UDP:127.0.0.1:5055
38084: 00:35:17.821 - WaitingForShutdownToComplete: UDP:172.18.128.1:5055
38084: 00:35:17.821 - OnShutdownCompleted: UDP:172.18.128.1:5055
38084: 00:35:17.821 - WaitingForShutdownToComplete: UDP:172.29.48.1:5055
38084: 00:35:17.821 - OnShutdownCompleted: UDP:172.29.48.1:5055
38084: 00:35:17.821 - WaitingForShutdownToComplete: UDP:192.168.0.111:5055
38084: 00:35:17.821 - OnShutdownCompleted: UDP:192.168.0.111:5055
38084: 00:35:17.821 - WaitingForShutdownToComplete: WebSocket:0.0.0.0:9090
38084: 00:35:17.821 - OnShutdownCompleted: WebSocket:0.0.0.0:9090
38084: 00:35:17.822 - Shutting down CLR applications...
37480: 00:35:17.833 - CManagedHost::OnDefaultAction() - OPR_AppDomainUnload - eUnloadAppDomain
38084: 00:35:17.834 - CManagedHost::OnDefaultAction() - OPR_ThreadAbort - eAbortThread
29688: 00:35:17.842 - Unloading Domain: ApplicationName = 'CounterPublisher', DomainId='3'
37480: 00:35:17.843 - CManagedHost::OnDomainUnload() - 3
4288: 00:35:17.908 - CManagedHost::OnFailure() - FAIL_CriticalResource - eThrowException
4288: 00:35:17.908 - CManagedHost::OnFailure() - FAIL_CriticalResource - eThrowException
38084: 00:35:17.963 - Shutting down business logic thread pool...
38084: 00:35:17.963 - Shutting down I/O thread pool...
38084: 00:35:17.963 - Destroying servers
38084: 00:35:17.971 - Destroying WebSocket Outbound Connection Manager
38084: 00:35:17.971 - Destroying TCP Outbound Connection Manager
38084: 00:35:17.971 - Destroying TCP inactivity timer
38084: 00:35:17.971 - Destroying ENet timer wheel
38084: 00:35:17.971 - Destroying ENet host
38084: 00:35:17.973 - Destroying ENet outbound host
38084: 00:35:17.973 - Destroying HTTP inactivity timer
38084: 00:35:17.973 - Destroying HTTP host
38084: 00:35:17.973 - Destroying HTTP Chunk host
38084: 00:35:17.973 - Flushing ENET buffer allocator...
38084: 00:35:17.974 - Flushing TCP buffer handle allocator...
38084: 00:35:17.974 - Flushing stream socket allocator...
38084: 00:35:17.974 - Flushing inbound datagram socket allocator...
38084: 00:35:17.975 - Flushing outbound datagram socket allocator...
38084: 00:35:17.975 - Destroying CLR dispatcher
38084: 00:35:17.975 - Destroying CLR applications
38084: 00:35:17.976 - ~CCLRApplicationCollection() - Waiting up to 10 seconds for the CLR to release all of our objects
37480: 00:35:17.991 - CManagedHost::OnDefaultAction() - OPR_AppDomainUnload - eUnloadAppDomain
29688: 00:35:17.994 - Unloading Domain: ApplicationName = 'FSOGameServer', DomainId='2'
37480: 00:35:17.994 - CManagedHost::OnDomainUnload() - 2
38084: 00:35:17.995 - ~CCLRApplicationCollection() - Done. All objects released
38084: 00:35:17.995 - ~CManagedHost() - Release default app domain
38084: 00:35:17.995 - CManagedHost::OnDomainUnload() - 1
38084: 00:35:17.995 - ~CManagedHost() - Waiting up to 10 seconds for CLR shutdown...
38084: 00:35:17.995 - ~CManagedHost
38084: 00:35:17.995 - Destroying ENet thread pool
38084: 00:35:17.995 - Destroying Business logic thread pool
38084: 00:35:17.995 - Destroying I/O thread pool
38084: 00:35:17.995 - Destroying ENet buffer allocator
38084: 00:35:17.995 - Destroying TCP buffer allocator
38084: 00:35:17.995 - Destroying TCP socket allocator
38084: 00:35:17.995 - Destroying ENet inbound socket allocator
38084: 00:35:17.995 - Destroying ENet outbound socket allocator
38084: 00:35:17.995 - Destroying shared datagram flow control data
38084: 00:35:17.996 - Shutdown complete...
38084: 00:35:17.996 - Service shutting down
38084: 00:35:18.003 - Service shut down complete
24692: 18:36:26.044 - ---
24692: 18:36:26.044 - Service: "Photon Socket Server" starting
24692: 18:36:26.044 - Config File: D:\FantasyOfSango\Server\TestServer\Photon_v4\FantasyOfSango_Photon\deploy\bin_Win64\PhotonServer.config
24692: 18:36:26.046 - Will produce at most: 10 crash dumps
24692: 18:36:26.046 - Action: run as exe
24692: 18:36:26.046 - Server Starting...
24692: 18:36:26.046 -    Tick count: 16143125 (wraps in: 49.5234 days)
24692: 18:36:26.046 - Tick count 64: 16143125
24692: 18:36:26.046 - Photon Version: 4.0.28.2962
24692: 18:36:26.046 - PID: 6228
24692: 18:36:26.046 - Config File: D:\FantasyOfSango\Server\TestServer\Photon_v4\FantasyOfSango_Photon\deploy\bin_Win64\PhotonServer.config
24692: 18:36:26.047 - Will NOT log unimportant exceptions
24692: 18:36:26.048 - Not using performance counters as they are not currently installed. Run the service with /InstallCounters to install them.
24692: 18:36:26.049 - Shutdown timeout enabled: 30000ms
24692: 18:36:26.049 - Starting I/O thread pool with 2 threads
24692: 18:36:26.049 - Using Standard allocator
24692: 18:36:26.049 - Max message size: 512000
24692: 18:36:26.049 - Starting business logic thread pool with the following settings
24692: 18:36:26.049 - InitialThreads: 4 threads
24692: 18:36:26.049 - MinThreads: 4 threads
24692: 18:36:26.049 - Thread pool is fixed size
24692: 18:36:26.049 - Starting ENet thread pool with the following settings
24692: 18:36:26.049 - InitialThreads: 2 threads
24692: 18:36:26.049 - MinThreads: 2 threads
24692: 18:36:26.049 - Thread pool is fixed size
24692: 18:36:26.049 - OnlyDispatchTimers: False
24692: 18:36:26.049 - S2S: flow control: Max pending writes: 50
24692: 18:36:26.049 - S2S: flow control: Max queued buffers: 200
24692: 18:36:26.049 - S2S: flow control: Max pending writes MUX: 500
24692: 18:36:26.049 - S2S: flow control: Max queued buffers MUX: 2000
24692: 18:36:26.049 - S2S: MaxInboundMessageSize: 512000
24692: 18:36:26.049 - S2S: MaxOutboundMessageSize: 512000
24692: 18:36:26.049 - S2S: No inactivity timeout
24692: 18:36:26.052 - WebSocket S2S: MaxInboundMessageSize: 512000
24692: 18:36:26.052 - WebSocket S2S: MaxOutboundMessageSize: 512000
24692: 18:36:26.052 - WebSocket S2S: No inactivity timeout
24692: 18:36:26.052 - Max Reliable Data In Transit (awaiting ACKs) per peer : 51200 bytes
24692: 18:36:26.052 - Per peer bandwidth limit
24692: 18:36:26.052 - Transmit Rate Limit: 256 KB/Sec
24692: 18:36:26.052 - Limit period: 200ms
24692: 18:36:26.052 - Limit per period: 52428 bytes
24692: 18:36:26.052 - Max queued data for transmission per peer: 512000 bytes
24692: 18:36:26.052 - Minimum retransmit timeout: 200
24692: 18:36:26.052 - No Maximum retransmit timeout
24692: 18:36:26.052 - Minimum ENet timeout: 5000ms
24692: 18:36:26.052 - Maximum ENet timeout: 30000ms
24692: 18:36:26.052 - Max Inbound Reliable Data Queued (awaiting resends of earlier sequence numbers) per peer : 163840 bytes
24692: 18:36:26.052 - No RTT ACK adjustment timeout
24692: 18:36:26.052 - Outbound ENet: MaxInboundMessageSize: 512000
24692: 18:36:26.052 - Outbound ENet: MaxOutboundMessageSize: 512000
24692: 18:36:26.054 - GetRuntime - About to load CLR - versions available:
24692: 18:36:26.054 - v2.0.50727
24692: 18:36:26.054 - v4.0.30319
24692: 18:36:26.054 - Configuration requests: "v2.0.50727"
24692: 18:36:26.054 - About to load version: "v2.0.50727"
24692: 18:36:26.086 - About to load runtime: PhotonHostRuntime.PhotonDomainManager from PhotonHostRuntime, Culture=neutral, PublicKeyToken=02C301B61B060C4D
24692: 18:36:26.087 - CLRBaseDirectory set to "D:\FantasyOfSango\Server\TestServer\Photon_v4\FantasyOfSango_Photon\deploy"
24692: 18:36:26.087 - Optimising event broadcast for 20 or more peers
24692: 18:36:26.087 - Start: About to load CLR - versions available:
24692: 18:36:26.087 - v2.0.50727
24692: 18:36:26.087 - v4.0.30319
24692: 18:36:26.087 - No preference in configuration file, will load latest.
24692: 18:36:26.087 - About to load version: "v4.0.30319"
24692: 18:36:26.089 - Loaded version: "v4.0.30319"
24692: 18:36:26.326 - Photon host runtime loaded
24692: 18:36:28.116 - License is valid.
24692: 18:36:28.116 - Licensed for 100 concurrent connections.
24692: 18:36:28.116 - ENet: Max Reliable Data In Transit (awaiting ACKs) per peer : 51200 bytes
24692: 18:36:28.116 - ENet: Per peer bandwidth limit
24692: 18:36:28.116 - ENet: Transmit Rate Limit: 256 KB/Sec
24692: 18:36:28.116 - ENet: Limit period: 200ms
24692: 18:36:28.116 - ENet: Limit per period: 52428 bytes
24692: 18:36:28.116 - ENet: Max queued data for transmission per peer: 512000 bytes
24692: 18:36:28.116 - ENet: Minimum retransmit timeout: 200
24692: 18:36:28.116 - No Maximum retransmit timeout
24692: 18:36:28.116 - ENet: Minimum timeout: 5000ms
24692: 18:36:28.116 - ENet: Maximum timeout: 30000ms
24692: 18:36:28.116 - ENet: Max Inbound Reliable Data Queued (awaiting resends of earlier sequence numbers) per peer : 163840 bytes
24692: 18:36:28.116 - No RTT ACK adjustment timeout
24692: 18:36:28.117 - About to load application: FSOGameServer from FantasyOfSango
24692: 18:36:28.117 - Auto restart is enabled for application, existing connections will be terminated during restart
24692: 18:36:28.117 - Application will restart 1000ms after the last change detected
24692: 18:36:28.117 - Application will restart if files matching the following are changed: "dll;config"
24692: 18:36:28.117 - Application will NOT restart if files matching the following are changed: "log4net.config"
24692: 18:36:28.940 - Taking reference on default app domain
24692: 18:36:29.855 - Application: "FSOGameServer" started in app domain: 2
24692: 18:36:29.855 - About to load application: CounterPublisher from CounterPublisher
24692: 18:36:29.855 - Auto restart is enabled for application, existing connections will be terminated during restart
24692: 18:36:29.855 - Application will restart 1000ms after the last change detected
24692: 18:36:29.855 - Application will restart if files matching the following are changed: "dll;config"
24692: 18:36:29.855 - Application will NOT restart if files matching the following are changed: "log4net.config"
24692: 18:36:30.575 - Taking reference on default app domain
24692: 18:36:31.329 - Application: "CounterPublisher" started in app domain: 3
24692: 18:36:31.329 - Adding TCP listener on: 0.0.0.0: 4530 with a listen backlog of: 150
24692: 18:36:31.329 - TCP inactivity timeout: 10000ms
24692: 18:36:31.329 - TCP disconnect timeout: 120000ms
24692: 18:36:31.329 - MaxInboundMessageSize: 512000
24692: 18:36:31.329 - MaxOutboundMessageSize: 512000
24692: 18:36:31.329 - Forcing all applications ids to: "FSOGameServer"
24692: 18:36:31.333 - Serving policy file requests from: "D:\FantasyOfSango\Server\TestServer\Photon_v4\FantasyOfSango_Photon\deploy\Policy\assets\socket-policy.xml"
24692: 18:36:31.333 - Forcing all applications ids to: "FSOGameServer"
24692: 18:36:31.333 - MaxInboundMessageSize: 512000
24692: 18:36:31.333 - MaxOutboundMessageSize: 512000
24692: 18:36:31.333 - UDP address specified as: "0.0.0.0" adding listener to each available IPv4 address
24692: 18:36:31.333 - Adding UDP listener on: 192.168.0.107: 5055 with a listen backlog of: 500
24692: 18:36:31.334 - Adding UDP listener on: 172.21.208.1: 5055 with a listen backlog of: 500
24692: 18:36:31.334 - Adding UDP listener on: 172.20.144.1: 5055 with a listen backlog of: 500
24692: 18:36:31.334 - Adding UDP listener on: 127.0.0.1: 5055 with a listen backlog of: 500
24692: 18:36:31.334 - Adding WebSocket TCP listener on: 0.0.0.0: 9090 with a listen backlog of: 150
24692: 18:36:31.334 - Nagle disabled
24692: 18:36:31.334 - TCP inactivity timeout: 10000ms
24692: 18:36:31.334 - MaxInboundMessageSize: 512000
24692: 18:36:31.334 - MaxOutboundMessageSize: 512000
24692: 18:36:31.334 - Forcing all applications ids to: "FSOGameServer"
24692: 18:36:31.334 - Will accept ANY sub-protocols from the client
24692: 18:36:31.334 - No automatic WebSocket ping
24692: 18:36:31.334 - Adding Policy File listener on: 0.0.0.0: 843 with a listen backlog of: 150 and serving Policy File: "D:\FantasyOfSango\Server\TestServer\Photon_v4\FantasyOfSango_Photon\deploy\Policy\assets\socket-policy.xml"
24692: 18:36:31.334 - TCP inactivity timeout: 10000ms
24692: 18:36:31.340 - Adding Policy File listener on: 0.0.0.0: 943 with a listen backlog of: 150 and serving Policy File: "D:\FantasyOfSango\Server\TestServer\Photon_v4\FantasyOfSango_Photon\deploy\Policy\assets\socket-policy-silverlight.xml"
24692: 18:36:31.340 - TCP inactivity timeout: 10000ms
24692: 18:36:31.362 - Service is running...
24692: 22:12:34.809 - Service is stopped...
24692: 22:12:34.809 - Server shutting down...
24692: 22:12:34.809 - Shutdown monitoring enabled, 30000ms before process abort
24692: 22:12:34.809 - Notifying CLR applications of shutdown...
24692: 22:12:34.809 - RequestApplicationStop: 3
24692: 22:12:34.852 - RequestApplicationStop: 2
24692: 22:12:34.872 - RequestStop: defalt app domain
24692: 22:12:34.893 - Shutting down WebSocket Outbound Connection Manager...
24692: 22:12:34.893 - Shutting down TCP Outbound Connection Manager...
24692: 22:12:34.893 - Shutting down ENet Outbound Connection Manager...
24692: 22:12:34.893 - Disconnecting all outbound peers...
24692: 22:12:34.893 - Shutting down ENet host...
24692: 22:12:34.893 - Disconnecting all peers...
24692: 22:12:34.893 - Shutting down socket servers...
24692: 22:12:34.893 - Shutting down ENet thread pool...
24692: 22:12:34.893 - Shutting down TCP inactivity timers...
24692: 22:12:34.894 - WaitingForShutdownToComplete: NativePolicy:0.0.0.0:843
24692: 22:12:34.895 - OnShutdownCompleted: NativePolicy:0.0.0.0:843
24692: 22:12:34.895 - WaitingForShutdownToComplete: NativePolicy:0.0.0.0:943
24692: 22:12:34.895 - OnShutdownCompleted: NativePolicy:0.0.0.0:943
24692: 22:12:34.895 - WaitingForShutdownToComplete: TCP:0.0.0.0:4530
24692: 22:12:34.895 - OnShutdownCompleted: TCP:0.0.0.0:4530
24692: 22:12:34.895 - WaitingForShutdownToComplete: UDP:127.0.0.1:5055
24692: 22:12:34.895 - OnShutdownCompleted: UDP:127.0.0.1:5055
24692: 22:12:34.895 - WaitingForShutdownToComplete: UDP:172.20.144.1:5055
24692: 22:12:34.895 - OnShutdownCompleted: UDP:172.20.144.1:5055
24692: 22:12:34.895 - WaitingForShutdownToComplete: UDP:172.21.208.1:5055
24692: 22:12:34.895 - OnShutdownCompleted: UDP:172.21.208.1:5055
24692: 22:12:34.895 - WaitingForShutdownToComplete: UDP:192.168.0.107:5055
24692: 22:12:34.895 - OnShutdownCompleted: UDP:192.168.0.107:5055
24692: 22:12:34.895 - WaitingForShutdownToComplete: WebSocket:0.0.0.0:9090
24692: 22:12:34.895 - OnShutdownCompleted: WebSocket:0.0.0.0:9090
24692: 22:12:34.895 - Shutting down CLR applications...
26944: 22:12:35.085 - CManagedHost::OnDefaultAction() - OPR_AppDomainUnload - eUnloadAppDomain
24692: 22:12:35.086 - CManagedHost::OnDefaultAction() - OPR_ThreadAbort - eAbortThread
26904: 22:12:35.340 - Unloading Domain: ApplicationName = 'CounterPublisher', DomainId='3'
26944: 22:12:35.340 - CManagedHost::OnDomainUnload() - 3
27044: 22:12:35.470 - CManagedHost::OnFailure() - FAIL_CriticalResource - eThrowException
27044: 22:12:35.470 - CManagedHost::OnFailure() - FAIL_CriticalResource - eThrowException
24692: 22:12:35.540 - Shutting down business logic thread pool...
24692: 22:12:35.541 - Shutting down I/O thread pool...
24692: 22:12:35.541 - Destroying servers
24692: 22:12:35.542 - Destroying WebSocket Outbound Connection Manager
24692: 22:12:35.542 - Destroying TCP Outbound Connection Manager
24692: 22:12:35.542 - Destroying TCP inactivity timer
24692: 22:12:35.542 - Destroying ENet timer wheel
24692: 22:12:35.542 - Destroying ENet host
24692: 22:12:35.542 - Destroying ENet outbound host
24692: 22:12:35.542 - Destroying HTTP inactivity timer
24692: 22:12:35.542 - Destroying HTTP host
24692: 22:12:35.542 - Destroying HTTP Chunk host
24692: 22:12:35.542 - Flushing ENET buffer allocator...
24692: 22:12:35.543 - Flushing TCP buffer handle allocator...
24692: 22:12:35.543 - Flushing stream socket allocator...
24692: 22:12:35.543 - Flushing inbound datagram socket allocator...
24692: 22:12:35.544 - Flushing outbound datagram socket allocator...
24692: 22:12:35.544 - Destroying CLR dispatcher
24692: 22:12:35.544 - Destroying CLR applications
24692: 22:12:35.544 - ~CCLRApplicationCollection() - Waiting up to 10 seconds for the CLR to release all of our objects
26944: 22:12:35.564 - CManagedHost::OnDefaultAction() - OPR_AppDomainUnload - eUnloadAppDomain
26904: 22:12:35.592 - Unloading Domain: ApplicationName = 'FSOGameServer', DomainId='2'
26944: 22:12:35.593 - CManagedHost::OnDomainUnload() - 2
24692: 22:12:35.833 - ~CCLRApplicationCollection() - Done. All objects released
24692: 22:12:35.833 - ~CManagedHost() - Release default app domain
24692: 22:12:35.833 - CManagedHost::OnDomainUnload() - 1
24692: 22:12:35.833 - ~CManagedHost() - Waiting up to 10 seconds for CLR shutdown...
24692: 22:12:35.833 - ~CManagedHost
24692: 22:12:35.833 - Destroying ENet thread pool
24692: 22:12:35.833 - Destroying Business logic thread pool
24692: 22:12:35.833 - Destroying I/O thread pool
24692: 22:12:35.833 - Destroying ENet buffer allocator
24692: 22:12:35.833 - Destroying TCP buffer allocator
24692: 22:12:35.833 - Destroying TCP socket allocator
24692: 22:12:35.833 - Destroying ENet inbound socket allocator
24692: 22:12:35.833 - Destroying ENet outbound socket allocator
24692: 22:12:35.833 - Destroying shared datagram flow control data
24692: 22:12:35.833 - Shutdown complete...
24692: 22:12:35.834 - Service shutting down
24692: 22:12:35.835 - Service shut down complete
