41352: 00:14:21.393 - ---
41352: 00:14:21.393 - Service: "Photon Socket Server" starting
41352: 00:14:21.393 - Config File: D:\FantasyOfSango\Server\TestServer\Photon_v4\FantasyOfSango_Photon\deploy\bin_Win64\PhotonServer.config
41352: 00:14:21.394 - Will produce at most: 10 crash dumps
41352: 00:14:21.394 - Service shutting down
41352: 00:14:21.397 - Service shut down complete
31476: 01:40:03.432 - ---
31476: 01:40:03.434 - Service: "Photon Socket Server" starting
31476: 01:40:03.434 - Config File: D:\FantasyOfSango\Server\TestServer\Photon_v4\FantasyOfSango_Photon\deploy\bin_Win64\PhotonServer.config
31476: 01:40:03.436 - Will produce at most: 10 crash dumps
31476: 01:40:03.436 - Service shutting down
31476: 01:40:03.439 - Service shut down complete
49760: 01:56:40.133 - ---
49760: 01:56:40.133 - Service: "Photon Socket Server" starting
49760: 01:56:40.133 - Config File: D:\FantasyOfSango\Server\TestServer\Photon_v4\FantasyOfSango_Photon\deploy\bin_Win64\PhotonServer.config
49760: 01:56:40.135 - Will produce at most: 10 crash dumps
49760: 01:56:40.135 - Service shutting down
49760: 01:56:40.136 - Service shut down complete
23104: 01:59:01.548 - ---
23104: 01:59:01.548 - Service: "Photon Socket Server" starting
23104: 01:59:01.548 - Config File: D:\FantasyOfSango\Server\TestServer\Photon_v4\FantasyOfSango_Photon\deploy\bin_Win64\PhotonServer.config
23104: 01:59:01.550 - Will produce at most: 10 crash dumps
23104: 01:59:01.550 - Service shutting down
23104: 01:59:01.552 - Service shut down complete
22380: 02:37:09.171 - ---
22380: 02:37:09.171 - Service: "Photon Socket Server" starting
22380: 02:37:09.171 - Config File: D:\FantasyOfSango\Server\TestServer\Photon_v4\FantasyOfSango_Photon\deploy\bin_Win64\PhotonServer.config
22380: 02:37:09.173 - Will produce at most: 10 crash dumps
22380: 02:37:09.173 - Service shutting down
22380: 02:37:09.175 - Service shut down complete
34412: 17:40:51.333 - ---
34412: 17:40:51.333 - Service: "Photon Socket Server" starting
34412: 17:40:51.333 - Config File: D:\FantasyOfSango\Server\TestServer\Photon_v4\FantasyOfSango_Photon\deploy\bin_Win64\PhotonServer.config
34412: 17:40:51.335 - Will produce at most: 10 crash dumps
34412: 17:40:51.335 - Service shutting down
34412: 17:40:51.338 - Service shut down complete
26656: 18:07:48.561 - ---
26656: 18:07:48.561 - Service: "Photon Socket Server" starting
26656: 18:07:48.562 - Config File: D:\FantasyOfSango\Server\TestServer\Photon_v4\FantasyOfSango_Photon\deploy\bin_Win64\PhotonServer.config
26656: 18:07:48.564 - Will produce at most: 10 crash dumps
26656: 18:07:48.564 - Service shutting down
26656: 18:07:48.566 - Service shut down complete
4940: 18:15:28.623 - ---
4940: 18:15:28.623 - Service: "Photon Socket Server" starting
4940: 18:15:28.623 - Config File: D:\FantasyOfSango\Server\TestServer\Photon_v4\FantasyOfSango_Photon\deploy\bin_Win64\PhotonServer.config
4940: 18:15:28.625 - Will produce at most: 10 crash dumps
4940: 18:15:28.625 - Service shutting down
4940: 18:15:28.627 - Service shut down complete
