16600: 14:46:50.153 - ---
16600: 14:46:50.153 - Service: "Photon Socket Server" starting
16600: 14:46:50.153 - Config File: D:\FantasyOfSango\Server\TestServer\Photon_v4\FantasyOfSango_Photon\deploy\bin_Win64\PhotonServer.config
16600: 14:46:50.155 - Will produce at most: 10 crash dumps
16600: 14:46:50.155 - Service shutting down
16600: 14:46:50.157 - Service shut down complete
26580: 14:54:16.072 - ---
26580: 14:54:16.072 - Service: "Photon Socket Server" starting
26580: 14:54:16.072 - Config File: D:\FantasyOfSango\Server\TestServer\Photon_v4\FantasyOfSango_Photon\deploy\bin_Win64\PhotonServer.config
26580: 14:54:16.075 - Will produce at most: 10 crash dumps
26580: 14:54:16.075 - Service shutting down
26580: 14:54:16.076 - Service shut down complete
29472: 14:59:28.103 - ---
29472: 14:59:28.103 - Service: "Photon Socket Server" starting
29472: 14:59:28.103 - Config File: D:\FantasyOfSango\Server\TestServer\Photon_v4\FantasyOfSango_Photon\deploy\bin_Win64\PhotonServer.config
29472: 14:59:28.106 - Will produce at most: 10 crash dumps
29472: 14:59:28.106 - Service shutting down
29472: 14:59:28.107 - Service shut down complete
9852: 17:09:08.940 - ---
9852: 17:09:08.940 - Service: "Photon Socket Server" starting
9852: 17:09:08.940 - Config File: D:\FantasyOfSango\Server\TestServer\Photon_v4\FantasyOfSango_Photon\deploy\bin_Win64\PhotonServer.config
9852: 17:09:08.942 - Will produce at most: 10 crash dumps
9852: 17:09:08.942 - Service shutting down
9852: 17:09:08.944 - Service shut down complete
3248: 17:11:26.869 - ---
3248: 17:11:26.869 - Service: "Photon Socket Server" starting
3248: 17:11:26.869 - Config File: D:\FantasyOfSango\Server\TestServer\Photon_v4\FantasyOfSango_Photon\deploy\bin_Win64\PhotonServer.config
3248: 17:11:26.872 - Will produce at most: 10 crash dumps
3248: 17:11:26.872 - Service shutting down
3248: 17:11:26.873 - Service shut down complete
29292: 17:22:32.296 - ---
29292: 17:22:32.296 - Service: "Photon Socket Server" starting
29292: 17:22:32.296 - Config File: D:\FantasyOfSango\Server\TestServer\Photon_v4\FantasyOfSango_Photon\deploy\bin_Win64\PhotonServer.config
29292: 17:22:32.298 - Will produce at most: 10 crash dumps
29292: 17:22:32.298 - Service shutting down
29292: 17:22:32.302 - Service shut down complete
3480: 17:31:10.196 - ---
3480: 17:31:10.196 - Service: "Photon Socket Server" starting
3480: 17:31:10.196 - Config File: D:\FantasyOfSango\Server\TestServer\Photon_v4\FantasyOfSango_Photon\deploy\bin_Win64\PhotonServer.config
3480: 17:31:10.198 - Will produce at most: 10 crash dumps
3480: 17:31:10.198 - Service shutting down
3480: 17:31:10.199 - Service shut down complete
20328: 17:38:46.771 - ---
20328: 17:38:46.771 - Service: "Photon Socket Server" starting
20328: 17:38:46.771 - Config File: D:\FantasyOfSango\Server\TestServer\Photon_v4\FantasyOfSango_Photon\deploy\bin_Win64\PhotonServer.config
20328: 17:38:46.773 - Will produce at most: 10 crash dumps
20328: 17:38:46.773 - Service shutting down
20328: 17:38:46.775 - Service shut down complete
14616: 17:44:06.061 - ---
14616: 17:44:06.061 - Service: "Photon Socket Server" starting
14616: 17:44:06.062 - Config File: D:\FantasyOfSango\Server\TestServer\Photon_v4\FantasyOfSango_Photon\deploy\bin_Win64\PhotonServer.config
14616: 17:44:06.064 - Will produce at most: 10 crash dumps
14616: 17:44:06.064 - Service shutting down
14616: 17:44:06.066 - Service shut down complete
24472: 17:46:29.705 - ---
24472: 17:46:29.705 - Service: "Photon Socket Server" starting
24472: 17:46:29.705 - Config File: D:\FantasyOfSango\Server\TestServer\Photon_v4\FantasyOfSango_Photon\deploy\bin_Win64\PhotonServer.config
24472: 17:46:29.707 - Will produce at most: 10 crash dumps
24472: 17:46:29.707 - Service shutting down
24472: 17:46:29.710 - Service shut down complete
29880: 17:51:20.617 - ---
29880: 17:51:20.617 - Service: "Photon Socket Server" starting
29880: 17:51:20.617 - Config File: D:\FantasyOfSango\Server\TestServer\Photon_v4\FantasyOfSango_Photon\deploy\bin_Win64\PhotonServer.config
29880: 17:51:20.618 - Will produce at most: 10 crash dumps
29880: 17:51:20.618 - Service shutting down
29880: 17:51:20.620 - Service shut down complete
8672: 17:59:36.933 - ---
8672: 17:59:36.933 - Service: "Photon Socket Server" starting
8672: 17:59:36.933 - Config File: D:\FantasyOfSango\Server\TestServer\Photon_v4\FantasyOfSango_Photon\deploy\bin_Win64\PhotonServer.config
8672: 17:59:36.936 - Will produce at most: 10 crash dumps
8672: 17:59:36.936 - Service shutting down
8672: 17:59:36.939 - Service shut down complete
11116: 18:02:53.532 - ---
11116: 18:02:53.532 - Service: "Photon Socket Server" starting
11116: 18:02:53.533 - Config File: D:\FantasyOfSango\Server\TestServer\Photon_v4\FantasyOfSango_Photon\deploy\bin_Win64\PhotonServer.config
11116: 18:02:53.534 - Will produce at most: 10 crash dumps
11116: 18:02:53.534 - Service shutting down
11116: 18:02:53.536 - Service shut down complete
