20116: 17:38:16.529 - ---
20116: 17:38:16.529 - Service: "Photon Socket Server" starting
20116: 17:38:16.529 - Config File: E:\FantasyOfSango\FantasyOfSango_Photon\deploy\bin_Win64\PhotonServer.config
20116: 17:38:16.531 - Will produce at most: 10 crash dumps
20116: 17:38:16.531 - Action: run as exe
20116: 17:38:16.531 - Server Starting...
20116: 17:38:16.531 -    Tick count: 86972609 (wraps in: 48.7036 days)
20116: 17:38:16.531 - Tick count 64: 86972609
20116: 17:38:16.531 - Photon Version: 4.0.28.2962
20116: 17:38:16.531 - PID: 23828
20116: 17:38:16.531 - Config File: E:\FantasyOfSango\FantasyOfSango_Photon\deploy\bin_Win64\PhotonServer.config
20116: 17:38:16.532 - Will NOT log unimportant exceptions
20116: 17:38:16.534 - Not using performance counters as they are not currently installed. Run the service with /InstallCounters to install them.
20116: 17:38:16.534 - Shutdown timeout enabled: 30000ms
20116: 17:38:16.534 - Starting I/O thread pool with 2 threads
20116: 17:38:16.534 - Using Standard allocator
20116: 17:38:16.534 - Max message size: 512000
20116: 17:38:16.534 - Starting business logic thread pool with the following settings
20116: 17:38:16.534 - InitialThreads: 4 threads
20116: 17:38:16.534 - MinThreads: 4 threads
20116: 17:38:16.534 - Thread pool is fixed size
20116: 17:38:16.534 - Starting ENet thread pool with the following settings
20116: 17:38:16.534 - InitialThreads: 2 threads
20116: 17:38:16.534 - MinThreads: 2 threads
20116: 17:38:16.534 - Thread pool is fixed size
20116: 17:38:16.534 - OnlyDispatchTimers: False
20116: 17:38:16.534 - S2S: flow control: Max pending writes: 50
20116: 17:38:16.534 - S2S: flow control: Max queued buffers: 200
20116: 17:38:16.534 - S2S: flow control: Max pending writes MUX: 500
20116: 17:38:16.534 - S2S: flow control: Max queued buffers MUX: 2000
20116: 17:38:16.534 - S2S: MaxInboundMessageSize: 512000
20116: 17:38:16.534 - S2S: MaxOutboundMessageSize: 512000
20116: 17:38:16.534 - S2S: No inactivity timeout
20116: 17:38:16.537 - WebSocket S2S: MaxInboundMessageSize: 512000
20116: 17:38:16.537 - WebSocket S2S: MaxOutboundMessageSize: 512000
20116: 17:38:16.537 - WebSocket S2S: No inactivity timeout
20116: 17:38:16.537 - Max Reliable Data In Transit (awaiting ACKs) per peer : 51200 bytes
20116: 17:38:16.537 - Per peer bandwidth limit
20116: 17:38:16.537 - Transmit Rate Limit: 256 KB/Sec
20116: 17:38:16.537 - Limit period: 200ms
20116: 17:38:16.537 - Limit per period: 52428 bytes
20116: 17:38:16.537 - Max queued data for transmission per peer: 512000 bytes
20116: 17:38:16.537 - Minimum retransmit timeout: 200
20116: 17:38:16.537 - No Maximum retransmit timeout
20116: 17:38:16.537 - Minimum ENet timeout: 5000ms
20116: 17:38:16.537 - Maximum ENet timeout: 30000ms
20116: 17:38:16.537 - Max Inbound Reliable Data Queued (awaiting resends of earlier sequence numbers) per peer : 163840 bytes
20116: 17:38:16.537 - No RTT ACK adjustment timeout
20116: 17:38:16.537 - Outbound ENet: MaxInboundMessageSize: 512000
20116: 17:38:16.537 - Outbound ENet: MaxOutboundMessageSize: 512000
20116: 17:38:16.538 - GetRuntime - About to load CLR - versions available:
20116: 17:38:16.538 - v2.0.50727
20116: 17:38:16.538 - v4.0.30319
20116: 17:38:16.538 - Configuration requests: "v2.0.50727"
20116: 17:38:16.538 - About to load version: "v2.0.50727"
20116: 17:38:16.542 - About to load runtime: PhotonHostRuntime.PhotonDomainManager from PhotonHostRuntime, Culture=neutral, PublicKeyToken=02C301B61B060C4D
20116: 17:38:16.542 - CLRBaseDirectory set to "E:\FantasyOfSango\FantasyOfSango_Photon\deploy"
20116: 17:38:16.542 - Optimising event broadcast for 20 or more peers
20116: 17:38:16.543 - Start: About to load CLR - versions available:
20116: 17:38:16.543 - v2.0.50727
20116: 17:38:16.543 - v4.0.30319
20116: 17:38:16.543 - No preference in configuration file, will load latest.
20116: 17:38:16.543 - About to load version: "v4.0.30319"
20116: 17:38:16.544 - Loaded version: "v4.0.30319"
20116: 17:38:16.665 - Photon host runtime loaded
20116: 17:38:19.773 - License is valid.
20116: 17:38:19.773 - Licensed for 100 concurrent connections.
20116: 17:38:19.773 - ENet: Max Reliable Data In Transit (awaiting ACKs) per peer : 51200 bytes
20116: 17:38:19.773 - ENet: Per peer bandwidth limit
20116: 17:38:19.773 - ENet: Transmit Rate Limit: 256 KB/Sec
20116: 17:38:19.773 - ENet: Limit period: 200ms
20116: 17:38:19.773 - ENet: Limit per period: 52428 bytes
20116: 17:38:19.773 - ENet: Max queued data for transmission per peer: 512000 bytes
20116: 17:38:19.773 - ENet: Minimum retransmit timeout: 200
20116: 17:38:19.773 - No Maximum retransmit timeout
20116: 17:38:19.773 - ENet: Minimum timeout: 5000ms
20116: 17:38:19.773 - ENet: Maximum timeout: 30000ms
20116: 17:38:19.773 - ENet: Max Inbound Reliable Data Queued (awaiting resends of earlier sequence numbers) per peer : 163840 bytes
20116: 17:38:19.773 - No RTT ACK adjustment timeout
20116: 17:38:19.775 - About to load application: MMoDemo from Photon.MmoDemo.Server
20116: 17:38:19.775 - Auto restart is enabled for application, existing connections will be terminated during restart
20116: 17:38:19.775 - Application will restart 1000ms after the last change detected
20116: 17:38:19.775 - Application will restart if files matching the following are changed: "dll;config"
20116: 17:38:19.775 - Application will NOT restart if files matching the following are changed: "log4net.config"
20116: 17:38:19.794 - CService::OnException() - Exception: CManagedHost::CreateApplicationInNewAppDomain() - Failed to create new application domain for : "MMoDemo" - Can't find Photon.MmoDemo.Server.dll in  or E:\FantasyOfSango\FantasyOfSango_Photon\deploy\MmoDemo\bin
20116: 17:38:19.794 - Server shutting down...
20116: 17:38:19.794 - Shutdown monitoring enabled, 30000ms before process abort
20116: 17:38:19.794 - Notifying CLR applications of shutdown...
20116: 17:38:19.794 - RequestStop: defalt app domain
20116: 17:38:19.795 - Shutting down WebSocket Outbound Connection Manager...
20116: 17:38:19.795 - Shutting down TCP Outbound Connection Manager...
20116: 17:38:19.795 - Shutting down ENet Outbound Connection Manager...
20116: 17:38:19.795 - Disconnecting all outbound peers...
20116: 17:38:19.795 - Shutting down ENet host...
20116: 17:38:19.795 - Disconnecting all peers...
20116: 17:38:19.795 - Shutting down socket servers...
20116: 17:38:19.795 - Shutting down ENet thread pool...
20116: 17:38:19.795 - Shutting down TCP inactivity timers...
20116: 17:38:19.795 - Shutting down CLR applications...
20116: 17:38:19.795 - Shutting down business logic thread pool...
20116: 17:38:19.795 - Shutting down I/O thread pool...
20116: 17:38:19.795 - Destroying servers
20116: 17:38:19.795 - Destroying WebSocket Outbound Connection Manager
20116: 17:38:19.795 - Destroying TCP Outbound Connection Manager
20116: 17:38:19.795 - Destroying TCP inactivity timer
20116: 17:38:19.795 - Destroying ENet timer wheel
20116: 17:38:19.795 - Destroying ENet host
20116: 17:38:19.795 - Destroying ENet outbound host
20116: 17:38:19.795 - Destroying HTTP inactivity timer
20116: 17:38:19.795 - Destroying HTTP host
20116: 17:38:19.795 - Destroying HTTP Chunk host
20116: 17:38:19.795 - Flushing ENET buffer allocator...
20116: 17:38:19.795 - Flushing TCP buffer handle allocator...
20116: 17:38:19.795 - Flushing stream socket allocator...
20116: 17:38:19.795 - Flushing inbound datagram socket allocator...
20116: 17:38:19.795 - Flushing outbound datagram socket allocator...
20116: 17:38:19.795 - Destroying CLR dispatcher
20116: 17:38:19.795 - Destroying CLR applications
20116: 17:38:19.795 - ~CCLRApplicationCollection() - Waiting up to 10 seconds for the CLR to release all of our objects
20116: 17:38:19.795 - ~CCLRApplicationCollection() - Done. All objects released
20116: 17:38:19.795 - ~CManagedHost() - Release default app domain
20116: 17:38:19.796 - CManagedHost::OnDomainUnload() - 1
20116: 17:38:19.796 - ~CManagedHost() - Waiting up to 10 seconds for CLR shutdown...
20116: 17:38:19.796 - ~CManagedHost
20116: 17:38:19.796 - Destroying ENet thread pool
20116: 17:38:19.796 - Destroying Business logic thread pool
20116: 17:38:19.796 - Destroying I/O thread pool
20116: 17:38:19.796 - Destroying ENet buffer allocator
20116: 17:38:19.796 - Destroying TCP buffer allocator
20116: 17:38:19.796 - Destroying TCP socket allocator
20116: 17:38:19.796 - Destroying ENet inbound socket allocator
20116: 17:38:19.796 - Destroying ENet outbound socket allocator
20116: 17:38:19.796 - Destroying shared datagram flow control data
20116: 17:38:19.796 - Shutdown complete...
20116: 17:38:19.796 - Service shutting down
20116: 17:38:19.798 - Service shut down complete
