29632: 01:09:41.106 - ---
29632: 01:09:41.106 - Service: "Photon Socket Server" starting
29632: 01:09:41.106 - Config File: E:\FantasyOfSango\FantasyOfSango_Photon\deploy\bin_Win64\PhotonServer.config
29632: 01:09:41.107 - Will produce at most: 10 crash dumps
29632: 01:09:41.107 - Action: run as exe
29632: 01:09:41.107 - Server Starting...
29632: 01:09:41.107 -    Tick count: 27657187 (wraps in: 49.3902 days)
29632: 01:09:41.107 - Tick count 64: 27657187
29632: 01:09:41.107 - Photon Version: 4.0.28.2962
29632: 01:09:41.107 - PID: 28680
29632: 01:09:41.107 - Config File: E:\FantasyOfSango\FantasyOfSango_Photon\deploy\bin_Win64\PhotonServer.config
29632: 01:09:41.108 - Will NOT log unimportant exceptions
29632: 01:09:41.109 - Not using performance counters as they are not currently installed. Run the service with /InstallCounters to install them.
29632: 01:09:41.110 - Shutdown timeout enabled: 30000ms
29632: 01:09:41.110 - Starting I/O thread pool with 2 threads
29632: 01:09:41.110 - Using Standard allocator
29632: 01:09:41.110 - Max message size: 512000
29632: 01:09:41.110 - Starting business logic thread pool with the following settings
29632: 01:09:41.110 - InitialThreads: 4 threads
29632: 01:09:41.110 - MinThreads: 4 threads
29632: 01:09:41.110 - Thread pool is fixed size
29632: 01:09:41.110 - Starting ENet thread pool with the following settings
29632: 01:09:41.110 - InitialThreads: 2 threads
29632: 01:09:41.110 - MinThreads: 2 threads
29632: 01:09:41.110 - Thread pool is fixed size
29632: 01:09:41.110 - OnlyDispatchTimers: False
29632: 01:09:41.110 - S2S: flow control: Max pending writes: 50
29632: 01:09:41.110 - S2S: flow control: Max queued buffers: 200
29632: 01:09:41.110 - S2S: flow control: Max pending writes MUX: 500
29632: 01:09:41.110 - S2S: flow control: Max queued buffers MUX: 2000
29632: 01:09:41.110 - S2S: MaxInboundMessageSize: 512000
29632: 01:09:41.110 - S2S: MaxOutboundMessageSize: 512000
29632: 01:09:41.110 - S2S: No inactivity timeout
29632: 01:09:41.113 - WebSocket S2S: MaxInboundMessageSize: 512000
29632: 01:09:41.113 - WebSocket S2S: MaxOutboundMessageSize: 512000
29632: 01:09:41.113 - WebSocket S2S: No inactivity timeout
29632: 01:09:41.113 - Max Reliable Data In Transit (awaiting ACKs) per peer : 51200 bytes
29632: 01:09:41.113 - Per peer bandwidth limit
29632: 01:09:41.113 - Transmit Rate Limit: 256 KB/Sec
29632: 01:09:41.113 - Limit period: 200ms
29632: 01:09:41.113 - Limit per period: 52428 bytes
29632: 01:09:41.113 - Max queued data for transmission per peer: 512000 bytes
29632: 01:09:41.113 - Minimum retransmit timeout: 200
29632: 01:09:41.113 - No Maximum retransmit timeout
29632: 01:09:41.113 - Minimum ENet timeout: 5000ms
29632: 01:09:41.113 - Maximum ENet timeout: 30000ms
29632: 01:09:41.113 - Max Inbound Reliable Data Queued (awaiting resends of earlier sequence numbers) per peer : 163840 bytes
29632: 01:09:41.113 - No RTT ACK adjustment timeout
29632: 01:09:41.113 - Outbound ENet: MaxInboundMessageSize: 512000
29632: 01:09:41.113 - Outbound ENet: MaxOutboundMessageSize: 512000
29632: 01:09:41.115 - GetRuntime - About to load CLR - versions available:
29632: 01:09:41.115 - v2.0.50727
29632: 01:09:41.115 - v4.0.30319
29632: 01:09:41.115 - Configuration requests: "v2.0.50727"
29632: 01:09:41.115 - About to load version: "v2.0.50727"
29632: 01:09:41.119 - About to load runtime: PhotonHostRuntime.PhotonDomainManager from PhotonHostRuntime, Culture=neutral, PublicKeyToken=02C301B61B060C4D
29632: 01:09:41.119 - CLRBaseDirectory set to "E:\FantasyOfSango\FantasyOfSango_Photon\deploy"
29632: 01:09:41.119 - Optimising event broadcast for 20 or more peers
29632: 01:09:41.120 - Start: About to load CLR - versions available:
29632: 01:09:41.120 - v2.0.50727
29632: 01:09:41.120 - v4.0.30319
29632: 01:09:41.120 - No preference in configuration file, will load latest.
29632: 01:09:41.120 - About to load version: "v4.0.30319"
29632: 01:09:41.121 - Loaded version: "v4.0.30319"
29632: 01:09:41.237 - Photon host runtime loaded
29632: 01:09:42.909 - License is valid.
29632: 01:09:42.909 - Licensed for 100 concurrent connections.
29632: 01:09:42.909 - ENet: Max Reliable Data In Transit (awaiting ACKs) per peer : 51200 bytes
29632: 01:09:42.909 - ENet: Per peer bandwidth limit
29632: 01:09:42.909 - ENet: Transmit Rate Limit: 256 KB/Sec
29632: 01:09:42.909 - ENet: Limit period: 200ms
29632: 01:09:42.909 - ENet: Limit per period: 52428 bytes
29632: 01:09:42.909 - ENet: Max queued data for transmission per peer: 512000 bytes
29632: 01:09:42.909 - ENet: Minimum retransmit timeout: 200
29632: 01:09:42.909 - No Maximum retransmit timeout
29632: 01:09:42.909 - ENet: Minimum timeout: 5000ms
29632: 01:09:42.909 - ENet: Maximum timeout: 30000ms
29632: 01:09:42.909 - ENet: Max Inbound Reliable Data Queued (awaiting resends of earlier sequence numbers) per peer : 163840 bytes
29632: 01:09:42.909 - No RTT ACK adjustment timeout
29632: 01:09:42.909 - About to load application: FSOGameServer from FantasyOfSango
29632: 01:09:42.909 - Auto restart is enabled for application, existing connections will be terminated during restart
29632: 01:09:42.909 - Application will restart 1000ms after the last change detected
29632: 01:09:42.909 - Application will restart if files matching the following are changed: "dll;config"
29632: 01:09:42.909 - Application will NOT restart if files matching the following are changed: "log4net.config"
29632: 01:09:43.125 - Taking reference on default app domain
29632: 01:09:43.378 - Application: "FSOGameServer" started in app domain: 2
29632: 01:09:43.378 - About to load application: CounterPublisher from CounterPublisher
29632: 01:09:43.378 - Auto restart is enabled for application, existing connections will be terminated during restart
29632: 01:09:43.378 - Application will restart 1000ms after the last change detected
29632: 01:09:43.378 - Application will restart if files matching the following are changed: "dll;config"
29632: 01:09:43.378 - Application will NOT restart if files matching the following are changed: "log4net.config"
29632: 01:09:43.650 - Taking reference on default app domain
29632: 01:09:44.071 - Application: "CounterPublisher" started in app domain: 3
29632: 01:09:44.071 - Adding TCP listener on: 0.0.0.0: 4530 with a listen backlog of: 150
29632: 01:09:44.071 - TCP inactivity timeout: 10000ms
29632: 01:09:44.071 - TCP disconnect timeout: 120000ms
29632: 01:09:44.071 - MaxInboundMessageSize: 512000
29632: 01:09:44.071 - MaxOutboundMessageSize: 512000
29632: 01:09:44.071 - Forcing all applications ids to: "FSOGameServer"
29632: 01:09:44.074 - Serving policy file requests from: "E:\FantasyOfSango\FantasyOfSango_Photon\deploy\Policy\assets\socket-policy.xml"
29632: 01:09:44.074 - Forcing all applications ids to: "FSOGameServer"
29632: 01:09:44.074 - MaxInboundMessageSize: 512000
29632: 01:09:44.074 - MaxOutboundMessageSize: 512000
29632: 01:09:44.074 - UDP address specified as: "0.0.0.0" adding listener to each available IPv4 address
29632: 01:09:44.075 - Adding UDP listener on: 172.21.176.1: 5055 with a listen backlog of: 500
29632: 01:09:44.075 - Adding UDP listener on: 192.168.0.105: 5055 with a listen backlog of: 500
29632: 01:09:44.075 - Adding UDP listener on: 172.20.208.1: 5055 with a listen backlog of: 500
29632: 01:09:44.075 - Adding UDP listener on: 127.0.0.1: 5055 with a listen backlog of: 500
29632: 01:09:44.075 - Adding WebSocket TCP listener on: 0.0.0.0: 9090 with a listen backlog of: 150
29632: 01:09:44.075 - Nagle disabled
29632: 01:09:44.075 - TCP inactivity timeout: 10000ms
29632: 01:09:44.075 - MaxInboundMessageSize: 512000
29632: 01:09:44.075 - MaxOutboundMessageSize: 512000
29632: 01:09:44.075 - Forcing all applications ids to: "FSOGameServer"
29632: 01:09:44.075 - Will accept ANY sub-protocols from the client
29632: 01:09:44.075 - No automatic WebSocket ping
29632: 01:09:44.075 - Adding Policy File listener on: 0.0.0.0: 843 with a listen backlog of: 150 and serving Policy File: "E:\FantasyOfSango\FantasyOfSango_Photon\deploy\Policy\assets\socket-policy.xml"
29632: 01:09:44.075 - TCP inactivity timeout: 10000ms
29632: 01:09:44.076 - Adding Policy File listener on: 0.0.0.0: 943 with a listen backlog of: 150 and serving Policy File: "E:\FantasyOfSango\FantasyOfSango_Photon\deploy\Policy\assets\socket-policy-silverlight.xml"
29632: 01:09:44.076 - TCP inactivity timeout: 10000ms
29632: 01:09:44.099 - Service is running...
29632: 01:22:28.102 - Service is stopped...
29632: 01:22:28.102 - Server shutting down...
29632: 01:22:28.102 - Shutdown monitoring enabled, 30000ms before process abort
29632: 01:22:28.102 - Notifying CLR applications of shutdown...
29632: 01:22:28.102 - RequestApplicationStop: 3
29632: 01:22:28.104 - RequestApplicationStop: 2
29632: 01:22:28.106 - RequestStop: defalt app domain
29632: 01:22:28.107 - Shutting down WebSocket Outbound Connection Manager...
29632: 01:22:28.107 - Shutting down TCP Outbound Connection Manager...
29632: 01:22:28.107 - Shutting down ENet Outbound Connection Manager...
29632: 01:22:28.107 - Disconnecting all outbound peers...
29632: 01:22:28.107 - Shutting down ENet host...
29632: 01:22:28.107 - Disconnecting all peers...
29632: 01:22:28.107 - Shutting down socket servers...
29632: 01:22:28.107 - Shutting down ENet thread pool...
29632: 01:22:28.107 - Shutting down TCP inactivity timers...
29632: 01:22:28.107 - WaitingForShutdownToComplete: NativePolicy:0.0.0.0:843
29632: 01:22:28.107 - OnShutdownCompleted: NativePolicy:0.0.0.0:843
29632: 01:22:28.107 - WaitingForShutdownToComplete: NativePolicy:0.0.0.0:943
29632: 01:22:28.107 - OnShutdownCompleted: NativePolicy:0.0.0.0:943
29632: 01:22:28.107 - WaitingForShutdownToComplete: TCP:0.0.0.0:4530
29632: 01:22:28.107 - OnShutdownCompleted: TCP:0.0.0.0:4530
29632: 01:22:28.107 - WaitingForShutdownToComplete: UDP:127.0.0.1:5055
29632: 01:22:28.107 - OnShutdownCompleted: UDP:127.0.0.1:5055
29632: 01:22:28.107 - WaitingForShutdownToComplete: UDP:172.20.208.1:5055
29632: 01:22:28.107 - OnShutdownCompleted: UDP:172.20.208.1:5055
29632: 01:22:28.107 - WaitingForShutdownToComplete: UDP:172.21.176.1:5055
29632: 01:22:28.107 - OnShutdownCompleted: UDP:172.21.176.1:5055
29632: 01:22:28.107 - WaitingForShutdownToComplete: UDP:192.168.0.105:5055
29632: 01:22:28.107 - OnShutdownCompleted: UDP:192.168.0.105:5055
29632: 01:22:28.107 - WaitingForShutdownToComplete: WebSocket:0.0.0.0:9090
29632: 01:22:28.107 - OnShutdownCompleted: WebSocket:0.0.0.0:9090
29632: 01:22:28.107 - Shutting down CLR applications...
26180: 01:22:28.109 - CManagedHost::OnDefaultAction() - OPR_AppDomainUnload - eUnloadAppDomain
29632: 01:22:28.111 - CManagedHost::OnDefaultAction() - OPR_ThreadAbort - eAbortThread
32440: 01:22:28.118 - Unloading Domain: ApplicationName = 'CounterPublisher', DomainId='3'
26180: 01:22:28.118 - CManagedHost::OnDomainUnload() - 3
14192: 01:22:28.136 - CManagedHost::OnFailure() - FAIL_CriticalResource - eThrowException
14192: 01:22:28.136 - CManagedHost::OnFailure() - FAIL_CriticalResource - eThrowException
29632: 01:22:28.231 - Shutting down business logic thread pool...
29632: 01:22:28.231 - Shutting down I/O thread pool...
29632: 01:22:28.231 - Destroying servers
29632: 01:22:28.231 - Destroying WebSocket Outbound Connection Manager
29632: 01:22:28.231 - Destroying TCP Outbound Connection Manager
29632: 01:22:28.231 - Destroying TCP inactivity timer
29632: 01:22:28.231 - Destroying ENet timer wheel
29632: 01:22:28.231 - Destroying ENet host
29632: 01:22:28.231 - Destroying ENet outbound host
29632: 01:22:28.231 - Destroying HTTP inactivity timer
29632: 01:22:28.231 - Destroying HTTP host
29632: 01:22:28.231 - Destroying HTTP Chunk host
29632: 01:22:28.231 - Flushing ENET buffer allocator...
29632: 01:22:28.232 - Flushing TCP buffer handle allocator...
29632: 01:22:28.232 - Flushing stream socket allocator...
29632: 01:22:28.232 - Flushing inbound datagram socket allocator...
29632: 01:22:28.234 - Flushing outbound datagram socket allocator...
29632: 01:22:28.234 - Destroying CLR dispatcher
29632: 01:22:28.234 - Destroying CLR applications
29632: 01:22:28.235 - ~CCLRApplicationCollection() - Waiting up to 10 seconds for the CLR to release all of our objects
26180: 01:22:28.235 - CManagedHost::OnDefaultAction() - OPR_AppDomainUnload - eUnloadAppDomain
32440: 01:22:28.239 - Unloading Domain: ApplicationName = 'FSOGameServer', DomainId='2'
26180: 01:22:28.240 - CManagedHost::OnDomainUnload() - 2
29632: 01:22:28.241 - ~CCLRApplicationCollection() - Done. All objects released
29632: 01:22:28.241 - ~CManagedHost() - Release default app domain
29632: 01:22:28.241 - CManagedHost::OnDomainUnload() - 1
29632: 01:22:28.241 - ~CManagedHost() - Waiting up to 10 seconds for CLR shutdown...
29632: 01:22:28.241 - ~CManagedHost
29632: 01:22:28.242 - Destroying ENet thread pool
29632: 01:22:28.242 - Destroying Business logic thread pool
29632: 01:22:28.242 - Destroying I/O thread pool
29632: 01:22:28.242 - Destroying ENet buffer allocator
29632: 01:22:28.242 - Destroying TCP buffer allocator
29632: 01:22:28.242 - Destroying TCP socket allocator
29632: 01:22:28.242 - Destroying ENet inbound socket allocator
29632: 01:22:28.242 - Destroying ENet outbound socket allocator
29632: 01:22:28.242 - Destroying shared datagram flow control data
29632: 01:22:28.242 - Shutdown complete...
29632: 01:22:28.242 - Service shutting down
29632: 01:22:28.244 - Service shut down complete
19452: 17:34:45.664 - ---
19452: 17:34:45.665 - Service: "Photon Socket Server" starting
19452: 17:34:45.665 - Config File: E:\FantasyOfSango\FantasyOfSango_Photon\deploy\bin_Win64\PhotonServer.config
19452: 17:34:45.667 - Will produce at most: 10 crash dumps
19452: 17:34:45.667 - Action: run as exe
19452: 17:34:45.667 - Server Starting...
19452: 17:34:45.667 -    Tick count: 86761750 (wraps in: 48.7061 days)
19452: 17:34:45.667 - Tick count 64: 86761750
19452: 17:34:45.667 - Photon Version: 4.0.28.2962
19452: 17:34:45.667 - PID: 23364
19452: 17:34:45.667 - Config File: E:\FantasyOfSango\FantasyOfSango_Photon\deploy\bin_Win64\PhotonServer.config
19452: 17:34:45.667 - Will NOT log unimportant exceptions
19452: 17:34:45.669 - Not using performance counters as they are not currently installed. Run the service with /InstallCounters to install them.
19452: 17:34:45.669 - Shutdown timeout enabled: 30000ms
19452: 17:34:45.669 - Starting I/O thread pool with 2 threads
19452: 17:34:45.669 - Using Standard allocator
19452: 17:34:45.669 - Max message size: 512000
19452: 17:34:45.669 - Starting business logic thread pool with the following settings
19452: 17:34:45.669 - InitialThreads: 4 threads
19452: 17:34:45.669 - MinThreads: 4 threads
19452: 17:34:45.669 - Thread pool is fixed size
19452: 17:34:45.669 - Starting ENet thread pool with the following settings
19452: 17:34:45.669 - InitialThreads: 2 threads
19452: 17:34:45.669 - MinThreads: 2 threads
19452: 17:34:45.669 - Thread pool is fixed size
19452: 17:34:45.669 - OnlyDispatchTimers: False
19452: 17:34:45.669 - S2S: flow control: Max pending writes: 50
19452: 17:34:45.669 - S2S: flow control: Max queued buffers: 200
19452: 17:34:45.669 - S2S: flow control: Max pending writes MUX: 500
19452: 17:34:45.669 - S2S: flow control: Max queued buffers MUX: 2000
19452: 17:34:45.669 - S2S: MaxInboundMessageSize: 512000
19452: 17:34:45.669 - S2S: MaxOutboundMessageSize: 512000
19452: 17:34:45.669 - S2S: No inactivity timeout
19452: 17:34:45.672 - WebSocket S2S: MaxInboundMessageSize: 512000
19452: 17:34:45.672 - WebSocket S2S: MaxOutboundMessageSize: 512000
19452: 17:34:45.672 - WebSocket S2S: No inactivity timeout
19452: 17:34:45.672 - Max Reliable Data In Transit (awaiting ACKs) per peer : 51200 bytes
19452: 17:34:45.672 - Per peer bandwidth limit
19452: 17:34:45.672 - Transmit Rate Limit: 256 KB/Sec
19452: 17:34:45.672 - Limit period: 200ms
19452: 17:34:45.672 - Limit per period: 52428 bytes
19452: 17:34:45.672 - Max queued data for transmission per peer: 512000 bytes
19452: 17:34:45.672 - Minimum retransmit timeout: 200
19452: 17:34:45.672 - No Maximum retransmit timeout
19452: 17:34:45.672 - Minimum ENet timeout: 5000ms
19452: 17:34:45.672 - Maximum ENet timeout: 30000ms
19452: 17:34:45.672 - Max Inbound Reliable Data Queued (awaiting resends of earlier sequence numbers) per peer : 163840 bytes
19452: 17:34:45.672 - No RTT ACK adjustment timeout
19452: 17:34:45.672 - Outbound ENet: MaxInboundMessageSize: 512000
19452: 17:34:45.672 - Outbound ENet: MaxOutboundMessageSize: 512000
19452: 17:34:45.674 - GetRuntime - About to load CLR - versions available:
19452: 17:34:45.674 - v2.0.50727
19452: 17:34:45.674 - v4.0.30319
19452: 17:34:45.674 - Configuration requests: "v2.0.50727"
19452: 17:34:45.674 - About to load version: "v2.0.50727"
19452: 17:34:45.716 - About to load runtime: PhotonHostRuntime.PhotonDomainManager from PhotonHostRuntime, Culture=neutral, PublicKeyToken=02C301B61B060C4D
19452: 17:34:45.716 - CLRBaseDirectory set to "E:\FantasyOfSango\FantasyOfSango_Photon\deploy"
19452: 17:34:45.716 - Optimising event broadcast for 20 or more peers
19452: 17:34:45.717 - Start: About to load CLR - versions available:
19452: 17:34:45.717 - v2.0.50727
19452: 17:34:45.717 - v4.0.30319
19452: 17:34:45.717 - No preference in configuration file, will load latest.
19452: 17:34:45.717 - About to load version: "v4.0.30319"
19452: 17:34:45.718 - Loaded version: "v4.0.30319"
19452: 17:34:45.840 - Photon host runtime loaded
19452: 17:34:47.509 - License is valid.
19452: 17:34:47.509 - Licensed for 100 concurrent connections.
19452: 17:34:47.509 - ENet: Max Reliable Data In Transit (awaiting ACKs) per peer : 51200 bytes
19452: 17:34:47.509 - ENet: Per peer bandwidth limit
19452: 17:34:47.509 - ENet: Transmit Rate Limit: 256 KB/Sec
19452: 17:34:47.509 - ENet: Limit period: 200ms
19452: 17:34:47.509 - ENet: Limit per period: 52428 bytes
19452: 17:34:47.509 - ENet: Max queued data for transmission per peer: 512000 bytes
19452: 17:34:47.509 - ENet: Minimum retransmit timeout: 200
19452: 17:34:47.510 - No Maximum retransmit timeout
19452: 17:34:47.510 - ENet: Minimum timeout: 5000ms
19452: 17:34:47.510 - ENet: Maximum timeout: 30000ms
19452: 17:34:47.510 - ENet: Max Inbound Reliable Data Queued (awaiting resends of earlier sequence numbers) per peer : 163840 bytes
19452: 17:34:47.510 - No RTT ACK adjustment timeout
19452: 17:34:47.510 - About to load application: FSOGameServer from FantasyOfSango
19452: 17:34:47.510 - Auto restart is enabled for application, existing connections will be terminated during restart
19452: 17:34:47.510 - Application will restart 1000ms after the last change detected
19452: 17:34:47.510 - Application will restart if files matching the following are changed: "dll;config"
19452: 17:34:47.510 - Application will NOT restart if files matching the following are changed: "log4net.config"
39516: 17:34:47.512 - FAILED license server contact - trying next URL.
39548: 17:34:47.513 - Waiting to shutdown Photon.
19452: 17:34:47.798 - Taking reference on default app domain
19452: 17:34:48.192 - Application: "FSOGameServer" started in app domain: 2
19452: 17:34:48.192 - About to load application: CounterPublisher from CounterPublisher
19452: 17:34:48.192 - Auto restart is enabled for application, existing connections will be terminated during restart
19452: 17:34:48.192 - Application will restart 1000ms after the last change detected
19452: 17:34:48.192 - Application will restart if files matching the following are changed: "dll;config"
19452: 17:34:48.192 - Application will NOT restart if files matching the following are changed: "log4net.config"
39548: 17:34:48.523 - Waiting to shutdown Photon.
19452: 17:34:48.630 - Taking reference on default app domain
19452: 17:34:49.206 - Application: "CounterPublisher" started in app domain: 3
19452: 17:34:49.206 - Adding TCP listener on: 0.0.0.0: 4530 with a listen backlog of: 150
19452: 17:34:49.206 - TCP inactivity timeout: 10000ms
19452: 17:34:49.206 - TCP disconnect timeout: 120000ms
19452: 17:34:49.206 - MaxInboundMessageSize: 512000
19452: 17:34:49.206 - MaxOutboundMessageSize: 512000
19452: 17:34:49.206 - Forcing all applications ids to: "FSOGameServer"
19452: 17:34:49.210 - Serving policy file requests from: "E:\FantasyOfSango\FantasyOfSango_Photon\deploy\Policy\assets\socket-policy.xml"
19452: 17:34:49.211 - Forcing all applications ids to: "FSOGameServer"
19452: 17:34:49.211 - MaxInboundMessageSize: 512000
19452: 17:34:49.211 - MaxOutboundMessageSize: 512000
19452: 17:34:49.211 - UDP address specified as: "0.0.0.0" adding listener to each available IPv4 address
19452: 17:34:49.212 - Adding UDP listener on: 172.20.208.1: 5055 with a listen backlog of: 500
19452: 17:34:49.212 - Adding UDP listener on: 172.21.176.1: 5055 with a listen backlog of: 500
19452: 17:34:49.212 - Adding UDP listener on: 192.168.0.105: 5055 with a listen backlog of: 500
19452: 17:34:49.212 - Adding UDP listener on: 192.168.0.112: 5055 with a listen backlog of: 500
19452: 17:34:49.212 - Adding UDP listener on: 127.0.0.1: 5055 with a listen backlog of: 500
19452: 17:34:49.212 - Adding WebSocket TCP listener on: 0.0.0.0: 9090 with a listen backlog of: 150
19452: 17:34:49.212 - Nagle disabled
19452: 17:34:49.212 - TCP inactivity timeout: 10000ms
19452: 17:34:49.212 - MaxInboundMessageSize: 512000
19452: 17:34:49.212 - MaxOutboundMessageSize: 512000
19452: 17:34:49.212 - Forcing all applications ids to: "FSOGameServer"
19452: 17:34:49.212 - Will accept ANY sub-protocols from the client
19452: 17:34:49.212 - No automatic WebSocket ping
19452: 17:34:49.212 - Adding Policy File listener on: 0.0.0.0: 843 with a listen backlog of: 150 and serving Policy File: "E:\FantasyOfSango\FantasyOfSango_Photon\deploy\Policy\assets\socket-policy.xml"
19452: 17:34:49.212 - TCP inactivity timeout: 10000ms
19452: 17:34:49.219 - Adding Policy File listener on: 0.0.0.0: 943 with a listen backlog of: 150 and serving Policy File: "E:\FantasyOfSango\FantasyOfSango_Photon\deploy\Policy\assets\socket-policy-silverlight.xml"
19452: 17:34:49.219 - TCP inactivity timeout: 10000ms
19452: 17:34:49.244 - Service is running...
39548: 17:34:49.524 - Waiting to shutdown Photon.
39548: 17:34:50.525 - Waiting to shutdown Photon.
39548: 17:34:51.532 - Waiting to shutdown Photon.
39548: 17:34:52.539 - Shutdown request from PhotonHostRuntime: Connect to Photon License Server failed, can't verify floating license.
39548: 17:34:52.539 - Shutdown requested.
19452: 17:34:52.542 - Service is stopped...
19452: 17:34:52.542 - Server shutting down...
19452: 17:34:52.542 - Shutdown monitoring enabled, 30000ms before process abort
19452: 17:34:52.542 - Notifying CLR applications of shutdown...
19452: 17:34:52.542 - RequestApplicationStop: 3
19452: 17:34:52.544 - RequestApplicationStop: 2
19452: 17:34:52.545 - RequestStop: defalt app domain
19452: 17:34:52.545 - Shutting down WebSocket Outbound Connection Manager...
19452: 17:34:52.545 - Shutting down TCP Outbound Connection Manager...
19452: 17:34:52.545 - Shutting down ENet Outbound Connection Manager...
19452: 17:34:52.545 - Disconnecting all outbound peers...
19452: 17:34:52.545 - Shutting down ENet host...
19452: 17:34:52.545 - Disconnecting all peers...
19452: 17:34:52.545 - Shutting down socket servers...
19452: 17:34:52.545 - Shutting down ENet thread pool...
19452: 17:34:52.546 - Shutting down TCP inactivity timers...
19452: 17:34:52.546 - WaitingForShutdownToComplete: NativePolicy:0.0.0.0:843
19452: 17:34:52.546 - OnShutdownCompleted: NativePolicy:0.0.0.0:843
19452: 17:34:52.546 - WaitingForShutdownToComplete: NativePolicy:0.0.0.0:943
19452: 17:34:52.546 - OnShutdownCompleted: NativePolicy:0.0.0.0:943
19452: 17:34:52.546 - WaitingForShutdownToComplete: TCP:0.0.0.0:4530
19452: 17:34:52.546 - OnShutdownCompleted: TCP:0.0.0.0:4530
19452: 17:34:52.546 - WaitingForShutdownToComplete: UDP:127.0.0.1:5055
19452: 17:34:52.546 - OnShutdownCompleted: UDP:127.0.0.1:5055
19452: 17:34:52.546 - WaitingForShutdownToComplete: UDP:172.20.208.1:5055
19452: 17:34:52.546 - OnShutdownCompleted: UDP:172.20.208.1:5055
19452: 17:34:52.546 - WaitingForShutdownToComplete: UDP:172.21.176.1:5055
19452: 17:34:52.546 - OnShutdownCompleted: UDP:172.21.176.1:5055
19452: 17:34:52.546 - WaitingForShutdownToComplete: UDP:192.168.0.105:5055
19452: 17:34:52.546 - OnShutdownCompleted: UDP:192.168.0.105:5055
19452: 17:34:52.546 - WaitingForShutdownToComplete: UDP:192.168.0.112:5055
19452: 17:34:52.546 - OnShutdownCompleted: UDP:192.168.0.112:5055
19452: 17:34:52.546 - WaitingForShutdownToComplete: WebSocket:0.0.0.0:9090
19452: 17:34:52.546 - OnShutdownCompleted: WebSocket:0.0.0.0:9090
19452: 17:34:52.546 - Shutting down CLR applications...
34300: 17:34:52.547 - CManagedHost::OnDefaultAction() - OPR_AppDomainUnload - eUnloadAppDomain
19452: 17:34:52.547 - CManagedHost::OnDefaultAction() - OPR_ThreadAbort - eAbortThread
37852: 17:34:52.555 - Unloading Domain: ApplicationName = 'CounterPublisher', DomainId='3'
34300: 17:34:52.555 - CManagedHost::OnDomainUnload() - 3
39288: 17:34:52.916 - CManagedHost::OnFailure() - FAIL_CriticalResource - eThrowException
39288: 17:34:52.916 - CManagedHost::OnFailure() - FAIL_CriticalResource - eThrowException
19452: 17:34:53.008 - Shutting down business logic thread pool...
19452: 17:34:53.008 - Shutting down I/O thread pool...
19452: 17:34:53.008 - Destroying servers
19452: 17:34:53.008 - Destroying WebSocket Outbound Connection Manager
19452: 17:34:53.008 - Destroying TCP Outbound Connection Manager
19452: 17:34:53.008 - Destroying TCP inactivity timer
19452: 17:34:53.008 - Destroying ENet timer wheel
19452: 17:34:53.008 - Destroying ENet host
19452: 17:34:53.008 - Destroying ENet outbound host
19452: 17:34:53.008 - Destroying HTTP inactivity timer
19452: 17:34:53.008 - Destroying HTTP host
19452: 17:34:53.008 - Destroying HTTP Chunk host
19452: 17:34:53.008 - Flushing ENET buffer allocator...
19452: 17:34:53.010 - Flushing TCP buffer handle allocator...
19452: 17:34:53.010 - Flushing stream socket allocator...
19452: 17:34:53.010 - Flushing inbound datagram socket allocator...
19452: 17:34:53.011 - Flushing outbound datagram socket allocator...
19452: 17:34:53.011 - Destroying CLR dispatcher
19452: 17:34:53.011 - Destroying CLR applications
19452: 17:34:53.012 - ~CCLRApplicationCollection() - Waiting up to 10 seconds for the CLR to release all of our objects
34300: 17:34:53.013 - CManagedHost::OnDefaultAction() - OPR_AppDomainUnload - eUnloadAppDomain
37852: 17:34:53.017 - Unloading Domain: ApplicationName = 'FSOGameServer', DomainId='2'
34300: 17:34:53.018 - CManagedHost::OnDomainUnload() - 2
19452: 17:34:53.018 - ~CCLRApplicationCollection() - Done. All objects released
19452: 17:34:53.018 - ~CManagedHost() - Release default app domain
19452: 17:34:53.018 - CManagedHost::OnDomainUnload() - 1
19452: 17:34:53.018 - ~CManagedHost() - Waiting up to 10 seconds for CLR shutdown...
19452: 17:34:53.018 - ~CManagedHost
19452: 17:34:53.018 - Destroying ENet thread pool
19452: 17:34:53.018 - Destroying Business logic thread pool
19452: 17:34:53.018 - Destroying I/O thread pool
19452: 17:34:53.018 - Destroying ENet buffer allocator
19452: 17:34:53.018 - Destroying TCP buffer allocator
19452: 17:34:53.018 - Destroying TCP socket allocator
19452: 17:34:53.018 - Destroying ENet inbound socket allocator
19452: 17:34:53.018 - Destroying ENet outbound socket allocator
19452: 17:34:53.018 - Destroying shared datagram flow control data
19452: 17:34:53.018 - Shutdown complete...
19452: 17:34:53.018 - Service shutting down
19452: 17:34:53.021 - Service shut down complete
34960: 17:35:56.338 - ---
34960: 17:35:56.338 - Service: "Photon Socket Server" starting
34960: 17:35:56.338 - Config File: E:\FantasyOfSango\FantasyOfSango_Photon\deploy\bin_Win64\PhotonServer.config
34960: 17:35:56.339 - Will produce at most: 10 crash dumps
34960: 17:35:56.341 - Action: run as exe
34960: 17:35:56.341 - Server Starting...
34960: 17:35:56.341 -    Tick count: 86832421 (wraps in: 48.7053 days)
34960: 17:35:56.341 - Tick count 64: 86832421
34960: 17:35:56.341 - Photon Version: 4.0.28.2962
34960: 17:35:56.341 - PID: 23748
34960: 17:35:56.341 - Config File: E:\FantasyOfSango\FantasyOfSango_Photon\deploy\bin_Win64\PhotonServer.config
34960: 17:35:56.341 - Will NOT log unimportant exceptions
34960: 17:35:56.343 - Not using performance counters as they are not currently installed. Run the service with /InstallCounters to install them.
34960: 17:35:56.343 - Shutdown timeout enabled: 30000ms
34960: 17:35:56.343 - Starting I/O thread pool with 2 threads
34960: 17:35:56.343 - Using Standard allocator
34960: 17:35:56.343 - Max message size: 512000
34960: 17:35:56.343 - Starting business logic thread pool with the following settings
34960: 17:35:56.343 - InitialThreads: 4 threads
34960: 17:35:56.343 - MinThreads: 4 threads
34960: 17:35:56.343 - Thread pool is fixed size
34960: 17:35:56.343 - Starting ENet thread pool with the following settings
34960: 17:35:56.343 - InitialThreads: 2 threads
34960: 17:35:56.343 - MinThreads: 2 threads
34960: 17:35:56.343 - Thread pool is fixed size
34960: 17:35:56.343 - OnlyDispatchTimers: False
34960: 17:35:56.344 - S2S: flow control: Max pending writes: 50
34960: 17:35:56.344 - S2S: flow control: Max queued buffers: 200
34960: 17:35:56.344 - S2S: flow control: Max pending writes MUX: 500
34960: 17:35:56.344 - S2S: flow control: Max queued buffers MUX: 2000
34960: 17:35:56.344 - S2S: MaxInboundMessageSize: 512000
34960: 17:35:56.344 - S2S: MaxOutboundMessageSize: 512000
34960: 17:35:56.344 - S2S: No inactivity timeout
34960: 17:35:56.346 - WebSocket S2S: MaxInboundMessageSize: 512000
34960: 17:35:56.346 - WebSocket S2S: MaxOutboundMessageSize: 512000
34960: 17:35:56.346 - WebSocket S2S: No inactivity timeout
34960: 17:35:56.346 - Max Reliable Data In Transit (awaiting ACKs) per peer : 51200 bytes
34960: 17:35:56.346 - Per peer bandwidth limit
34960: 17:35:56.346 - Transmit Rate Limit: 256 KB/Sec
34960: 17:35:56.346 - Limit period: 200ms
34960: 17:35:56.346 - Limit per period: 52428 bytes
34960: 17:35:56.346 - Max queued data for transmission per peer: 512000 bytes
34960: 17:35:56.346 - Minimum retransmit timeout: 200
34960: 17:35:56.346 - No Maximum retransmit timeout
34960: 17:35:56.346 - Minimum ENet timeout: 5000ms
34960: 17:35:56.346 - Maximum ENet timeout: 30000ms
34960: 17:35:56.346 - Max Inbound Reliable Data Queued (awaiting resends of earlier sequence numbers) per peer : 163840 bytes
34960: 17:35:56.346 - No RTT ACK adjustment timeout
34960: 17:35:56.346 - Outbound ENet: MaxInboundMessageSize: 512000
34960: 17:35:56.346 - Outbound ENet: MaxOutboundMessageSize: 512000
34960: 17:35:56.347 - GetRuntime - About to load CLR - versions available:
34960: 17:35:56.347 - v2.0.50727
34960: 17:35:56.347 - v4.0.30319
34960: 17:35:56.347 - Configuration requests: "v2.0.50727"
34960: 17:35:56.347 - About to load version: "v2.0.50727"
34960: 17:35:56.352 - About to load runtime: PhotonHostRuntime.PhotonDomainManager from PhotonHostRuntime, Culture=neutral, PublicKeyToken=02C301B61B060C4D
34960: 17:35:56.352 - CLRBaseDirectory set to "E:\FantasyOfSango\FantasyOfSango_Photon\deploy"
34960: 17:35:56.353 - Optimising event broadcast for 20 or more peers
34960: 17:35:56.353 - Start: About to load CLR - versions available:
34960: 17:35:56.353 - v2.0.50727
34960: 17:35:56.353 - v4.0.30319
34960: 17:35:56.353 - No preference in configuration file, will load latest.
34960: 17:35:56.353 - About to load version: "v4.0.30319"
34960: 17:35:56.354 - Loaded version: "v4.0.30319"
34960: 17:35:56.461 - Photon host runtime loaded
34960: 17:35:58.148 - License is valid.
34960: 17:35:58.148 - Licensed for 100 concurrent connections.
34960: 17:35:58.148 - ENet: Max Reliable Data In Transit (awaiting ACKs) per peer : 51200 bytes
34960: 17:35:58.148 - ENet: Per peer bandwidth limit
34960: 17:35:58.148 - ENet: Transmit Rate Limit: 256 KB/Sec
34960: 17:35:58.148 - ENet: Limit period: 200ms
34960: 17:35:58.148 - ENet: Limit per period: 52428 bytes
34960: 17:35:58.148 - ENet: Max queued data for transmission per peer: 512000 bytes
34960: 17:35:58.148 - ENet: Minimum retransmit timeout: 200
34960: 17:35:58.148 - No Maximum retransmit timeout
34960: 17:35:58.148 - ENet: Minimum timeout: 5000ms
34960: 17:35:58.148 - ENet: Maximum timeout: 30000ms
34960: 17:35:58.148 - ENet: Max Inbound Reliable Data Queued (awaiting resends of earlier sequence numbers) per peer : 163840 bytes
34960: 17:35:58.148 - No RTT ACK adjustment timeout
34960: 17:35:58.148 - About to load application: FSOGameServer from FantasyOfSango
34960: 17:35:58.149 - Auto restart is enabled for application, existing connections will be terminated during restart
34960: 17:35:58.149 - Application will restart 1000ms after the last change detected
34960: 17:35:58.149 - Application will restart if files matching the following are changed: "dll;config"
34960: 17:35:58.149 - Application will NOT restart if files matching the following are changed: "log4net.config"
14972: 17:35:58.150 - FAILED license server contact - trying next URL.
34820: 17:35:58.152 - Waiting to shutdown Photon.
34960: 17:35:58.408 - Taking reference on default app domain
34960: 17:35:58.569 - Application: "FSOGameServer" started in app domain: 2
34960: 17:35:58.569 - About to load application: CounterPublisher from CounterPublisher
34960: 17:35:58.569 - Auto restart is enabled for application, existing connections will be terminated during restart
34960: 17:35:58.569 - Application will restart 1000ms after the last change detected
34960: 17:35:58.569 - Application will restart if files matching the following are changed: "dll;config"
34960: 17:35:58.569 - Application will NOT restart if files matching the following are changed: "log4net.config"
34960: 17:35:58.748 - Taking reference on default app domain
34960: 17:35:58.898 - Application: "CounterPublisher" started in app domain: 3
34960: 17:35:58.898 - Adding TCP listener on: 0.0.0.0: 4530 with a listen backlog of: 150
34960: 17:35:58.898 - TCP inactivity timeout: 10000ms
34960: 17:35:58.898 - TCP disconnect timeout: 120000ms
34960: 17:35:58.898 - MaxInboundMessageSize: 512000
34960: 17:35:58.898 - MaxOutboundMessageSize: 512000
34960: 17:35:58.898 - Forcing all applications ids to: "FSOGameServer"
34960: 17:35:58.898 - Serving policy file requests from: "E:\FantasyOfSango\FantasyOfSango_Photon\deploy\Policy\assets\socket-policy.xml"
34960: 17:35:58.898 - Forcing all applications ids to: "FSOGameServer"
34960: 17:35:58.898 - MaxInboundMessageSize: 512000
34960: 17:35:58.898 - MaxOutboundMessageSize: 512000
34960: 17:35:58.899 - UDP address specified as: "0.0.0.0" adding listener to each available IPv4 address
34960: 17:35:58.900 - Adding UDP listener on: 172.20.208.1: 5055 with a listen backlog of: 500
34960: 17:35:58.900 - Adding UDP listener on: 172.21.176.1: 5055 with a listen backlog of: 500
34960: 17:35:58.900 - Adding UDP listener on: 192.168.0.105: 5055 with a listen backlog of: 500
34960: 17:35:58.900 - Adding UDP listener on: 192.168.0.112: 5055 with a listen backlog of: 500
34960: 17:35:58.900 - Adding UDP listener on: 127.0.0.1: 5055 with a listen backlog of: 500
34960: 17:35:58.900 - Adding WebSocket TCP listener on: 0.0.0.0: 9090 with a listen backlog of: 150
34960: 17:35:58.900 - Nagle disabled
34960: 17:35:58.900 - TCP inactivity timeout: 10000ms
34960: 17:35:58.900 - MaxInboundMessageSize: 512000
34960: 17:35:58.900 - MaxOutboundMessageSize: 512000
34960: 17:35:58.900 - Forcing all applications ids to: "FSOGameServer"
34960: 17:35:58.900 - Will accept ANY sub-protocols from the client
34960: 17:35:58.900 - No automatic WebSocket ping
34960: 17:35:58.900 - Adding Policy File listener on: 0.0.0.0: 843 with a listen backlog of: 150 and serving Policy File: "E:\FantasyOfSango\FantasyOfSango_Photon\deploy\Policy\assets\socket-policy.xml"
34960: 17:35:58.900 - TCP inactivity timeout: 10000ms
34960: 17:35:58.901 - Adding Policy File listener on: 0.0.0.0: 943 with a listen backlog of: 150 and serving Policy File: "E:\FantasyOfSango\FantasyOfSango_Photon\deploy\Policy\assets\socket-policy-silverlight.xml"
34960: 17:35:58.901 - TCP inactivity timeout: 10000ms
34960: 17:35:58.926 - Service is running...
34820: 17:35:59.156 - Waiting to shutdown Photon.
34820: 17:36:00.171 - Waiting to shutdown Photon.
34820: 17:36:01.185 - Waiting to shutdown Photon.
34820: 17:36:02.197 - Shutdown request from PhotonHostRuntime: Connect to Photon License Server failed, can't verify floating license.
34820: 17:36:02.197 - Shutdown requested.
34960: 17:36:02.200 - Service is stopped...
34960: 17:36:02.200 - Server shutting down...
34960: 17:36:02.200 - Shutdown monitoring enabled, 30000ms before process abort
34960: 17:36:02.200 - Notifying CLR applications of shutdown...
34960: 17:36:02.200 - RequestApplicationStop: 3
34960: 17:36:02.202 - RequestApplicationStop: 2
34960: 17:36:02.203 - RequestStop: defalt app domain
34960: 17:36:02.203 - Shutting down WebSocket Outbound Connection Manager...
34960: 17:36:02.203 - Shutting down TCP Outbound Connection Manager...
34960: 17:36:02.203 - Shutting down ENet Outbound Connection Manager...
34960: 17:36:02.203 - Disconnecting all outbound peers...
34960: 17:36:02.203 - Shutting down ENet host...
34960: 17:36:02.203 - Disconnecting all peers...
34960: 17:36:02.203 - Shutting down socket servers...
34960: 17:36:02.204 - Shutting down ENet thread pool...
34960: 17:36:02.205 - Shutting down TCP inactivity timers...
34960: 17:36:02.205 - WaitingForShutdownToComplete: NativePolicy:0.0.0.0:843
34960: 17:36:02.205 - OnShutdownCompleted: NativePolicy:0.0.0.0:843
34960: 17:36:02.205 - WaitingForShutdownToComplete: NativePolicy:0.0.0.0:943
34960: 17:36:02.205 - OnShutdownCompleted: NativePolicy:0.0.0.0:943
34960: 17:36:02.205 - WaitingForShutdownToComplete: TCP:0.0.0.0:4530
34960: 17:36:02.205 - OnShutdownCompleted: TCP:0.0.0.0:4530
34960: 17:36:02.205 - WaitingForShutdownToComplete: UDP:127.0.0.1:5055
34960: 17:36:02.205 - OnShutdownCompleted: UDP:127.0.0.1:5055
34960: 17:36:02.205 - WaitingForShutdownToComplete: UDP:172.20.208.1:5055
34960: 17:36:02.205 - OnShutdownCompleted: UDP:172.20.208.1:5055
34960: 17:36:02.205 - WaitingForShutdownToComplete: UDP:172.21.176.1:5055
34960: 17:36:02.205 - OnShutdownCompleted: UDP:172.21.176.1:5055
34960: 17:36:02.205 - WaitingForShutdownToComplete: UDP:192.168.0.105:5055
34960: 17:36:02.205 - OnShutdownCompleted: UDP:192.168.0.105:5055
34960: 17:36:02.205 - WaitingForShutdownToComplete: UDP:192.168.0.112:5055
34960: 17:36:02.205 - OnShutdownCompleted: UDP:192.168.0.112:5055
34960: 17:36:02.205 - WaitingForShutdownToComplete: WebSocket:0.0.0.0:9090
34960: 17:36:02.205 - OnShutdownCompleted: WebSocket:0.0.0.0:9090
34960: 17:36:02.205 - Shutting down CLR applications...
23560: 17:36:02.206 - CManagedHost::OnDefaultAction() - OPR_AppDomainUnload - eUnloadAppDomain
34960: 17:36:02.208 - CManagedHost::OnDefaultAction() - OPR_ThreadAbort - eAbortThread
38248: 17:36:02.214 - CManagedHost::OnFailure() - FAIL_CriticalResource - eThrowException
38248: 17:36:02.214 - CManagedHost::OnFailure() - FAIL_CriticalResource - eThrowException
29492: 17:36:02.214 - Unloading Domain: ApplicationName = 'CounterPublisher', DomainId='3'
23560: 17:36:02.215 - CManagedHost::OnDomainUnload() - 3
34960: 17:36:02.227 - Shutting down business logic thread pool...
34960: 17:36:02.227 - Shutting down I/O thread pool...
34960: 17:36:02.227 - Destroying servers
34960: 17:36:02.227 - Destroying WebSocket Outbound Connection Manager
34960: 17:36:02.227 - Destroying TCP Outbound Connection Manager
34960: 17:36:02.227 - Destroying TCP inactivity timer
34960: 17:36:02.227 - Destroying ENet timer wheel
34960: 17:36:02.227 - Destroying ENet host
34960: 17:36:02.227 - Destroying ENet outbound host
34960: 17:36:02.227 - Destroying HTTP inactivity timer
34960: 17:36:02.227 - Destroying HTTP host
34960: 17:36:02.227 - Destroying HTTP Chunk host
34960: 17:36:02.227 - Flushing ENET buffer allocator...
34960: 17:36:02.229 - Flushing TCP buffer handle allocator...
34960: 17:36:02.229 - Flushing stream socket allocator...
34960: 17:36:02.229 - Flushing inbound datagram socket allocator...
34960: 17:36:02.231 - Flushing outbound datagram socket allocator...
34960: 17:36:02.231 - Destroying CLR dispatcher
34960: 17:36:02.231 - Destroying CLR applications
34960: 17:36:02.232 - ~CCLRApplicationCollection() - Waiting up to 10 seconds for the CLR to release all of our objects
23560: 17:36:02.253 - CManagedHost::OnDefaultAction() - OPR_AppDomainUnload - eUnloadAppDomain
29492: 17:36:02.258 - Unloading Domain: ApplicationName = 'FSOGameServer', DomainId='2'
23560: 17:36:02.259 - CManagedHost::OnDomainUnload() - 2
34960: 17:36:02.260 - ~CCLRApplicationCollection() - Done. All objects released
34960: 17:36:02.260 - ~CManagedHost() - Release default app domain
34960: 17:36:02.260 - CManagedHost::OnDomainUnload() - 1
34960: 17:36:02.260 - ~CManagedHost() - Waiting up to 10 seconds for CLR shutdown...
34960: 17:36:02.260 - ~CManagedHost
34960: 17:36:02.260 - Destroying ENet thread pool
34960: 17:36:02.260 - Destroying Business logic thread pool
34960: 17:36:02.260 - Destroying I/O thread pool
34960: 17:36:02.260 - Destroying ENet buffer allocator
34960: 17:36:02.260 - Destroying TCP buffer allocator
34960: 17:36:02.260 - Destroying TCP socket allocator
34960: 17:36:02.260 - Destroying ENet inbound socket allocator
34960: 17:36:02.260 - Destroying ENet outbound socket allocator
34960: 17:36:02.260 - Destroying shared datagram flow control data
34960: 17:36:02.260 - Shutdown complete...
34960: 17:36:02.260 - Service shutting down
34960: 17:36:02.262 - Service shut down complete
40396: 17:38:34.993 - ---
40396: 17:38:34.993 - Service: "Photon Socket Server" starting
40396: 17:38:34.993 - Config File: E:\FantasyOfSango\FantasyOfSango_Photon\deploy\bin_Win64\PhotonServer.config
40396: 17:38:34.995 - Will produce at most: 10 crash dumps
40396: 17:38:34.995 - Action: run as exe
40396: 17:38:34.995 - Server Starting...
40396: 17:38:34.995 -    Tick count: 86991078 (wraps in: 48.7034 days)
40396: 17:38:34.995 - Tick count 64: 86991078
40396: 17:38:34.995 - Photon Version: 4.0.28.2962
40396: 17:38:34.995 - PID: 20528
40396: 17:38:34.995 - Config File: E:\FantasyOfSango\FantasyOfSango_Photon\deploy\bin_Win64\PhotonServer.config
40396: 17:38:34.996 - Will NOT log unimportant exceptions
40396: 17:38:34.997 - Not using performance counters as they are not currently installed. Run the service with /InstallCounters to install them.
40396: 17:38:34.997 - Shutdown timeout enabled: 30000ms
40396: 17:38:34.997 - Starting I/O thread pool with 2 threads
40396: 17:38:34.997 - Using Standard allocator
40396: 17:38:34.997 - Max message size: 512000
40396: 17:38:34.997 - Starting business logic thread pool with the following settings
40396: 17:38:34.997 - InitialThreads: 4 threads
40396: 17:38:34.997 - MinThreads: 4 threads
40396: 17:38:34.997 - Thread pool is fixed size
40396: 17:38:34.998 - Starting ENet thread pool with the following settings
40396: 17:38:34.998 - InitialThreads: 2 threads
40396: 17:38:34.998 - MinThreads: 2 threads
40396: 17:38:34.998 - Thread pool is fixed size
40396: 17:38:34.998 - OnlyDispatchTimers: False
40396: 17:38:34.998 - S2S: flow control: Max pending writes: 50
40396: 17:38:34.998 - S2S: flow control: Max queued buffers: 200
40396: 17:38:34.998 - S2S: flow control: Max pending writes MUX: 500
40396: 17:38:34.998 - S2S: flow control: Max queued buffers MUX: 2000
40396: 17:38:34.998 - S2S: MaxInboundMessageSize: 512000
40396: 17:38:34.998 - S2S: MaxOutboundMessageSize: 512000
40396: 17:38:34.998 - S2S: No inactivity timeout
40396: 17:38:35.000 - WebSocket S2S: MaxInboundMessageSize: 512000
40396: 17:38:35.000 - WebSocket S2S: MaxOutboundMessageSize: 512000
40396: 17:38:35.000 - WebSocket S2S: No inactivity timeout
40396: 17:38:35.001 - Max Reliable Data In Transit (awaiting ACKs) per peer : 51200 bytes
40396: 17:38:35.001 - Per peer bandwidth limit
40396: 17:38:35.001 - Transmit Rate Limit: 256 KB/Sec
40396: 17:38:35.001 - Limit period: 200ms
40396: 17:38:35.001 - Limit per period: 52428 bytes
40396: 17:38:35.001 - Max queued data for transmission per peer: 512000 bytes
40396: 17:38:35.001 - Minimum retransmit timeout: 200
40396: 17:38:35.001 - No Maximum retransmit timeout
40396: 17:38:35.001 - Minimum ENet timeout: 5000ms
40396: 17:38:35.001 - Maximum ENet timeout: 30000ms
40396: 17:38:35.001 - Max Inbound Reliable Data Queued (awaiting resends of earlier sequence numbers) per peer : 163840 bytes
40396: 17:38:35.001 - No RTT ACK adjustment timeout
40396: 17:38:35.001 - Outbound ENet: MaxInboundMessageSize: 512000
40396: 17:38:35.001 - Outbound ENet: MaxOutboundMessageSize: 512000
40396: 17:38:35.002 - GetRuntime - About to load CLR - versions available:
40396: 17:38:35.002 - v2.0.50727
40396: 17:38:35.002 - v4.0.30319
40396: 17:38:35.002 - Configuration requests: "v2.0.50727"
40396: 17:38:35.002 - About to load version: "v2.0.50727"
40396: 17:38:35.006 - About to load runtime: PhotonHostRuntime.PhotonDomainManager from PhotonHostRuntime, Culture=neutral, PublicKeyToken=02C301B61B060C4D
40396: 17:38:35.006 - CLRBaseDirectory set to "E:\FantasyOfSango\FantasyOfSango_Photon\deploy"
40396: 17:38:35.006 - Optimising event broadcast for 20 or more peers
40396: 17:38:35.007 - Start: About to load CLR - versions available:
40396: 17:38:35.007 - v2.0.50727
40396: 17:38:35.007 - v4.0.30319
40396: 17:38:35.007 - No preference in configuration file, will load latest.
40396: 17:38:35.007 - About to load version: "v4.0.30319"
40396: 17:38:35.008 - Loaded version: "v4.0.30319"
40396: 17:38:35.117 - Photon host runtime loaded
40396: 17:38:36.805 - License is valid.
40396: 17:38:36.805 - Licensed for 100 concurrent connections.
40396: 17:38:36.805 - ENet: Max Reliable Data In Transit (awaiting ACKs) per peer : 51200 bytes
40396: 17:38:36.805 - ENet: Per peer bandwidth limit
40396: 17:38:36.805 - ENet: Transmit Rate Limit: 256 KB/Sec
40396: 17:38:36.805 - ENet: Limit period: 200ms
40396: 17:38:36.805 - ENet: Limit per period: 52428 bytes
40396: 17:38:36.805 - ENet: Max queued data for transmission per peer: 512000 bytes
40396: 17:38:36.805 - ENet: Minimum retransmit timeout: 200
40396: 17:38:36.805 - No Maximum retransmit timeout
40396: 17:38:36.805 - ENet: Minimum timeout: 5000ms
40396: 17:38:36.805 - ENet: Maximum timeout: 30000ms
40396: 17:38:36.805 - ENet: Max Inbound Reliable Data Queued (awaiting resends of earlier sequence numbers) per peer : 163840 bytes
40396: 17:38:36.805 - No RTT ACK adjustment timeout
40396: 17:38:36.805 - About to load application: FSOGameServer from FantasyOfSango
40396: 17:38:36.805 - Auto restart is enabled for application, existing connections will be terminated during restart
40396: 17:38:36.805 - Application will restart 1000ms after the last change detected
40396: 17:38:36.805 - Application will restart if files matching the following are changed: "dll;config"
40396: 17:38:36.805 - Application will NOT restart if files matching the following are changed: "log4net.config"
40396: 17:38:36.995 - Taking reference on default app domain
40396: 17:38:37.147 - Application: "FSOGameServer" started in app domain: 2
40396: 17:38:37.147 - About to load application: CounterPublisher from CounterPublisher
40396: 17:38:37.147 - Auto restart is enabled for application, existing connections will be terminated during restart
40396: 17:38:37.147 - Application will restart 1000ms after the last change detected
40396: 17:38:37.147 - Application will restart if files matching the following are changed: "dll;config"
40396: 17:38:37.147 - Application will NOT restart if files matching the following are changed: "log4net.config"
40396: 17:38:37.326 - Taking reference on default app domain
40396: 17:38:37.469 - Application: "CounterPublisher" started in app domain: 3
40396: 17:38:37.469 - Adding TCP listener on: 0.0.0.0: 4530 with a listen backlog of: 150
40396: 17:38:37.469 - TCP inactivity timeout: 10000ms
40396: 17:38:37.469 - TCP disconnect timeout: 120000ms
40396: 17:38:37.469 - MaxInboundMessageSize: 512000
40396: 17:38:37.469 - MaxOutboundMessageSize: 512000
40396: 17:38:37.469 - Forcing all applications ids to: "FSOGameServer"
40396: 17:38:37.469 - Serving policy file requests from: "E:\FantasyOfSango\FantasyOfSango_Photon\deploy\Policy\assets\socket-policy.xml"
40396: 17:38:37.469 - Forcing all applications ids to: "FSOGameServer"
40396: 17:38:37.469 - MaxInboundMessageSize: 512000
40396: 17:38:37.469 - MaxOutboundMessageSize: 512000
40396: 17:38:37.469 - UDP address specified as: "0.0.0.0" adding listener to each available IPv4 address
40396: 17:38:37.471 - Adding UDP listener on: 172.20.208.1: 5055 with a listen backlog of: 500
40396: 17:38:37.471 - Adding UDP listener on: 172.21.176.1: 5055 with a listen backlog of: 500
40396: 17:38:37.471 - Adding UDP listener on: 192.168.0.105: 5055 with a listen backlog of: 500
40396: 17:38:37.471 - Adding UDP listener on: 172.20.10.5: 5055 with a listen backlog of: 500
40396: 17:38:37.471 - Adding UDP listener on: 127.0.0.1: 5055 with a listen backlog of: 500
40396: 17:38:37.471 - Adding WebSocket TCP listener on: 0.0.0.0: 9090 with a listen backlog of: 150
40396: 17:38:37.471 - Nagle disabled
40396: 17:38:37.471 - TCP inactivity timeout: 10000ms
40396: 17:38:37.471 - MaxInboundMessageSize: 512000
40396: 17:38:37.471 - MaxOutboundMessageSize: 512000
40396: 17:38:37.471 - Forcing all applications ids to: "FSOGameServer"
40396: 17:38:37.471 - Will accept ANY sub-protocols from the client
40396: 17:38:37.471 - No automatic WebSocket ping
40396: 17:38:37.471 - Adding Policy File listener on: 0.0.0.0: 843 with a listen backlog of: 150 and serving Policy File: "E:\FantasyOfSango\FantasyOfSango_Photon\deploy\Policy\assets\socket-policy.xml"
40396: 17:38:37.471 - TCP inactivity timeout: 10000ms
40396: 17:38:37.471 - Adding Policy File listener on: 0.0.0.0: 943 with a listen backlog of: 150 and serving Policy File: "E:\FantasyOfSango\FantasyOfSango_Photon\deploy\Policy\assets\socket-policy-silverlight.xml"
40396: 17:38:37.471 - TCP inactivity timeout: 10000ms
40396: 17:38:37.498 - Service is running...
39792: 17:38:57.847 - FAILED license server contact - trying next URL.
38724: 17:39:20.208 - Shutdown request from PhotonHostRuntime: Connect to Photon License Server failed, can't verify floating license.
38724: 17:39:20.208 - Shutdown requested.
40396: 17:39:20.214 - Service is stopped...
40396: 17:39:20.214 - Server shutting down...
40396: 17:39:20.214 - Shutdown monitoring enabled, 30000ms before process abort
40396: 17:39:20.214 - Notifying CLR applications of shutdown...
40396: 17:39:20.214 - RequestApplicationStop: 3
40396: 17:39:20.215 - RequestApplicationStop: 2
40396: 17:39:20.217 - RequestStop: defalt app domain
40396: 17:39:20.217 - Shutting down WebSocket Outbound Connection Manager...
40396: 17:39:20.217 - Shutting down TCP Outbound Connection Manager...
40396: 17:39:20.217 - Shutting down ENet Outbound Connection Manager...
40396: 17:39:20.217 - Disconnecting all outbound peers...
40396: 17:39:20.217 - Shutting down ENet host...
40396: 17:39:20.217 - Disconnecting all peers...
40396: 17:39:20.217 - CUDPSocketServer::OnError() - CUDPSocketServer::OnSendToCompletionError(): An operation was attempted on something that is not a socket.
40396: 17:39:20.217 - 1 disconnected
40396: 17:39:20.217 - Shutting down socket servers...
40396: 17:39:20.217 - Shutting down ENet thread pool...
40396: 17:39:20.217 - Shutting down TCP inactivity timers...
40396: 17:39:20.217 - ENet Host - Resetting all peers...
40396: 17:39:20.217 - WaitingForShutdownToComplete: NativePolicy:0.0.0.0:843
40396: 17:39:20.218 - OnShutdownCompleted: NativePolicy:0.0.0.0:843
40396: 17:39:20.218 - WaitingForShutdownToComplete: NativePolicy:0.0.0.0:943
40396: 17:39:20.218 - OnShutdownCompleted: NativePolicy:0.0.0.0:943
40396: 17:39:20.218 - WaitingForShutdownToComplete: TCP:0.0.0.0:4530
40396: 17:39:20.218 - OnShutdownCompleted: TCP:0.0.0.0:4530
40396: 17:39:20.218 - WaitingForShutdownToComplete: UDP:127.0.0.1:5055
40396: 17:39:20.218 - OnShutdownCompleted: UDP:127.0.0.1:5055
40396: 17:39:20.218 - WaitingForShutdownToComplete: UDP:172.20.10.5:5055
40396: 17:39:20.218 - OnShutdownCompleted: UDP:172.20.10.5:5055
40396: 17:39:20.218 - WaitingForShutdownToComplete: UDP:172.20.208.1:5055
40396: 17:39:20.218 - OnShutdownCompleted: UDP:172.20.208.1:5055
40396: 17:39:20.218 - WaitingForShutdownToComplete: UDP:172.21.176.1:5055
40396: 17:39:20.218 - OnShutdownCompleted: UDP:172.21.176.1:5055
40396: 17:39:20.218 - WaitingForShutdownToComplete: UDP:192.168.0.105:5055
40396: 17:39:20.218 - OnShutdownCompleted: UDP:192.168.0.105:5055
40396: 17:39:20.218 - WaitingForShutdownToComplete: WebSocket:0.0.0.0:9090
40396: 17:39:20.218 - OnShutdownCompleted: WebSocket:0.0.0.0:9090
40396: 17:39:20.218 - Shutting down CLR applications...
34928: 17:39:20.220 - CManagedHost::OnDefaultAction() - OPR_AppDomainUnload - eUnloadAppDomain
40396: 17:39:20.221 - CManagedHost::OnDefaultAction() - OPR_ThreadAbort - eAbortThread
22652: 17:39:20.229 - Unloading Domain: ApplicationName = 'CounterPublisher', DomainId='3'
34928: 17:39:20.229 - CManagedHost::OnDomainUnload() - 3
36616: 17:39:20.231 - CManagedHost::OnFailure() - FAIL_CriticalResource - eThrowException
36616: 17:39:20.231 - CManagedHost::OnFailure() - FAIL_CriticalResource - eThrowException
40396: 17:39:20.249 - Shutting down business logic thread pool...
40396: 17:39:20.249 - Shutting down I/O thread pool...
40396: 17:39:20.250 - Destroying servers
40396: 17:39:20.251 - Destroying WebSocket Outbound Connection Manager
40396: 17:39:20.251 - Destroying TCP Outbound Connection Manager
40396: 17:39:20.251 - Destroying TCP inactivity timer
40396: 17:39:20.251 - Destroying ENet timer wheel
40396: 17:39:20.251 - Destroying ENet host
40396: 17:39:20.251 - Destroying ENet outbound host
40396: 17:39:20.251 - Destroying HTTP inactivity timer
40396: 17:39:20.251 - Destroying HTTP host
40396: 17:39:20.251 - Destroying HTTP Chunk host
40396: 17:39:20.251 - Flushing ENET buffer allocator...
40396: 17:39:20.253 - Flushing TCP buffer handle allocator...
40396: 17:39:20.253 - Flushing stream socket allocator...
40396: 17:39:20.255 - Flushing inbound datagram socket allocator...
40396: 17:39:20.256 - Flushing outbound datagram socket allocator...
40396: 17:39:20.256 - Destroying CLR dispatcher
40396: 17:39:20.256 - Destroying CLR applications
40396: 17:39:20.256 - ~CCLRApplicationCollection() - Waiting up to 10 seconds for the CLR to release all of our objects
34928: 17:39:20.271 - CManagedHost::OnDefaultAction() - OPR_AppDomainUnload - eUnloadAppDomain
22652: 17:39:20.278 - Unloading Domain: ApplicationName = 'FSOGameServer', DomainId='2'
34928: 17:39:20.282 - CManagedHost::OnDomainUnload() - 2
40396: 17:39:21.918 - ~CCLRApplicationCollection() - Done. All objects released
40396: 17:39:21.918 - ~CManagedHost() - Release default app domain
40396: 17:39:21.918 - CManagedHost::OnDomainUnload() - 1
40396: 17:39:21.918 - ~CManagedHost() - Waiting up to 10 seconds for CLR shutdown...
40396: 17:39:21.918 - ~CManagedHost
40396: 17:39:21.918 - Destroying ENet thread pool
40396: 17:39:21.918 - Destroying Business logic thread pool
40396: 17:39:21.918 - Destroying I/O thread pool
40396: 17:39:21.918 - Destroying ENet buffer allocator
40396: 17:39:21.918 - Destroying TCP buffer allocator
40396: 17:39:21.918 - Destroying TCP socket allocator
40396: 17:39:21.918 - Destroying ENet inbound socket allocator
40396: 17:39:21.918 - Destroying ENet outbound socket allocator
40396: 17:39:21.918 - Destroying shared datagram flow control data
40396: 17:39:21.918 - Shutdown complete...
40396: 17:39:21.918 - Service shutting down
40396: 17:39:21.922 - Service shut down complete
