18984: 22:56:23.567 - ---
18984: 22:56:23.567 - Service: "Photon Socket Server" starting
18984: 22:56:23.567 - Config File: E:\FantasyOfSango\FantasyOfSango_Photon\deploy\bin_Win64\PhotonServer.config
18984: 22:56:23.569 - Will produce at most: 10 crash dumps
18984: 22:56:23.569 - Service shutting down
18984: 22:56:23.573 - Service shut down complete
17120: 23:35:35.626 - ---
17120: 23:35:35.626 - Service: "Photon Socket Server" starting
17120: 23:35:35.626 - Config File: E:\FantasyOfSango\FantasyOfSango_Photon\deploy\bin_Win64\PhotonServer.config
17120: 23:35:35.627 - Will produce at most: 10 crash dumps
17120: 23:35:35.627 - Service shutting down
17120: 23:35:35.630 - Service shut down complete
13144: 23:44:57.967 - ---
13144: 23:44:57.967 - Service: "Photon Socket Server" starting
13144: 23:44:57.968 - Config File: E:\FantasyOfSango\FantasyOfSango_Photon\deploy\bin_Win64\PhotonServer.config
13144: 23:44:57.970 - Will produce at most: 10 crash dumps
13144: 23:44:57.970 - Service shutting down
13144: 23:44:57.971 - Service shut down complete
8516: 23:47:18.471 - ---
8516: 23:47:18.471 - Service: "Photon Socket Server" starting
8516: 23:47:18.471 - Config File: E:\FantasyOfSango\FantasyOfSango_Photon\deploy\bin_Win64\PhotonServer.config
8516: 23:47:18.474 - Will produce at most: 10 crash dumps
8516: 23:47:18.474 - Service shutting down
8516: 23:47:18.476 - Service shut down complete
