33028: 02:03:39.001 - Service is stopped...
33028: 02:03:39.036 - Server shutting down...
33028: 02:03:39.036 - Shutdown monitoring enabled, 30000ms before process abort
33028: 02:03:39.054 - Notifying CLR applications of shutdown...
33028: 02:03:39.055 - RequestApplicationStop: 3
33028: 02:03:39.086 - RequestApplicationStop: 2
33028: 02:03:39.090 - RequestStop: defalt app domain
33028: 02:03:39.331 - Shutting down WebSocket Outbound Connection Manager...
33028: 02:03:39.331 - Shutting down TCP Outbound Connection Manager...
33028: 02:03:39.331 - Shutting down ENet Outbound Connection Manager...
33028: 02:03:39.331 - Disconnecting all outbound peers...
33028: 02:03:39.331 - Shutting down ENet host...
33028: 02:03:39.331 - Disconnecting all peers...
33028: 02:03:39.331 - Shutting down socket servers...
33028: 02:03:39.331 - Shutting down ENet thread pool...
33028: 02:03:39.331 - Shutting down TCP inactivity timers...
33028: 02:03:39.332 - WaitingForShutdownToComplete: NativePolicy:0.0.0.0:843
33028: 02:03:39.332 - OnShutdownCompleted: NativePolicy:0.0.0.0:843
33028: 02:03:39.332 - WaitingForShutdownToComplete: NativePolicy:0.0.0.0:943
33028: 02:03:39.332 - OnShutdownCompleted: NativePolicy:0.0.0.0:943
33028: 02:03:39.332 - WaitingForShutdownToComplete: TCP:0.0.0.0:4530
33028: 02:03:39.332 - OnShutdownCompleted: TCP:0.0.0.0:4530
33028: 02:03:39.332 - WaitingForShutdownToComplete: UDP:127.0.0.1:5055
33028: 02:03:39.332 - OnShutdownCompleted: UDP:127.0.0.1:5055
33028: 02:03:39.332 - WaitingForShutdownToComplete: UDP:172.22.96.1:5055
33028: 02:03:39.332 - OnShutdownCompleted: UDP:172.22.96.1:5055
33028: 02:03:39.332 - WaitingForShutdownToComplete: UDP:172.30.160.1:5055
33028: 02:03:39.332 - OnShutdownCompleted: UDP:172.30.160.1:5055
33028: 02:03:39.332 - WaitingForShutdownToComplete: UDP:192.168.0.111:5055
33028: 02:03:39.332 - OnShutdownCompleted: UDP:192.168.0.111:5055
33028: 02:03:39.332 - WaitingForShutdownToComplete: WebSocket:0.0.0.0:9090
33028: 02:03:39.332 - OnShutdownCompleted: WebSocket:0.0.0.0:9090
33028: 02:03:39.332 - Shutting down CLR applications...
33168: 02:03:39.335 - CManagedHost::OnDefaultAction() - OPR_AppDomainUnload - eUnloadAppDomain
33028: 02:03:39.336 - CManagedHost::OnDefaultAction() - OPR_ThreadAbort - eAbortThread
33164: 02:03:39.344 - Unloading Domain: ApplicationName = 'CounterPublisher', DomainId='3'
33168: 02:03:39.345 - CManagedHost::OnDomainUnload() - 3
12744: 02:03:39.441 - CManagedHost::OnFailure() - FAIL_CriticalResource - eThrowException
12744: 02:03:39.441 - CManagedHost::OnFailure() - FAIL_CriticalResource - eThrowException
33028: 02:03:39.572 - Shutting down business logic thread pool...
33028: 02:03:39.572 - Shutting down I/O thread pool...
33028: 02:03:39.573 - Destroying servers
33028: 02:03:39.573 - Destroying WebSocket Outbound Connection Manager
33028: 02:03:39.573 - Destroying TCP Outbound Connection Manager
33028: 02:03:39.573 - Destroying TCP inactivity timer
33028: 02:03:39.573 - Destroying ENet timer wheel
33028: 02:03:39.573 - Destroying ENet host
33028: 02:03:39.573 - Destroying ENet outbound host
33028: 02:03:39.573 - Destroying HTTP inactivity timer
33028: 02:03:39.573 - Destroying HTTP host
33028: 02:03:39.573 - Destroying HTTP Chunk host
33028: 02:03:39.573 - Flushing ENET buffer allocator...
33028: 02:03:39.576 - Flushing TCP buffer handle allocator...
33028: 02:03:39.576 - Flushing stream socket allocator...
33028: 02:03:39.576 - Flushing inbound datagram socket allocator...
33028: 02:03:39.577 - Flushing outbound datagram socket allocator...
33028: 02:03:39.577 - Destroying CLR dispatcher
33028: 02:03:39.577 - Destroying CLR applications
33168: 02:03:39.587 - CManagedHost::OnDefaultAction() - OPR_AppDomainUnload - eUnloadAppDomain
33028: 02:03:39.599 - ~CCLRApplicationCollection() - Waiting up to 10 seconds for the CLR to release all of our objects
33164: 02:03:39.610 - Unloading Domain: ApplicationName = 'SangoTest', DomainId='2'
33168: 02:03:39.622 - CManagedHost::OnDomainUnload() - 2
33028: 02:03:39.665 - ~CCLRApplicationCollection() - Done. All objects released
33028: 02:03:39.666 - ~CManagedHost() - Release default app domain
33028: 02:03:39.666 - CManagedHost::OnDomainUnload() - 1
33028: 02:03:39.666 - ~CManagedHost() - Waiting up to 10 seconds for CLR shutdown...
33028: 02:03:39.666 - ~CManagedHost
33028: 02:03:39.666 - Destroying ENet thread pool
33028: 02:03:39.666 - Destroying Business logic thread pool
33028: 02:03:39.666 - Destroying I/O thread pool
33028: 02:03:39.666 - Destroying ENet buffer allocator
33028: 02:03:39.666 - Destroying TCP buffer allocator
33028: 02:03:39.666 - Destroying TCP socket allocator
33028: 02:03:39.666 - Destroying ENet inbound socket allocator
33028: 02:03:39.666 - Destroying ENet outbound socket allocator
33028: 02:03:39.666 - Destroying shared datagram flow control data
33028: 02:03:39.667 - Shutdown complete...
33028: 02:03:39.667 - Service shutting down
33028: 02:03:39.681 - Service shut down complete
9992: 03:18:57.251 - ---
9992: 03:18:57.251 - Service: "Photon Socket Server" starting
9992: 03:18:57.251 - Config File: D:\FantasyOfSango\Server\TestServer\Photon_v4\FantasyOfSango_Photon\deploy\bin_Win64\PhotonServer.config
9992: 03:18:57.252 - Will produce at most: 10 crash dumps
9992: 03:18:57.252 - Action: run as exe
9992: 03:18:57.253 - Server Starting...
9992: 03:18:57.253 -    Tick count: 118882671 (wraps in: 48.3343 days)
9992: 03:18:57.253 - Tick count 64: 118882671
9992: 03:18:57.253 - Photon Version: 4.0.28.2962
9992: 03:18:57.253 - PID: 21488
9992: 03:18:57.253 - Config File: D:\FantasyOfSango\Server\TestServer\Photon_v4\FantasyOfSango_Photon\deploy\bin_Win64\PhotonServer.config
9992: 03:18:57.253 - Will NOT log unimportant exceptions
9992: 03:18:57.254 - Not using performance counters as they are not currently installed. Run the service with /InstallCounters to install them.
9992: 03:18:57.254 - Shutdown timeout enabled: 30000ms
9992: 03:18:57.254 - Starting I/O thread pool with 2 threads
9992: 03:18:57.255 - Using Standard allocator
9992: 03:18:57.255 - Max message size: 512000
9992: 03:18:57.255 - Starting business logic thread pool with the following settings
9992: 03:18:57.255 - InitialThreads: 4 threads
9992: 03:18:57.255 - MinThreads: 4 threads
9992: 03:18:57.255 - Thread pool is fixed size
9992: 03:18:57.255 - Starting ENet thread pool with the following settings
9992: 03:18:57.255 - InitialThreads: 2 threads
9992: 03:18:57.255 - MinThreads: 2 threads
9992: 03:18:57.255 - Thread pool is fixed size
9992: 03:18:57.255 - OnlyDispatchTimers: False
9992: 03:18:57.255 - S2S: flow control: Max pending writes: 50
9992: 03:18:57.255 - S2S: flow control: Max queued buffers: 200
9992: 03:18:57.255 - S2S: flow control: Max pending writes MUX: 500
9992: 03:18:57.255 - S2S: flow control: Max queued buffers MUX: 2000
9992: 03:18:57.255 - S2S: MaxInboundMessageSize: 512000
9992: 03:18:57.255 - S2S: MaxOutboundMessageSize: 512000
9992: 03:18:57.255 - S2S: No inactivity timeout
9992: 03:18:57.257 - WebSocket S2S: MaxInboundMessageSize: 512000
9992: 03:18:57.257 - WebSocket S2S: MaxOutboundMessageSize: 512000
9992: 03:18:57.257 - WebSocket S2S: No inactivity timeout
9992: 03:18:57.257 - Max Reliable Data In Transit (awaiting ACKs) per peer : 51200 bytes
9992: 03:18:57.257 - Per peer bandwidth limit
9992: 03:18:57.257 - Transmit Rate Limit: 256 KB/Sec
9992: 03:18:57.257 - Limit period: 200ms
9992: 03:18:57.257 - Limit per period: 52428 bytes
9992: 03:18:57.257 - Max queued data for transmission per peer: 512000 bytes
9992: 03:18:57.257 - Minimum retransmit timeout: 200
9992: 03:18:57.257 - No Maximum retransmit timeout
9992: 03:18:57.257 - Minimum ENet timeout: 5000ms
9992: 03:18:57.257 - Maximum ENet timeout: 30000ms
9992: 03:18:57.257 - Max Inbound Reliable Data Queued (awaiting resends of earlier sequence numbers) per peer : 163840 bytes
9992: 03:18:57.257 - No RTT ACK adjustment timeout
9992: 03:18:57.257 - Outbound ENet: MaxInboundMessageSize: 512000
9992: 03:18:57.257 - Outbound ENet: MaxOutboundMessageSize: 512000
9992: 03:18:57.259 - GetRuntime - About to load CLR - versions available:
9992: 03:18:57.259 - v2.0.50727
9992: 03:18:57.259 - v4.0.30319
9992: 03:18:57.259 - Configuration requests: "v2.0.50727"
9992: 03:18:57.259 - About to load version: "v2.0.50727"
9992: 03:18:57.273 - About to load runtime: PhotonHostRuntime.PhotonDomainManager from PhotonHostRuntime, Culture=neutral, PublicKeyToken=02C301B61B060C4D
9992: 03:18:57.274 - CLRBaseDirectory set to "D:\FantasyOfSango\Server\TestServer\Photon_v4\FantasyOfSango_Photon\deploy"
9992: 03:18:57.274 - Optimising event broadcast for 20 or more peers
9992: 03:18:57.274 - Start: About to load CLR - versions available:
9992: 03:18:57.274 - v2.0.50727
9992: 03:18:57.274 - v4.0.30319
9992: 03:18:57.274 - No preference in configuration file, will load latest.
9992: 03:18:57.274 - About to load version: "v4.0.30319"
9992: 03:18:57.276 - Loaded version: "v4.0.30319"
9992: 03:18:57.402 - Photon host runtime loaded
9992: 03:18:59.080 - License is valid.
9992: 03:18:59.080 - Licensed for 100 concurrent connections.
9992: 03:18:59.080 - ENet: Max Reliable Data In Transit (awaiting ACKs) per peer : 51200 bytes
9992: 03:18:59.080 - ENet: Per peer bandwidth limit
9992: 03:18:59.080 - ENet: Transmit Rate Limit: 256 KB/Sec
9992: 03:18:59.080 - ENet: Limit period: 200ms
9992: 03:18:59.080 - ENet: Limit per period: 52428 bytes
9992: 03:18:59.080 - ENet: Max queued data for transmission per peer: 512000 bytes
9992: 03:18:59.080 - ENet: Minimum retransmit timeout: 200
9992: 03:18:59.080 - No Maximum retransmit timeout
9992: 03:18:59.080 - ENet: Minimum timeout: 5000ms
9992: 03:18:59.080 - ENet: Maximum timeout: 30000ms
9992: 03:18:59.080 - ENet: Max Inbound Reliable Data Queued (awaiting resends of earlier sequence numbers) per peer : 163840 bytes
9992: 03:18:59.080 - No RTT ACK adjustment timeout
9992: 03:18:59.080 - About to load application: SangoTest from FantasyOfSango
9992: 03:18:59.080 - Auto restart is enabled for application, existing connections will be terminated during restart
9992: 03:18:59.080 - Application will restart 1000ms after the last change detected
9992: 03:18:59.080 - Application will restart if files matching the following are changed: "dll;config"
9992: 03:18:59.080 - Application will NOT restart if files matching the following are changed: "log4net.config"
9992: 03:18:59.385 - Taking reference on default app domain
9992: 03:18:59.768 - Application: "SangoTest" started in app domain: 2
9992: 03:18:59.768 - About to load application: CounterPublisher from CounterPublisher
9992: 03:18:59.769 - Auto restart is enabled for application, existing connections will be terminated during restart
9992: 03:18:59.769 - Application will restart 1000ms after the last change detected
9992: 03:18:59.769 - Application will restart if files matching the following are changed: "dll;config"
9992: 03:18:59.769 - Application will NOT restart if files matching the following are changed: "log4net.config"
9992: 03:19:00.081 - Taking reference on default app domain
9992: 03:19:00.520 - Application: "CounterPublisher" started in app domain: 3
9992: 03:19:00.521 - Adding TCP listener on: 0.0.0.0: 4530 with a listen backlog of: 150
9992: 03:19:00.521 - TCP inactivity timeout: 10000ms
9992: 03:19:00.521 - TCP disconnect timeout: 120000ms
9992: 03:19:00.521 - MaxInboundMessageSize: 512000
9992: 03:19:00.521 - MaxOutboundMessageSize: 512000
9992: 03:19:00.521 - Forcing all applications ids to: "SangoTest"
9992: 03:19:00.524 - Serving policy file requests from: "D:\FantasyOfSango\Server\TestServer\Photon_v4\FantasyOfSango_Photon\deploy\Policy\assets\socket-policy.xml"
9992: 03:19:00.524 - Forcing all applications ids to: "SangoTest"
9992: 03:19:00.524 - MaxInboundMessageSize: 512000
9992: 03:19:00.524 - MaxOutboundMessageSize: 512000
9992: 03:19:00.524 - UDP address specified as: "0.0.0.0" adding listener to each available IPv4 address
9992: 03:19:00.525 - Adding UDP listener on: 192.168.0.111: 5055 with a listen backlog of: 500
9992: 03:19:00.525 - Adding UDP listener on: 172.30.160.1: 5055 with a listen backlog of: 500
9992: 03:19:00.525 - Adding UDP listener on: 172.22.96.1: 5055 with a listen backlog of: 500
9992: 03:19:00.525 - Adding UDP listener on: 127.0.0.1: 5055 with a listen backlog of: 500
9992: 03:19:00.525 - Adding WebSocket TCP listener on: 0.0.0.0: 9090 with a listen backlog of: 150
9992: 03:19:00.525 - Nagle disabled
9992: 03:19:00.525 - TCP inactivity timeout: 10000ms
9992: 03:19:00.525 - MaxInboundMessageSize: 512000
9992: 03:19:00.525 - MaxOutboundMessageSize: 512000
9992: 03:19:00.525 - Forcing all applications ids to: "SangoTest"
9992: 03:19:00.525 - Will accept ANY sub-protocols from the client
9992: 03:19:00.525 - No automatic WebSocket ping
9992: 03:19:00.525 - Adding Policy File listener on: 0.0.0.0: 843 with a listen backlog of: 150 and serving Policy File: "D:\FantasyOfSango\Server\TestServer\Photon_v4\FantasyOfSango_Photon\deploy\Policy\assets\socket-policy.xml"
9992: 03:19:00.525 - TCP inactivity timeout: 10000ms
9992: 03:19:00.534 - Adding Policy File listener on: 0.0.0.0: 943 with a listen backlog of: 150 and serving Policy File: "D:\FantasyOfSango\Server\TestServer\Photon_v4\FantasyOfSango_Photon\deploy\Policy\assets\socket-policy-silverlight.xml"
9992: 03:19:00.534 - TCP inactivity timeout: 10000ms
9992: 03:19:00.557 - Service is running...
9992: 03:23:22.252 - Service is stopped...
9992: 03:23:22.252 - Server shutting down...
9992: 03:23:22.252 - Shutdown monitoring enabled, 30000ms before process abort
9992: 03:23:22.252 - Notifying CLR applications of shutdown...
9992: 03:23:22.252 - RequestApplicationStop: 3
9992: 03:23:22.254 - RequestApplicationStop: 2
9992: 03:23:22.255 - RequestStop: defalt app domain
9992: 03:23:22.255 - Shutting down WebSocket Outbound Connection Manager...
9992: 03:23:22.255 - Shutting down TCP Outbound Connection Manager...
9992: 03:23:22.255 - Shutting down ENet Outbound Connection Manager...
9992: 03:23:22.255 - Disconnecting all outbound peers...
9992: 03:23:22.255 - Shutting down ENet host...
9992: 03:23:22.255 - Disconnecting all peers...
9992: 03:23:22.255 - Shutting down socket servers...
9992: 03:23:22.257 - Shutting down ENet thread pool...
9992: 03:23:22.257 - Shutting down TCP inactivity timers...
9992: 03:23:22.258 - WaitingForShutdownToComplete: NativePolicy:0.0.0.0:843
9992: 03:23:22.258 - OnShutdownCompleted: NativePolicy:0.0.0.0:843
9992: 03:23:22.258 - WaitingForShutdownToComplete: NativePolicy:0.0.0.0:943
9992: 03:23:22.258 - OnShutdownCompleted: NativePolicy:0.0.0.0:943
9992: 03:23:22.258 - WaitingForShutdownToComplete: TCP:0.0.0.0:4530
9992: 03:23:22.258 - OnShutdownCompleted: TCP:0.0.0.0:4530
9992: 03:23:22.258 - WaitingForShutdownToComplete: UDP:127.0.0.1:5055
9992: 03:23:22.258 - OnShutdownCompleted: UDP:127.0.0.1:5055
9992: 03:23:22.258 - WaitingForShutdownToComplete: UDP:172.22.96.1:5055
9992: 03:23:22.258 - OnShutdownCompleted: UDP:172.22.96.1:5055
9992: 03:23:22.258 - WaitingForShutdownToComplete: UDP:172.30.160.1:5055
9992: 03:23:22.258 - OnShutdownCompleted: UDP:172.30.160.1:5055
9992: 03:23:22.258 - WaitingForShutdownToComplete: UDP:192.168.0.111:5055
9992: 03:23:22.258 - OnShutdownCompleted: UDP:192.168.0.111:5055
9992: 03:23:22.258 - WaitingForShutdownToComplete: WebSocket:0.0.0.0:9090
9992: 03:23:22.258 - OnShutdownCompleted: WebSocket:0.0.0.0:9090
9992: 03:23:22.258 - Shutting down CLR applications...
28284: 03:23:22.259 - CManagedHost::OnDefaultAction() - OPR_AppDomainUnload - eUnloadAppDomain
9992: 03:23:22.260 - CManagedHost::OnDefaultAction() - OPR_ThreadAbort - eAbortThread
37592: 03:23:22.266 - CManagedHost::OnFailure() - FAIL_CriticalResource - eThrowException
37592: 03:23:22.266 - CManagedHost::OnFailure() - FAIL_CriticalResource - eThrowException
5152: 03:23:22.433 - Unloading Domain: ApplicationName = 'CounterPublisher', DomainId='3'
28284: 03:23:22.433 - CManagedHost::OnDomainUnload() - 3
9992: 03:23:22.498 - Shutting down business logic thread pool...
9992: 03:23:22.498 - Shutting down I/O thread pool...
9992: 03:23:22.498 - Destroying servers
9992: 03:23:22.498 - Destroying WebSocket Outbound Connection Manager
9992: 03:23:22.498 - Destroying TCP Outbound Connection Manager
9992: 03:23:22.498 - Destroying TCP inactivity timer
9992: 03:23:22.498 - Destroying ENet timer wheel
9992: 03:23:22.498 - Destroying ENet host
9992: 03:23:22.498 - Destroying ENet outbound host
9992: 03:23:22.498 - Destroying HTTP inactivity timer
9992: 03:23:22.498 - Destroying HTTP host
9992: 03:23:22.498 - Destroying HTTP Chunk host
9992: 03:23:22.498 - Flushing ENET buffer allocator...
9992: 03:23:22.499 - Flushing TCP buffer handle allocator...
9992: 03:23:22.499 - Flushing stream socket allocator...
9992: 03:23:22.500 - Flushing inbound datagram socket allocator...
9992: 03:23:22.501 - Flushing outbound datagram socket allocator...
9992: 03:23:22.501 - Destroying CLR dispatcher
9992: 03:23:22.501 - Destroying CLR applications
9992: 03:23:22.502 - ~CCLRApplicationCollection() - Waiting up to 10 seconds for the CLR to release all of our objects
28284: 03:23:22.503 - CManagedHost::OnDefaultAction() - OPR_AppDomainUnload - eUnloadAppDomain
5152: 03:23:22.507 - Unloading Domain: ApplicationName = 'SangoTest', DomainId='2'
28284: 03:23:22.508 - CManagedHost::OnDomainUnload() - 2
9992: 03:23:22.509 - ~CCLRApplicationCollection() - Done. All objects released
9992: 03:23:22.509 - ~CManagedHost() - Release default app domain
9992: 03:23:22.509 - CManagedHost::OnDomainUnload() - 1
9992: 03:23:22.509 - ~CManagedHost() - Waiting up to 10 seconds for CLR shutdown...
9992: 03:23:22.509 - ~CManagedHost
9992: 03:23:22.509 - Destroying ENet thread pool
9992: 03:23:22.509 - Destroying Business logic thread pool
9992: 03:23:22.509 - Destroying I/O thread pool
9992: 03:23:22.509 - Destroying ENet buffer allocator
9992: 03:23:22.509 - Destroying TCP buffer allocator
9992: 03:23:22.509 - Destroying TCP socket allocator
9992: 03:23:22.509 - Destroying ENet inbound socket allocator
9992: 03:23:22.509 - Destroying ENet outbound socket allocator
9992: 03:23:22.509 - Destroying shared datagram flow control data
9992: 03:23:22.509 - Shutdown complete...
9992: 03:23:22.509 - Service shutting down
9992: 03:23:22.512 - Service shut down complete
