6672: 00:09:50.693 - ---
6672: 00:09:50.693 - Service: "Photon Socket Server" starting
6672: 00:09:50.693 - Config File: D:\FantasyOfSango\Server\TestServer\Photon_v4\deploy\bin_Win64\PhotonServer.config
6672: 00:09:50.695 - Will produce at most: 10 crash dumps
6672: 00:09:50.695 - Service shutting down
6672: 00:09:50.696 - Service shut down complete
44848: 02:14:19.308 - ---
44848: 02:14:19.308 - Service: "Photon Socket Server" starting
44848: 02:14:19.308 - Config File: D:\FantasyOfSango\Server\TestServer\Photon_v4\deploy\bin_Win64\PhotonServer.config
44848: 02:14:19.310 - Will produce at most: 10 crash dumps
44848: 02:14:19.310 - Service shutting down
44848: 02:14:19.312 - Service shut down complete
25720: 15:11:21.617 - ---
25720: 15:11:21.617 - Service: "Photon Socket Server" starting
25720: 15:11:21.617 - Config File: D:\FantasyOfSango\Server\TestServer\Photon_v4\deploy\bin_Win64\PhotonServer.config
25720: 15:11:21.619 - Will produce at most: 10 crash dumps
25720: 15:11:21.619 - Service shutting down
25720: 15:11:21.620 - Service shut down complete
25172: 16:34:32.526 - ---
25172: 16:34:32.526 - Service: "Photon Socket Server" starting
25172: 16:34:32.526 - Config File: D:\FantasyOfSango\Server\TestServer\Photon_v4\deploy\bin_Win64\PhotonServer.config
25172: 16:34:32.528 - Will produce at most: 10 crash dumps
25172: 16:34:32.528 - Service shutting down
25172: 16:34:32.529 - Service shut down complete
34472: 23:45:35.493 - ---
34472: 23:45:35.493 - Service: "Photon Socket Server" starting
34472: 23:45:35.493 - Config File: D:\FantasyOfSango\Server\TestServer\Photon_v4\deploy\bin_Win64\PhotonServer.config
34472: 23:45:35.495 - Will produce at most: 10 crash dumps
34472: 23:45:35.495 - Service shutting down
34472: 23:45:35.496 - Service shut down complete
