52740: 18:38:05.224 - ---
52740: 18:38:05.224 - Service: "Photon Socket Server" starting
52740: 18:38:05.224 - Config File: E:\FantasyOfSango\FantasyOfSango_Photon\deploy\bin_Win64\PhotonServer.config
52740: 18:38:05.231 - Will produce at most: 10 crash dumps
52740: 18:38:05.231 - Action: run as exe
52740: 18:38:05.231 - Server Starting...
52740: 18:38:05.231 -    Tick count: 1393665984 (wraps in: 33.5799 days)
52740: 18:38:05.231 - Tick count 64: 1393665984
52740: 18:38:05.231 - Photon Version: 4.0.28.2962
52740: 18:38:05.231 - PID: 13956
52740: 18:38:05.231 - Config File: E:\FantasyOfSango\FantasyOfSango_Photon\deploy\bin_Win64\PhotonServer.config
52740: 18:38:05.232 - Will NOT log unimportant exceptions
52740: 18:38:05.234 - Not using performance counters as they are not currently installed. Run the service with /InstallCounters to install them.
52740: 18:38:05.234 - Shutdown timeout enabled: 30000ms
52740: 18:38:05.234 - Starting I/O thread pool with 2 threads
52740: 18:38:05.234 - Using Standard allocator
52740: 18:38:05.234 - Max message size: 512000
52740: 18:38:05.234 - Starting business logic thread pool with the following settings
52740: 18:38:05.234 - InitialThreads: 4 threads
52740: 18:38:05.234 - MinThreads: 4 threads
52740: 18:38:05.234 - Thread pool is fixed size
52740: 18:38:05.234 - Starting ENet thread pool with the following settings
52740: 18:38:05.234 - InitialThreads: 2 threads
52740: 18:38:05.234 - MinThreads: 2 threads
52740: 18:38:05.234 - Thread pool is fixed size
52740: 18:38:05.234 - OnlyDispatchTimers: False
52740: 18:38:05.234 - S2S: flow control: Max pending writes: 50
52740: 18:38:05.234 - S2S: flow control: Max queued buffers: 200
52740: 18:38:05.234 - S2S: flow control: Max pending writes MUX: 500
52740: 18:38:05.234 - S2S: flow control: Max queued buffers MUX: 2000
52740: 18:38:05.234 - S2S: MaxInboundMessageSize: 512000
52740: 18:38:05.234 - S2S: MaxOutboundMessageSize: 512000
52740: 18:38:05.234 - S2S: No inactivity timeout
52740: 18:38:05.237 - WebSocket S2S: MaxInboundMessageSize: 512000
52740: 18:38:05.237 - WebSocket S2S: MaxOutboundMessageSize: 512000
52740: 18:38:05.237 - WebSocket S2S: No inactivity timeout
52740: 18:38:05.237 - Max Reliable Data In Transit (awaiting ACKs) per peer : 51200 bytes
52740: 18:38:05.238 - Per peer bandwidth limit
52740: 18:38:05.238 - Transmit Rate Limit: 256 KB/Sec
52740: 18:38:05.238 - Limit period: 200ms
52740: 18:38:05.238 - Limit per period: 52428 bytes
52740: 18:38:05.238 - Max queued data for transmission per peer: 512000 bytes
52740: 18:38:05.238 - Minimum retransmit timeout: 200
52740: 18:38:05.238 - No Maximum retransmit timeout
52740: 18:38:05.238 - Minimum ENet timeout: 5000ms
52740: 18:38:05.238 - Maximum ENet timeout: 30000ms
52740: 18:38:05.238 - Max Inbound Reliable Data Queued (awaiting resends of earlier sequence numbers) per peer : 163840 bytes
52740: 18:38:05.238 - No RTT ACK adjustment timeout
52740: 18:38:05.238 - Outbound ENet: MaxInboundMessageSize: 512000
52740: 18:38:05.238 - Outbound ENet: MaxOutboundMessageSize: 512000
52740: 18:38:05.239 - GetRuntime - About to load CLR - versions available:
52740: 18:38:05.239 - v2.0.50727
52740: 18:38:05.239 - v4.0.30319
52740: 18:38:05.239 - Configuration requests: "v2.0.50727"
52740: 18:38:05.239 - About to load version: "v2.0.50727"
52740: 18:38:05.338 - About to load runtime: PhotonHostRuntime.PhotonDomainManager from PhotonHostRuntime, Culture=neutral, PublicKeyToken=02C301B61B060C4D
52740: 18:38:05.339 - CLRBaseDirectory set to "E:\FantasyOfSango\FantasyOfSango_Photon\deploy"
52740: 18:38:05.339 - Optimising event broadcast for 20 or more peers
52740: 18:38:05.339 - Start: About to load CLR - versions available:
52740: 18:38:05.339 - v2.0.50727
52740: 18:38:05.339 - v4.0.30319
52740: 18:38:05.339 - No preference in configuration file, will load latest.
52740: 18:38:05.339 - About to load version: "v4.0.30319"
52740: 18:38:05.341 - Loaded version: "v4.0.30319"
52740: 18:38:05.476 - Photon host runtime loaded
52740: 18:38:07.374 - License is valid.
52740: 18:38:07.374 - Licensed for 100 concurrent connections.
52740: 18:38:07.374 - ENet: Max Reliable Data In Transit (awaiting ACKs) per peer : 51200 bytes
52740: 18:38:07.374 - ENet: Per peer bandwidth limit
52740: 18:38:07.374 - ENet: Transmit Rate Limit: 256 KB/Sec
52740: 18:38:07.374 - ENet: Limit period: 200ms
52740: 18:38:07.374 - ENet: Limit per period: 52428 bytes
52740: 18:38:07.375 - ENet: Max queued data for transmission per peer: 512000 bytes
52740: 18:38:07.375 - ENet: Minimum retransmit timeout: 200
52740: 18:38:07.375 - No Maximum retransmit timeout
52740: 18:38:07.375 - ENet: Minimum timeout: 5000ms
52740: 18:38:07.375 - ENet: Maximum timeout: 30000ms
52740: 18:38:07.375 - ENet: Max Inbound Reliable Data Queued (awaiting resends of earlier sequence numbers) per peer : 163840 bytes
52740: 18:38:07.375 - No RTT ACK adjustment timeout
52740: 18:38:07.375 - About to load application: FSOGameServer from FantasyOfSango
52740: 18:38:07.375 - Auto restart is enabled for application, existing connections will be terminated during restart
52740: 18:38:07.375 - Application will restart 1000ms after the last change detected
52740: 18:38:07.375 - Application will restart if files matching the following are changed: "dll;config"
52740: 18:38:07.375 - Application will NOT restart if files matching the following are changed: "log4net.config"
52740: 18:38:08.255 - Taking reference on default app domain
52740: 18:38:08.958 - Application: "FSOGameServer" started in app domain: 2
52740: 18:38:08.958 - About to load application: CounterPublisher from CounterPublisher
52740: 18:38:08.958 - Auto restart is enabled for application, existing connections will be terminated during restart
52740: 18:38:08.958 - Application will restart 1000ms after the last change detected
52740: 18:38:08.958 - Application will restart if files matching the following are changed: "dll;config"
52740: 18:38:08.958 - Application will NOT restart if files matching the following are changed: "log4net.config"
52740: 18:38:09.460 - Taking reference on default app domain
52740: 18:38:10.106 - Application: "CounterPublisher" started in app domain: 3
52740: 18:38:10.108 - Adding TCP listener on: 0.0.0.0: 4530 with a listen backlog of: 150
52740: 18:38:10.108 - TCP inactivity timeout: 10000ms
52740: 18:38:10.108 - TCP disconnect timeout: 120000ms
52740: 18:38:10.108 - MaxInboundMessageSize: 512000
52740: 18:38:10.108 - MaxOutboundMessageSize: 512000
52740: 18:38:10.108 - Forcing all applications ids to: "FSOGameServer"
52740: 18:38:10.113 - Serving policy file requests from: "E:\FantasyOfSango\FantasyOfSango_Photon\deploy\Policy\assets\socket-policy.xml"
52740: 18:38:10.116 - Forcing all applications ids to: "FSOGameServer"
52740: 18:38:10.116 - MaxInboundMessageSize: 512000
52740: 18:38:10.116 - MaxOutboundMessageSize: 512000
52740: 18:38:10.117 - UDP address specified as: "0.0.0.0" adding listener to each available IPv4 address
52740: 18:38:10.117 - Adding UDP listener on: 172.21.176.1: 5055 with a listen backlog of: 500
52740: 18:38:10.118 - Adding UDP listener on: 172.18.80.1: 5055 with a listen backlog of: 500
52740: 18:38:10.118 - Adding UDP listener on: 192.168.0.112: 5055 with a listen backlog of: 500
52740: 18:38:10.118 - Adding UDP listener on: 127.0.0.1: 5055 with a listen backlog of: 500
52740: 18:38:10.118 - Adding WebSocket TCP listener on: 0.0.0.0: 9090 with a listen backlog of: 150
52740: 18:38:10.118 - Nagle disabled
52740: 18:38:10.118 - TCP inactivity timeout: 10000ms
52740: 18:38:10.118 - MaxInboundMessageSize: 512000
52740: 18:38:10.118 - MaxOutboundMessageSize: 512000
52740: 18:38:10.118 - Forcing all applications ids to: "FSOGameServer"
52740: 18:38:10.118 - Will accept ANY sub-protocols from the client
52740: 18:38:10.118 - No automatic WebSocket ping
52740: 18:38:10.121 - Adding Policy File listener on: 0.0.0.0: 843 with a listen backlog of: 150 and serving Policy File: "E:\FantasyOfSango\FantasyOfSango_Photon\deploy\Policy\assets\socket-policy.xml"
52740: 18:38:10.121 - TCP inactivity timeout: 10000ms
52740: 18:38:10.127 - Adding Policy File listener on: 0.0.0.0: 943 with a listen backlog of: 150 and serving Policy File: "E:\FantasyOfSango\FantasyOfSango_Photon\deploy\Policy\assets\socket-policy-silverlight.xml"
52740: 18:38:10.127 - TCP inactivity timeout: 10000ms
52740: 18:38:10.154 - Service is running...
