31264: 21:39:16.338 - ---
31264: 21:39:16.338 - Service: "Photon Socket Server" starting
31264: 21:39:16.339 - Config File: E:\FantasyOfSango\FantasyOfSango_Photon\deploy\bin_Win64\PhotonServer.config
31264: 21:39:16.341 - Will produce at most: 10 crash dumps
31264: 21:39:16.342 - Action: run as exe
31264: 21:39:16.343 - Server Starting...
31264: 21:39:16.344 -    Tick count: 972530906 (wraps in: 38.4541 days)
31264: 21:39:16.344 - Tick count 64: 972530906
31264: 21:39:16.344 - Photon Version: 4.0.28.2962
31264: 21:39:16.344 - PID: 27564
31264: 21:39:16.344 - Config File: E:\FantasyOfSango\FantasyOfSango_Photon\deploy\bin_Win64\PhotonServer.config
31264: 21:39:16.344 - Will NOT log unimportant exceptions
31264: 21:39:16.353 - Not using performance counters as they are not currently installed. Run the service with /InstallCounters to install them.
31264: 21:39:16.353 - Shutdown timeout enabled: 30000ms
31264: 21:39:16.354 - Starting I/O thread pool with 2 threads
31264: 21:39:16.354 - Using Standard allocator
31264: 21:39:16.354 - Max message size: 512000
31264: 21:39:16.355 - Starting business logic thread pool with the following settings
31264: 21:39:16.355 - InitialThreads: 4 threads
31264: 21:39:16.355 - MinThreads: 4 threads
31264: 21:39:16.355 - Thread pool is fixed size
31264: 21:39:16.355 - Starting ENet thread pool with the following settings
31264: 21:39:16.356 - InitialThreads: 2 threads
31264: 21:39:16.356 - MinThreads: 2 threads
31264: 21:39:16.356 - Thread pool is fixed size
31264: 21:39:16.356 - OnlyDispatchTimers: False
31264: 21:39:16.356 - S2S: flow control: Max pending writes: 50
31264: 21:39:16.356 - S2S: flow control: Max queued buffers: 200
31264: 21:39:16.356 - S2S: flow control: Max pending writes MUX: 500
31264: 21:39:16.356 - S2S: flow control: Max queued buffers MUX: 2000
31264: 21:39:16.356 - S2S: MaxInboundMessageSize: 512000
31264: 21:39:16.356 - S2S: MaxOutboundMessageSize: 512000
31264: 21:39:16.356 - S2S: No inactivity timeout
31264: 21:39:16.362 - WebSocket S2S: MaxInboundMessageSize: 512000
31264: 21:39:16.362 - WebSocket S2S: MaxOutboundMessageSize: 512000
31264: 21:39:16.362 - WebSocket S2S: No inactivity timeout
31264: 21:39:16.363 - Max Reliable Data In Transit (awaiting ACKs) per peer : 51200 bytes
31264: 21:39:16.363 - Per peer bandwidth limit
31264: 21:39:16.363 - Transmit Rate Limit: 256 KB/Sec
31264: 21:39:16.363 - Limit period: 200ms
31264: 21:39:16.363 - Limit per period: 52428 bytes
31264: 21:39:16.363 - Max queued data for transmission per peer: 512000 bytes
31264: 21:39:16.363 - Minimum retransmit timeout: 200
31264: 21:39:16.363 - No Maximum retransmit timeout
31264: 21:39:16.363 - Minimum ENet timeout: 5000ms
31264: 21:39:16.363 - Maximum ENet timeout: 30000ms
31264: 21:39:16.363 - Max Inbound Reliable Data Queued (awaiting resends of earlier sequence numbers) per peer : 163840 bytes
31264: 21:39:16.363 - No RTT ACK adjustment timeout
31264: 21:39:16.363 - Outbound ENet: MaxInboundMessageSize: 512000
31264: 21:39:16.363 - Outbound ENet: MaxOutboundMessageSize: 512000
31264: 21:39:16.372 - GetRuntime - About to load CLR - versions available:
31264: 21:39:16.372 - v2.0.50727
31264: 21:39:16.372 - v4.0.30319
31264: 21:39:16.372 - Configuration requests: "v2.0.50727"
31264: 21:39:16.372 - About to load version: "v2.0.50727"
31264: 21:39:16.456 - About to load runtime: PhotonHostRuntime.PhotonDomainManager from PhotonHostRuntime, Culture=neutral, PublicKeyToken=02C301B61B060C4D
31264: 21:39:16.456 - CLRBaseDirectory set to "E:\FantasyOfSango\FantasyOfSango_Photon\deploy"
31264: 21:39:16.456 - Optimising event broadcast for 20 or more peers
31264: 21:39:16.458 - Start: About to load CLR - versions available:
31264: 21:39:16.458 - v2.0.50727
31264: 21:39:16.458 - v4.0.30319
31264: 21:39:16.458 - No preference in configuration file, will load latest.
31264: 21:39:16.458 - About to load version: "v4.0.30319"
31264: 21:39:16.459 - Loaded version: "v4.0.30319"
31264: 21:39:16.598 - Photon host runtime loaded
31264: 21:39:18.445 - License is valid.
31264: 21:39:18.446 - Licensed for 100 concurrent connections.
31264: 21:39:18.446 - ENet: Max Reliable Data In Transit (awaiting ACKs) per peer : 51200 bytes
31264: 21:39:18.446 - ENet: Per peer bandwidth limit
31264: 21:39:18.446 - ENet: Transmit Rate Limit: 256 KB/Sec
31264: 21:39:18.446 - ENet: Limit period: 200ms
31264: 21:39:18.446 - ENet: Limit per period: 52428 bytes
31264: 21:39:18.446 - ENet: Max queued data for transmission per peer: 512000 bytes
31264: 21:39:18.446 - ENet: Minimum retransmit timeout: 200
31264: 21:39:18.446 - No Maximum retransmit timeout
31264: 21:39:18.446 - ENet: Minimum timeout: 5000ms
31264: 21:39:18.446 - ENet: Maximum timeout: 30000ms
31264: 21:39:18.446 - ENet: Max Inbound Reliable Data Queued (awaiting resends of earlier sequence numbers) per peer : 163840 bytes
31264: 21:39:18.446 - No RTT ACK adjustment timeout
31264: 21:39:18.446 - About to load application: FSOGameServer from FantasyOfSango
31264: 21:39:18.446 - Auto restart is enabled for application, existing connections will be terminated during restart
31264: 21:39:18.446 - Application will restart 1000ms after the last change detected
31264: 21:39:18.446 - Application will restart if files matching the following are changed: "dll;config"
31264: 21:39:18.446 - Application will NOT restart if files matching the following are changed: "log4net.config"
31264: 21:39:18.927 - Taking reference on default app domain
31264: 21:39:19.568 - Application: "FSOGameServer" started in app domain: 2
31264: 21:39:19.568 - About to load application: CounterPublisher from CounterPublisher
31264: 21:39:19.568 - Auto restart is enabled for application, existing connections will be terminated during restart
31264: 21:39:19.568 - Application will restart 1000ms after the last change detected
31264: 21:39:19.568 - Application will restart if files matching the following are changed: "dll;config"
31264: 21:39:19.568 - Application will NOT restart if files matching the following are changed: "log4net.config"
31264: 21:39:20.051 - Taking reference on default app domain
31264: 21:39:20.654 - Application: "CounterPublisher" started in app domain: 3
31264: 21:39:20.654 - Adding TCP listener on: 0.0.0.0: 4530 with a listen backlog of: 150
31264: 21:39:20.654 - TCP inactivity timeout: 10000ms
31264: 21:39:20.654 - TCP disconnect timeout: 120000ms
31264: 21:39:20.654 - MaxInboundMessageSize: 512000
31264: 21:39:20.654 - MaxOutboundMessageSize: 512000
31264: 21:39:20.654 - Forcing all applications ids to: "FSOGameServer"
31264: 21:39:20.659 - Serving policy file requests from: "E:\FantasyOfSango\FantasyOfSango_Photon\deploy\Policy\assets\socket-policy.xml"
31264: 21:39:20.659 - Forcing all applications ids to: "FSOGameServer"
31264: 21:39:20.659 - MaxInboundMessageSize: 512000
31264: 21:39:20.659 - MaxOutboundMessageSize: 512000
31264: 21:39:20.659 - UDP address specified as: "0.0.0.0" adding listener to each available IPv4 address
31264: 21:39:20.659 - Adding UDP listener on: 172.21.176.1: 5055 with a listen backlog of: 500
31264: 21:39:20.660 - Adding UDP listener on: 172.18.80.1: 5055 with a listen backlog of: 500
31264: 21:39:20.660 - Adding UDP listener on: 192.168.0.112: 5055 with a listen backlog of: 500
31264: 21:39:20.660 - Adding UDP listener on: 127.0.0.1: 5055 with a listen backlog of: 500
31264: 21:39:20.660 - Adding WebSocket TCP listener on: 0.0.0.0: 9090 with a listen backlog of: 150
31264: 21:39:20.660 - Nagle disabled
31264: 21:39:20.660 - TCP inactivity timeout: 10000ms
31264: 21:39:20.660 - MaxInboundMessageSize: 512000
31264: 21:39:20.660 - MaxOutboundMessageSize: 512000
31264: 21:39:20.660 - Forcing all applications ids to: "FSOGameServer"
31264: 21:39:20.660 - Will accept ANY sub-protocols from the client
31264: 21:39:20.660 - No automatic WebSocket ping
31264: 21:39:20.660 - Adding Policy File listener on: 0.0.0.0: 843 with a listen backlog of: 150 and serving Policy File: "E:\FantasyOfSango\FantasyOfSango_Photon\deploy\Policy\assets\socket-policy.xml"
31264: 21:39:20.660 - TCP inactivity timeout: 10000ms
31264: 21:39:20.666 - Adding Policy File listener on: 0.0.0.0: 943 with a listen backlog of: 150 and serving Policy File: "E:\FantasyOfSango\FantasyOfSango_Photon\deploy\Policy\assets\socket-policy-silverlight.xml"
31264: 21:39:20.666 - TCP inactivity timeout: 10000ms
31264: 21:39:20.689 - Service is running...
31264: 23:53:28.888 - Service is stopped...
31264: 23:53:28.888 - Server shutting down...
31264: 23:53:28.888 - Shutdown monitoring enabled, 30000ms before process abort
31264: 23:53:28.889 - Notifying CLR applications of shutdown...
31264: 23:53:28.889 - RequestApplicationStop: 3
31264: 23:53:28.894 - RequestApplicationStop: 2
31264: 23:53:28.897 - RequestStop: defalt app domain
31264: 23:53:28.898 - Shutting down WebSocket Outbound Connection Manager...
31264: 23:53:28.898 - Shutting down TCP Outbound Connection Manager...
31264: 23:53:28.899 - Shutting down ENet Outbound Connection Manager...
31264: 23:53:28.899 - Disconnecting all outbound peers...
31264: 23:53:28.900 - Shutting down ENet host...
31264: 23:53:28.900 - Disconnecting all peers...
31264: 23:53:28.900 - Shutting down socket servers...
31264: 23:53:28.900 - Shutting down ENet thread pool...
31264: 23:53:28.900 - Shutting down TCP inactivity timers...
31264: 23:53:28.900 - WaitingForShutdownToComplete: NativePolicy:0.0.0.0:843
31264: 23:53:28.900 - OnShutdownCompleted: NativePolicy:0.0.0.0:843
31264: 23:53:28.900 - WaitingForShutdownToComplete: NativePolicy:0.0.0.0:943
31264: 23:53:28.900 - OnShutdownCompleted: NativePolicy:0.0.0.0:943
31264: 23:53:28.900 - WaitingForShutdownToComplete: TCP:0.0.0.0:4530
31264: 23:53:28.900 - OnShutdownCompleted: TCP:0.0.0.0:4530
31264: 23:53:28.900 - WaitingForShutdownToComplete: UDP:127.0.0.1:5055
31264: 23:53:28.900 - OnShutdownCompleted: UDP:127.0.0.1:5055
31264: 23:53:28.900 - WaitingForShutdownToComplete: UDP:172.18.80.1:5055
31264: 23:53:28.900 - OnShutdownCompleted: UDP:172.18.80.1:5055
31264: 23:53:28.900 - WaitingForShutdownToComplete: UDP:172.21.176.1:5055
31264: 23:53:28.900 - OnShutdownCompleted: UDP:172.21.176.1:5055
31264: 23:53:28.900 - WaitingForShutdownToComplete: UDP:192.168.0.112:5055
31264: 23:53:28.900 - OnShutdownCompleted: UDP:192.168.0.112:5055
31264: 23:53:28.900 - WaitingForShutdownToComplete: WebSocket:0.0.0.0:9090
31264: 23:53:28.900 - OnShutdownCompleted: WebSocket:0.0.0.0:9090
31264: 23:53:28.901 - Shutting down CLR applications...
39820: 23:53:28.901 - CManagedHost::OnDefaultAction() - OPR_AppDomainUnload - eUnloadAppDomain
31264: 23:53:28.903 - CManagedHost::OnDefaultAction() - OPR_ThreadAbort - eAbortThread
14956: 23:53:28.906 - CManagedHost::OnFailure() - FAIL_CriticalResource - eThrowException
14956: 23:53:28.906 - CManagedHost::OnFailure() - FAIL_CriticalResource - eThrowException
26356: 23:53:28.910 - Unloading Domain: ApplicationName = 'CounterPublisher', DomainId='3'
39820: 23:53:28.910 - CManagedHost::OnDomainUnload() - 3
31264: 23:53:28.919 - Shutting down business logic thread pool...
31264: 23:53:28.919 - Shutting down I/O thread pool...
31264: 23:53:28.919 - Destroying servers
31264: 23:53:28.920 - Destroying WebSocket Outbound Connection Manager
31264: 23:53:28.920 - Destroying TCP Outbound Connection Manager
31264: 23:53:28.920 - Destroying TCP inactivity timer
31264: 23:53:28.920 - Destroying ENet timer wheel
31264: 23:53:28.920 - Destroying ENet host
31264: 23:53:28.920 - Destroying ENet outbound host
31264: 23:53:28.920 - Destroying HTTP inactivity timer
31264: 23:53:28.920 - Destroying HTTP host
31264: 23:53:28.920 - Destroying HTTP Chunk host
31264: 23:53:28.920 - Flushing ENET buffer allocator...
31264: 23:53:28.922 - Flushing TCP buffer handle allocator...
31264: 23:53:28.922 - Flushing stream socket allocator...
31264: 23:53:28.922 - Flushing inbound datagram socket allocator...
31264: 23:53:28.923 - Flushing outbound datagram socket allocator...
31264: 23:53:28.923 - Destroying CLR dispatcher
31264: 23:53:28.923 - Destroying CLR applications
31264: 23:53:28.924 - ~CCLRApplicationCollection() - Waiting up to 10 seconds for the CLR to release all of our objects
39820: 23:53:28.971 - CManagedHost::OnDefaultAction() - OPR_AppDomainUnload - eUnloadAppDomain
26356: 23:53:28.974 - Unloading Domain: ApplicationName = 'FSOGameServer', DomainId='2'
39820: 23:53:36.965 - CManagedHost::OnDomainUnload() - 2
31264: 23:53:36.965 - ~CCLRApplicationCollection() - Done. All objects released
31264: 23:53:36.965 - ~CManagedHost() - Release default app domain
31264: 23:53:36.965 - CManagedHost::OnDomainUnload() - 1
31264: 23:53:36.965 - ~CManagedHost() - Waiting up to 10 seconds for CLR shutdown...
31264: 23:53:36.965 - ~CManagedHost
31264: 23:53:36.972 - Destroying ENet thread pool
31264: 23:53:36.972 - Destroying Business logic thread pool
31264: 23:53:36.972 - Destroying I/O thread pool
31264: 23:53:36.972 - Destroying ENet buffer allocator
31264: 23:53:36.972 - Destroying TCP buffer allocator
31264: 23:53:36.972 - Destroying TCP socket allocator
31264: 23:53:36.972 - Destroying ENet inbound socket allocator
31264: 23:53:36.972 - Destroying ENet outbound socket allocator
31264: 23:53:36.972 - Destroying shared datagram flow control data
31264: 23:53:36.974 - Shutdown complete...
31264: 23:53:36.974 - Service shutting down
31264: 23:53:36.977 - Service shut down complete
