17912: 18:54:33.279 - ---
17912: 18:54:33.279 - Service: "Photon Socket Server" starting
17912: 18:54:33.279 - Config File: E:\FantasyOfSango\FantasyOfSango_Photon\deploy\bin_Win64\PhotonServer.config
17912: 18:54:33.280 - Will produce at most: 10 crash dumps
17912: 18:54:33.280 - Service shutting down
17912: 18:54:33.284 - Service shut down complete
17860: 19:10:06.363 - ---
17860: 19:10:06.363 - Service: "Photon Socket Server" starting
17860: 19:10:06.363 - Config File: E:\FantasyOfSango\FantasyOfSango_Photon\deploy\bin_Win64\PhotonServer.config
17860: 19:10:06.365 - Will produce at most: 10 crash dumps
17860: 19:10:06.365 - Service shutting down
17860: 19:10:06.366 - Service shut down complete
20412: 20:27:04.333 - ---
20412: 20:27:04.333 - Service: "Photon Socket Server" starting
20412: 20:27:04.333 - Config File: E:\FantasyOfSango\FantasyOfSango_Photon\deploy\bin_Win64\PhotonServer.config
20412: 20:27:04.336 - Will produce at most: 10 crash dumps
20412: 20:27:04.336 - Service shutting down
20412: 20:27:04.338 - Service shut down complete
54792: 20:29:02.625 - ---
54792: 20:29:02.625 - Service: "Photon Socket Server" starting
54792: 20:29:02.625 - Config File: E:\FantasyOfSango\FantasyOfSango_Photon\deploy\bin_Win64\PhotonServer.config
54792: 20:29:02.627 - Will produce at most: 10 crash dumps
54792: 20:29:02.627 - Service shutting down
54792: 20:29:02.631 - Service shut down complete
29484: 23:20:56.060 - ---
29484: 23:20:56.060 - Service: "Photon Socket Server" starting
29484: 23:20:56.060 - Config File: E:\FantasyOfSango\FantasyOfSango_Photon\deploy\bin_Win64\PhotonServer.config
29484: 23:20:56.064 - Will produce at most: 10 crash dumps
29484: 23:20:56.064 - Service shutting down
29484: 23:20:56.067 - Service shut down complete
41212: 23:31:26.778 - ---
41212: 23:31:26.778 - Service: "Photon Socket Server" starting
41212: 23:31:26.778 - Config File: E:\FantasyOfSango\FantasyOfSango_Photon\deploy\bin_Win64\PhotonServer.config
41212: 23:31:26.780 - Will produce at most: 10 crash dumps
41212: 23:31:26.780 - Service shutting down
41212: 23:31:26.783 - Service shut down complete
