14136: 01:22:30.729 - ---
14136: 01:22:30.729 - Service: "Photon Socket Server" starting
14136: 01:22:30.729 - Config File: D:\FantasyOfSango\Server\TestServer\Photon_v4\deploy\bin_Win64\PhotonServer.config
14136: 01:22:30.730 - Will produce at most: 10 crash dumps
14136: 01:22:30.730 - Service shutting down
14136: 01:22:30.733 - Service shut down complete
38180: 01:34:17.700 - ---
38180: 01:34:17.700 - Service: "Photon Socket Server" starting
38180: 01:34:17.700 - Config File: D:\FantasyOfSango\Server\TestServer\Photon_v4\deploy\bin_Win64\PhotonServer.config
38180: 01:34:17.702 - Will produce at most: 10 crash dumps
38180: 01:34:17.702 - Service shutting down
38180: 01:34:17.704 - Service shut down complete
17840: 01:37:17.638 - ---
17840: 01:37:17.638 - Service: "Photon Socket Server" starting
17840: 01:37:17.638 - Config File: D:\FantasyOfSango\Server\TestServer\Photon_v4\deploy\bin_Win64\PhotonServer.config
17840: 01:37:17.640 - Will produce at most: 10 crash dumps
17840: 01:37:17.640 - Service shutting down
17840: 01:37:17.641 - Service shut down complete
46356: 21:08:29.488 - ---
46356: 21:08:29.488 - Service: "Photon Socket Server" starting
46356: 21:08:29.488 - Config File: D:\FantasyOfSango\Server\TestServer\Photon_v4\deploy\bin_Win64\PhotonServer.config
46356: 21:08:29.489 - Will produce at most: 10 crash dumps
46356: 21:08:29.489 - Service shutting down
46356: 21:08:29.492 - Service shut down complete
37832: 21:18:45.264 - ---
37832: 21:18:45.264 - Service: "Photon Socket Server" starting
37832: 21:18:45.264 - Config File: D:\FantasyOfSango\Server\TestServer\Photon_v4\deploy\bin_Win64\PhotonServer.config
37832: 21:18:45.265 - Will produce at most: 10 crash dumps
37832: 21:18:45.265 - Service shutting down
37832: 21:18:45.269 - Service shut down complete
31572: 21:40:59.627 - ---
31572: 21:40:59.627 - Service: "Photon Socket Server" starting
31572: 21:40:59.627 - Config File: D:\FantasyOfSango\Server\TestServer\Photon_v4\deploy\bin_Win64\PhotonServer.config
31572: 21:40:59.629 - Will produce at most: 10 crash dumps
31572: 21:40:59.629 - Service shutting down
31572: 21:40:59.630 - Service shut down complete
24952: 21:47:32.508 - ---
24952: 21:47:32.508 - Service: "Photon Socket Server" starting
24952: 21:47:32.508 - Config File: D:\FantasyOfSango\Server\TestServer\Photon_v4\deploy\bin_Win64\PhotonServer.config
24952: 21:47:32.510 - Will produce at most: 10 crash dumps
24952: 21:47:32.510 - Service shutting down
24952: 21:47:32.511 - Service shut down complete
23208: 21:49:16.571 - ---
23208: 21:49:16.571 - Service: "Photon Socket Server" starting
23208: 21:49:16.571 - Config File: D:\FantasyOfSango\Server\TestServer\Photon_v4\deploy\bin_Win64\PhotonServer.config
23208: 21:49:16.573 - Will produce at most: 10 crash dumps
23208: 21:49:16.573 - Service shutting down
23208: 21:49:16.574 - Service shut down complete
20884: 22:40:51.158 - ---
20884: 22:40:51.158 - Service: "Photon Socket Server" starting
20884: 22:40:51.159 - Config File: D:\FantasyOfSango\Server\TestServer\Photon_v4\deploy\bin_Win64\PhotonServer.config
20884: 22:40:51.161 - Will produce at most: 10 crash dumps
20884: 22:40:51.161 - Service shutting down
20884: 22:40:51.163 - Service shut down complete
