18936: 03:03:59.468 - Service is stopped...
18936: 03:03:59.473 - Server shutting down...
18936: 03:03:59.473 - Shutdown monitoring enabled, 30000ms before process abort
18936: 03:03:59.487 - Notifying CLR applications of shutdown...
18936: 03:03:59.487 - RequestApplicationStop: 3
18936: 03:03:59.496 - RequestApplicationStop: 2
18936: 03:03:59.499 - RequestStop: defalt app domain
18936: 03:03:59.598 - Shutting down WebSocket Outbound Connection Manager...
18936: 03:03:59.598 - Shutting down TCP Outbound Connection Manager...
18936: 03:03:59.607 - Shutting down ENet Outbound Connection Manager...
18936: 03:03:59.607 - Disconnecting all outbound peers...
18936: 03:03:59.638 - Shutting down ENet host...
18936: 03:03:59.638 - Disconnecting all peers...
18936: 03:03:59.638 - Shutting down socket servers...
18936: 03:03:59.638 - Shutting down ENet thread pool...
18936: 03:03:59.638 - Shutting down TCP inactivity timers...
18936: 03:03:59.639 - WaitingForShutdownToComplete: NativePolicy:0.0.0.0:843
18936: 03:03:59.639 - OnShutdownCompleted: NativePolicy:0.0.0.0:843
18936: 03:03:59.639 - WaitingForShutdownToComplete: NativePolicy:0.0.0.0:943
18936: 03:03:59.639 - OnShutdownCompleted: NativePolicy:0.0.0.0:943
18936: 03:03:59.639 - WaitingForShutdownToComplete: TCP:0.0.0.0:4530
18936: 03:03:59.639 - OnShutdownCompleted: TCP:0.0.0.0:4530
18936: 03:03:59.639 - WaitingForShutdownToComplete: UDP:127.0.0.1:5055
18936: 03:03:59.639 - OnShutdownCompleted: UDP:127.0.0.1:5055
18936: 03:03:59.639 - WaitingForShutdownToComplete: UDP:172.26.96.1:5055
18936: 03:03:59.639 - OnShutdownCompleted: UDP:172.26.96.1:5055
18936: 03:03:59.639 - WaitingForShutdownToComplete: UDP:172.27.48.1:5055
18936: 03:03:59.639 - OnShutdownCompleted: UDP:172.27.48.1:5055
18936: 03:03:59.639 - WaitingForShutdownToComplete: UDP:192.168.0.111:5055
18936: 03:03:59.639 - OnShutdownCompleted: UDP:192.168.0.111:5055
18936: 03:03:59.639 - WaitingForShutdownToComplete: WebSocket:0.0.0.0:9090
18936: 03:03:59.639 - OnShutdownCompleted: WebSocket:0.0.0.0:9090
18936: 03:03:59.649 - Shutting down CLR applications...
31488: 03:03:59.651 - CManagedHost::OnDefaultAction() - OPR_AppDomainUnload - eUnloadAppDomain
18936: 03:03:59.652 - CManagedHost::OnDefaultAction() - OPR_ThreadAbort - eAbortThread
23312: 03:03:59.659 - Unloading Domain: ApplicationName = 'CounterPublisher', DomainId='3'
31488: 03:03:59.659 - CManagedHost::OnDomainUnload() - 3
45832: 03:03:59.702 - CManagedHost::OnFailure() - FAIL_CriticalResource - eThrowException
45832: 03:03:59.702 - CManagedHost::OnFailure() - FAIL_CriticalResource - eThrowException
18936: 03:03:59.776 - Shutting down business logic thread pool...
18936: 03:03:59.776 - Shutting down I/O thread pool...
18936: 03:03:59.776 - Destroying servers
31488: 03:03:59.784 - CManagedHost::OnDefaultAction() - OPR_AppDomainUnload - eUnloadAppDomain
18936: 03:03:59.786 - Destroying WebSocket Outbound Connection Manager
18936: 03:03:59.786 - Destroying TCP Outbound Connection Manager
18936: 03:03:59.786 - Destroying TCP inactivity timer
18936: 03:03:59.786 - Destroying ENet timer wheel
18936: 03:03:59.786 - Destroying ENet host
18936: 03:03:59.786 - Destroying ENet outbound host
18936: 03:03:59.786 - Destroying HTTP inactivity timer
18936: 03:03:59.786 - Destroying HTTP host
18936: 03:03:59.786 - Destroying HTTP Chunk host
18936: 03:03:59.786 - Flushing ENET buffer allocator...
18936: 03:03:59.787 - Flushing TCP buffer handle allocator...
18936: 03:03:59.787 - Flushing stream socket allocator...
23312: 03:03:59.787 - Unloading Domain: ApplicationName = 'SangoTest', DomainId='2'
18936: 03:03:59.788 - Flushing inbound datagram socket allocator...
31488: 03:03:59.788 - CManagedHost::OnDomainUnload() - 2
18936: 03:03:59.788 - Flushing outbound datagram socket allocator...
18936: 03:03:59.788 - Destroying CLR dispatcher
18936: 03:03:59.788 - Destroying CLR applications
18936: 03:03:59.789 - ~CCLRApplicationCollection() - Waiting up to 10 seconds for the CLR to release all of our objects
18936: 03:03:59.791 - ~CCLRApplicationCollection() - Done. All objects released
18936: 03:03:59.791 - ~CManagedHost() - Release default app domain
18936: 03:03:59.791 - CManagedHost::OnDomainUnload() - 1
18936: 03:03:59.791 - ~CManagedHost() - Waiting up to 10 seconds for CLR shutdown...
18936: 03:03:59.791 - ~CManagedHost
18936: 03:03:59.792 - Destroying ENet thread pool
18936: 03:03:59.792 - Destroying Business logic thread pool
18936: 03:03:59.792 - Destroying I/O thread pool
18936: 03:03:59.792 - Destroying ENet buffer allocator
18936: 03:03:59.792 - Destroying TCP buffer allocator
18936: 03:03:59.792 - Destroying TCP socket allocator
18936: 03:03:59.792 - Destroying ENet inbound socket allocator
18936: 03:03:59.792 - Destroying ENet outbound socket allocator
18936: 03:03:59.792 - Destroying shared datagram flow control data
18936: 03:03:59.793 - Shutdown complete...
18936: 03:03:59.793 - Service shutting down
18936: 03:03:59.808 - Service shut down complete
2460: 14:06:58.555 - ---
2460: 14:06:58.555 - Service: "Photon Socket Server" starting
2460: 14:06:58.555 - Config File: D:\FantasyOfSango\Server\TestServer\Photon_v4\FantasyOfSango_Photon\deploy\bin_Win64\PhotonServer.config
2460: 14:06:58.557 - Will produce at most: 10 crash dumps
2460: 14:06:58.557 - Action: run as exe
2460: 14:06:58.557 - Server Starting...
2460: 14:06:58.557 -    Tick count: 2401670281 (wraps in: 21.9132 days)
2460: 14:06:58.557 - Tick count 64: 2401670281
2460: 14:06:58.557 - Photon Version: 4.0.28.2962
2460: 14:06:58.557 - PID: 42680
2460: 14:06:58.557 - Config File: D:\FantasyOfSango\Server\TestServer\Photon_v4\FantasyOfSango_Photon\deploy\bin_Win64\PhotonServer.config
2460: 14:06:58.557 - Will NOT log unimportant exceptions
2460: 14:06:58.560 - Not using performance counters as they are not currently installed. Run the service with /InstallCounters to install them.
2460: 14:06:58.560 - Shutdown timeout enabled: 30000ms
2460: 14:06:58.560 - Starting I/O thread pool with 2 threads
2460: 14:06:58.560 - Using Standard allocator
2460: 14:06:58.560 - Max message size: 512000
2460: 14:06:58.560 - Starting business logic thread pool with the following settings
2460: 14:06:58.560 - InitialThreads: 4 threads
2460: 14:06:58.560 - MinThreads: 4 threads
2460: 14:06:58.560 - Thread pool is fixed size
2460: 14:06:58.560 - Starting ENet thread pool with the following settings
2460: 14:06:58.560 - InitialThreads: 2 threads
2460: 14:06:58.560 - MinThreads: 2 threads
2460: 14:06:58.560 - Thread pool is fixed size
2460: 14:06:58.560 - OnlyDispatchTimers: False
2460: 14:06:58.560 - S2S: flow control: Max pending writes: 50
2460: 14:06:58.560 - S2S: flow control: Max queued buffers: 200
2460: 14:06:58.560 - S2S: flow control: Max pending writes MUX: 500
2460: 14:06:58.560 - S2S: flow control: Max queued buffers MUX: 2000
2460: 14:06:58.560 - S2S: MaxInboundMessageSize: 512000
2460: 14:06:58.560 - S2S: MaxOutboundMessageSize: 512000
2460: 14:06:58.560 - S2S: No inactivity timeout
2460: 14:06:58.562 - WebSocket S2S: MaxInboundMessageSize: 512000
2460: 14:06:58.562 - WebSocket S2S: MaxOutboundMessageSize: 512000
2460: 14:06:58.562 - WebSocket S2S: No inactivity timeout
2460: 14:06:58.563 - Max Reliable Data In Transit (awaiting ACKs) per peer : 51200 bytes
2460: 14:06:58.563 - Per peer bandwidth limit
2460: 14:06:58.563 - Transmit Rate Limit: 256 KB/Sec
2460: 14:06:58.563 - Limit period: 200ms
2460: 14:06:58.563 - Limit per period: 52428 bytes
2460: 14:06:58.563 - Max queued data for transmission per peer: 512000 bytes
2460: 14:06:58.563 - Minimum retransmit timeout: 200
2460: 14:06:58.563 - No Maximum retransmit timeout
2460: 14:06:58.563 - Minimum ENet timeout: 5000ms
2460: 14:06:58.563 - Maximum ENet timeout: 30000ms
2460: 14:06:58.563 - Max Inbound Reliable Data Queued (awaiting resends of earlier sequence numbers) per peer : 163840 bytes
2460: 14:06:58.563 - No RTT ACK adjustment timeout
2460: 14:06:58.563 - Outbound ENet: MaxInboundMessageSize: 512000
2460: 14:06:58.563 - Outbound ENet: MaxOutboundMessageSize: 512000
2460: 14:06:58.577 - GetRuntime - About to load CLR - versions available:
2460: 14:06:58.577 - v2.0.50727
2460: 14:06:58.577 - v4.0.30319
2460: 14:06:58.577 - Configuration requests: "v2.0.50727"
2460: 14:06:58.577 - About to load version: "v2.0.50727"
2460: 14:06:58.627 - About to load runtime: PhotonHostRuntime.PhotonDomainManager from PhotonHostRuntime, Culture=neutral, PublicKeyToken=02C301B61B060C4D
2460: 14:06:58.627 - CLRBaseDirectory set to "D:\FantasyOfSango\Server\TestServer\Photon_v4\FantasyOfSango_Photon\deploy"
2460: 14:06:58.627 - Optimising event broadcast for 20 or more peers
2460: 14:06:58.629 - Start: About to load CLR - versions available:
2460: 14:06:58.629 - v2.0.50727
2460: 14:06:58.629 - v4.0.30319
2460: 14:06:58.629 - No preference in configuration file, will load latest.
2460: 14:06:58.629 - About to load version: "v4.0.30319"
2460: 14:06:58.631 - Loaded version: "v4.0.30319"
2460: 14:06:58.789 - Photon host runtime loaded
2460: 14:07:00.544 - License is valid.
2460: 14:07:00.544 - Licensed for 100 concurrent connections.
2460: 14:07:00.544 - ENet: Max Reliable Data In Transit (awaiting ACKs) per peer : 51200 bytes
2460: 14:07:00.544 - ENet: Per peer bandwidth limit
2460: 14:07:00.544 - ENet: Transmit Rate Limit: 256 KB/Sec
2460: 14:07:00.544 - ENet: Limit period: 200ms
2460: 14:07:00.544 - ENet: Limit per period: 52428 bytes
2460: 14:07:00.544 - ENet: Max queued data for transmission per peer: 512000 bytes
2460: 14:07:00.544 - ENet: Minimum retransmit timeout: 200
2460: 14:07:00.544 - No Maximum retransmit timeout
2460: 14:07:00.544 - ENet: Minimum timeout: 5000ms
2460: 14:07:00.544 - ENet: Maximum timeout: 30000ms
2460: 14:07:00.544 - ENet: Max Inbound Reliable Data Queued (awaiting resends of earlier sequence numbers) per peer : 163840 bytes
2460: 14:07:00.544 - No RTT ACK adjustment timeout
2460: 14:07:00.544 - About to load application: SangoTest from FantasyOfSango
2460: 14:07:00.544 - Auto restart is enabled for application, existing connections will be terminated during restart
2460: 14:07:00.544 - Application will restart 1000ms after the last change detected
2460: 14:07:00.544 - Application will restart if files matching the following are changed: "dll;config"
2460: 14:07:00.544 - Application will NOT restart if files matching the following are changed: "log4net.config"
2460: 14:07:01.207 - Taking reference on default app domain
2460: 14:07:01.855 - Application: "SangoTest" started in app domain: 2
2460: 14:07:01.855 - About to load application: CounterPublisher from CounterPublisher
2460: 14:07:01.855 - Auto restart is enabled for application, existing connections will be terminated during restart
2460: 14:07:01.855 - Application will restart 1000ms after the last change detected
2460: 14:07:01.855 - Application will restart if files matching the following are changed: "dll;config"
2460: 14:07:01.855 - Application will NOT restart if files matching the following are changed: "log4net.config"
2460: 14:07:02.522 - Taking reference on default app domain
2460: 14:07:03.225 - Application: "CounterPublisher" started in app domain: 3
2460: 14:07:03.225 - Adding TCP listener on: 0.0.0.0: 4530 with a listen backlog of: 150
2460: 14:07:03.225 - TCP inactivity timeout: 10000ms
2460: 14:07:03.225 - TCP disconnect timeout: 120000ms
2460: 14:07:03.225 - MaxInboundMessageSize: 512000
2460: 14:07:03.225 - MaxOutboundMessageSize: 512000
2460: 14:07:03.225 - Forcing all applications ids to: "SangoTest"
2460: 14:07:03.229 - Serving policy file requests from: "D:\FantasyOfSango\Server\TestServer\Photon_v4\FantasyOfSango_Photon\deploy\Policy\assets\socket-policy.xml"
2460: 14:07:03.230 - Forcing all applications ids to: "SangoTest"
2460: 14:07:03.230 - MaxInboundMessageSize: 512000
2460: 14:07:03.230 - MaxOutboundMessageSize: 512000
2460: 14:07:03.230 - UDP address specified as: "0.0.0.0" adding listener to each available IPv4 address
2460: 14:07:03.230 - Adding UDP listener on: 192.168.0.111: 5055 with a listen backlog of: 500
2460: 14:07:03.230 - Adding UDP listener on: 172.27.48.1: 5055 with a listen backlog of: 500
2460: 14:07:03.230 - Adding UDP listener on: 172.26.96.1: 5055 with a listen backlog of: 500
2460: 14:07:03.230 - Adding UDP listener on: 127.0.0.1: 5055 with a listen backlog of: 500
2460: 14:07:03.230 - Adding WebSocket TCP listener on: 0.0.0.0: 9090 with a listen backlog of: 150
2460: 14:07:03.230 - Nagle disabled
2460: 14:07:03.230 - TCP inactivity timeout: 10000ms
2460: 14:07:03.230 - MaxInboundMessageSize: 512000
2460: 14:07:03.230 - MaxOutboundMessageSize: 512000
2460: 14:07:03.230 - Forcing all applications ids to: "SangoTest"
2460: 14:07:03.230 - Will accept ANY sub-protocols from the client
2460: 14:07:03.230 - No automatic WebSocket ping
2460: 14:07:03.230 - Adding Policy File listener on: 0.0.0.0: 843 with a listen backlog of: 150 and serving Policy File: "D:\FantasyOfSango\Server\TestServer\Photon_v4\FantasyOfSango_Photon\deploy\Policy\assets\socket-policy.xml"
2460: 14:07:03.230 - TCP inactivity timeout: 10000ms
2460: 14:07:03.239 - Adding Policy File listener on: 0.0.0.0: 943 with a listen backlog of: 150 and serving Policy File: "D:\FantasyOfSango\Server\TestServer\Photon_v4\FantasyOfSango_Photon\deploy\Policy\assets\socket-policy-silverlight.xml"
2460: 14:07:03.239 - TCP inactivity timeout: 10000ms
2460: 14:07:03.264 - Service is running...
