25052: 02:29:52.336 - ---
25052: 02:29:52.336 - Service: "Photon Socket Server" starting
25052: 02:29:52.336 - Config File: D:\FantasyOfSango\Server\TestServer\Photon_v4\deploy\bin_Win64\PhotonServer.config
25052: 02:29:52.338 - Will produce at most: 10 crash dumps
25052: 02:29:52.338 - Service shutting down
25052: 02:29:52.339 - Service shut down complete
14744: 18:08:53.976 - ---
14744: 18:08:53.976 - Service: "Photon Socket Server" starting
14744: 18:08:53.977 - Config File: D:\FantasyOfSango\Server\TestServer\Photon_v4\deploy\bin_Win64\PhotonServer.config
14744: 18:08:53.978 - Will produce at most: 10 crash dumps
14744: 18:08:53.979 - Service shutting down
14744: 18:08:53.981 - Service shut down complete
46564: 18:40:46.161 - ---
46564: 18:40:46.161 - Service: "Photon Socket Server" starting
46564: 18:40:46.161 - Config File: D:\FantasyOfSango\Server\TestServer\Photon_v4\deploy\bin_Win64\PhotonServer.config
46564: 18:40:46.163 - Will produce at most: 10 crash dumps
46564: 18:40:46.163 - Service shutting down
46564: 18:40:46.165 - Service shut down complete
35520: 22:32:59.610 - ---
35520: 22:32:59.610 - Service: "Photon Socket Server" starting
35520: 22:32:59.610 - Config File: D:\FantasyOfSango\Server\TestServer\Photon_v4\deploy\bin_Win64\PhotonServer.config
35520: 22:32:59.612 - Will produce at most: 10 crash dumps
35520: 22:32:59.612 - Service shutting down
35520: 22:32:59.615 - Service shut down complete
47016: 23:20:52.151 - ---
47016: 23:20:52.151 - Service: "Photon Socket Server" starting
47016: 23:20:52.151 - Config File: D:\FantasyOfSango\Server\TestServer\Photon_v4\deploy\bin_Win64\PhotonServer.config
47016: 23:20:52.153 - Will produce at most: 10 crash dumps
47016: 23:20:52.154 - Service shutting down
47016: 23:20:52.155 - Service shut down complete
28272: 23:24:47.997 - ---
28272: 23:24:47.997 - Service: "Photon Socket Server" starting
28272: 23:24:47.997 - Config File: D:\FantasyOfSango\Server\TestServer\Photon_v4\deploy\bin_Win64\PhotonServer.config
28272: 23:24:47.999 - Will produce at most: 10 crash dumps
28272: 23:24:48.000 - Service shutting down
28272: 23:24:48.002 - Service shut down complete
14100: 23:26:14.332 - ---
14100: 23:26:14.332 - Service: "Photon Socket Server" starting
14100: 23:26:14.332 - Config File: D:\FantasyOfSango\Server\TestServer\Photon_v4\deploy\bin_Win64\PhotonServer.config
14100: 23:26:14.335 - Will produce at most: 10 crash dumps
14100: 23:26:14.336 - Service shutting down
14100: 23:26:14.338 - Service shut down complete
34948: 23:47:55.704 - ---
34948: 23:47:55.705 - Service: "Photon Socket Server" starting
34948: 23:47:55.705 - Config File: D:\FantasyOfSango\Server\TestServer\Photon_v4\deploy\bin_Win64\PhotonServer.config
34948: 23:47:55.705 - Will produce at most: 10 crash dumps
34948: 23:47:55.705 - Service shutting down
34948: 23:47:55.708 - Service shut down complete
