33028: 18:35:20.351 - ---
33028: 18:35:20.351 - Service: "Photon Socket Server" starting
33028: 18:35:20.351 - Config File: D:\FantasyOfSango\Server\TestServer\Photon_v4\FantasyOfSango_Photon\deploy\bin_Win64\PhotonServer.config
33028: 18:35:20.353 - Will produce at most: 10 crash dumps
33028: 18:35:20.353 - Action: run as exe
33028: 18:35:20.354 - Server Starting...
33028: 18:35:20.354 -    Tick count: 87465781 (wraps in: 48.6979 days)
33028: 18:35:20.354 - Tick count 64: 87465781
33028: 18:35:20.354 - Photon Version: 4.0.28.2962
33028: 18:35:20.354 - PID: 33024
33028: 18:35:20.354 - Config File: D:\FantasyOfSango\Server\TestServer\Photon_v4\FantasyOfSango_Photon\deploy\bin_Win64\PhotonServer.config
33028: 18:35:20.354 - Will NOT log unimportant exceptions
33028: 18:35:20.355 - Not using performance counters as they are not currently installed. Run the service with /InstallCounters to install them.
33028: 18:35:20.355 - Shutdown timeout enabled: 30000ms
33028: 18:35:20.355 - Starting I/O thread pool with 2 threads
33028: 18:35:20.356 - Using Standard allocator
33028: 18:35:20.356 - Max message size: 512000
33028: 18:35:20.356 - Starting business logic thread pool with the following settings
33028: 18:35:20.356 - InitialThreads: 4 threads
33028: 18:35:20.356 - MinThreads: 4 threads
33028: 18:35:20.356 - Thread pool is fixed size
33028: 18:35:20.356 - Starting ENet thread pool with the following settings
33028: 18:35:20.356 - InitialThreads: 2 threads
33028: 18:35:20.356 - MinThreads: 2 threads
33028: 18:35:20.356 - Thread pool is fixed size
33028: 18:35:20.356 - OnlyDispatchTimers: False
33028: 18:35:20.356 - S2S: flow control: Max pending writes: 50
33028: 18:35:20.356 - S2S: flow control: Max queued buffers: 200
33028: 18:35:20.356 - S2S: flow control: Max pending writes MUX: 500
33028: 18:35:20.356 - S2S: flow control: Max queued buffers MUX: 2000
33028: 18:35:20.356 - S2S: MaxInboundMessageSize: 512000
33028: 18:35:20.356 - S2S: MaxOutboundMessageSize: 512000
33028: 18:35:20.356 - S2S: No inactivity timeout
33028: 18:35:20.359 - WebSocket S2S: MaxInboundMessageSize: 512000
33028: 18:35:20.359 - WebSocket S2S: MaxOutboundMessageSize: 512000
33028: 18:35:20.359 - WebSocket S2S: No inactivity timeout
33028: 18:35:20.359 - Max Reliable Data In Transit (awaiting ACKs) per peer : 51200 bytes
33028: 18:35:20.359 - Per peer bandwidth limit
33028: 18:35:20.359 - Transmit Rate Limit: 256 KB/Sec
33028: 18:35:20.359 - Limit period: 200ms
33028: 18:35:20.359 - Limit per period: 52428 bytes
33028: 18:35:20.359 - Max queued data for transmission per peer: 512000 bytes
33028: 18:35:20.359 - Minimum retransmit timeout: 200
33028: 18:35:20.359 - No Maximum retransmit timeout
33028: 18:35:20.359 - Minimum ENet timeout: 5000ms
33028: 18:35:20.359 - Maximum ENet timeout: 30000ms
33028: 18:35:20.359 - Max Inbound Reliable Data Queued (awaiting resends of earlier sequence numbers) per peer : 163840 bytes
33028: 18:35:20.359 - No RTT ACK adjustment timeout
33028: 18:35:20.359 - Outbound ENet: MaxInboundMessageSize: 512000
33028: 18:35:20.359 - Outbound ENet: MaxOutboundMessageSize: 512000
33028: 18:35:20.360 - GetRuntime - About to load CLR - versions available:
33028: 18:35:20.360 - v2.0.50727
33028: 18:35:20.360 - v4.0.30319
33028: 18:35:20.360 - Configuration requests: "v2.0.50727"
33028: 18:35:20.360 - About to load version: "v2.0.50727"
33028: 18:35:20.405 - About to load runtime: PhotonHostRuntime.PhotonDomainManager from PhotonHostRuntime, Culture=neutral, PublicKeyToken=02C301B61B060C4D
33028: 18:35:20.405 - CLRBaseDirectory set to "D:\FantasyOfSango\Server\TestServer\Photon_v4\FantasyOfSango_Photon\deploy"
33028: 18:35:20.405 - Optimising event broadcast for 20 or more peers
33028: 18:35:20.406 - Start: About to load CLR - versions available:
33028: 18:35:20.406 - v2.0.50727
33028: 18:35:20.406 - v4.0.30319
33028: 18:35:20.406 - No preference in configuration file, will load latest.
33028: 18:35:20.406 - About to load version: "v4.0.30319"
33028: 18:35:20.407 - Loaded version: "v4.0.30319"
33028: 18:35:20.562 - Photon host runtime loaded
33028: 18:35:22.226 - License is valid.
33028: 18:35:22.226 - Licensed for 100 concurrent connections.
33028: 18:35:22.226 - ENet: Max Reliable Data In Transit (awaiting ACKs) per peer : 51200 bytes
33028: 18:35:22.226 - ENet: Per peer bandwidth limit
33028: 18:35:22.226 - ENet: Transmit Rate Limit: 256 KB/Sec
33028: 18:35:22.226 - ENet: Limit period: 200ms
33028: 18:35:22.226 - ENet: Limit per period: 52428 bytes
33028: 18:35:22.226 - ENet: Max queued data for transmission per peer: 512000 bytes
33028: 18:35:22.226 - ENet: Minimum retransmit timeout: 200
33028: 18:35:22.226 - No Maximum retransmit timeout
33028: 18:35:22.226 - ENet: Minimum timeout: 5000ms
33028: 18:35:22.226 - ENet: Maximum timeout: 30000ms
33028: 18:35:22.226 - ENet: Max Inbound Reliable Data Queued (awaiting resends of earlier sequence numbers) per peer : 163840 bytes
33028: 18:35:22.226 - No RTT ACK adjustment timeout
33028: 18:35:22.226 - About to load application: SangoTest from FantasyOfSango
33028: 18:35:22.226 - Auto restart is enabled for application, existing connections will be terminated during restart
33028: 18:35:22.226 - Application will restart 1000ms after the last change detected
33028: 18:35:22.226 - Application will restart if files matching the following are changed: "dll;config"
33028: 18:35:22.226 - Application will NOT restart if files matching the following are changed: "log4net.config"
33028: 18:35:22.829 - Taking reference on default app domain
33028: 18:35:23.423 - Application: "SangoTest" started in app domain: 2
33028: 18:35:23.423 - About to load application: CounterPublisher from CounterPublisher
33028: 18:35:23.423 - Auto restart is enabled for application, existing connections will be terminated during restart
33028: 18:35:23.423 - Application will restart 1000ms after the last change detected
33028: 18:35:23.423 - Application will restart if files matching the following are changed: "dll;config"
33028: 18:35:23.423 - Application will NOT restart if files matching the following are changed: "log4net.config"
33028: 18:35:23.894 - Taking reference on default app domain
33028: 18:35:24.530 - Application: "CounterPublisher" started in app domain: 3
33028: 18:35:24.530 - Adding TCP listener on: 0.0.0.0: 4530 with a listen backlog of: 150
33028: 18:35:24.530 - TCP inactivity timeout: 10000ms
33028: 18:35:24.530 - TCP disconnect timeout: 120000ms
33028: 18:35:24.530 - MaxInboundMessageSize: 512000
33028: 18:35:24.530 - MaxOutboundMessageSize: 512000
33028: 18:35:24.530 - Forcing all applications ids to: "SangoTest"
33028: 18:35:24.534 - Serving policy file requests from: "D:\FantasyOfSango\Server\TestServer\Photon_v4\FantasyOfSango_Photon\deploy\Policy\assets\socket-policy.xml"
33028: 18:35:24.534 - Forcing all applications ids to: "SangoTest"
33028: 18:35:24.534 - MaxInboundMessageSize: 512000
33028: 18:35:24.534 - MaxOutboundMessageSize: 512000
33028: 18:35:24.534 - UDP address specified as: "0.0.0.0" adding listener to each available IPv4 address
33028: 18:35:24.535 - Adding UDP listener on: 192.168.0.111: 5055 with a listen backlog of: 500
33028: 18:35:24.535 - Adding UDP listener on: 172.30.160.1: 5055 with a listen backlog of: 500
33028: 18:35:24.535 - Adding UDP listener on: 172.22.96.1: 5055 with a listen backlog of: 500
33028: 18:35:24.535 - Adding UDP listener on: 127.0.0.1: 5055 with a listen backlog of: 500
33028: 18:35:24.535 - Adding WebSocket TCP listener on: 0.0.0.0: 9090 with a listen backlog of: 150
33028: 18:35:24.535 - Nagle disabled
33028: 18:35:24.535 - TCP inactivity timeout: 10000ms
33028: 18:35:24.535 - MaxInboundMessageSize: 512000
33028: 18:35:24.535 - MaxOutboundMessageSize: 512000
33028: 18:35:24.535 - Forcing all applications ids to: "SangoTest"
33028: 18:35:24.535 - Will accept ANY sub-protocols from the client
33028: 18:35:24.535 - No automatic WebSocket ping
33028: 18:35:24.535 - Adding Policy File listener on: 0.0.0.0: 843 with a listen backlog of: 150 and serving Policy File: "D:\FantasyOfSango\Server\TestServer\Photon_v4\FantasyOfSango_Photon\deploy\Policy\assets\socket-policy.xml"
33028: 18:35:24.535 - TCP inactivity timeout: 10000ms
33028: 18:35:24.541 - Adding Policy File listener on: 0.0.0.0: 943 with a listen backlog of: 150 and serving Policy File: "D:\FantasyOfSango\Server\TestServer\Photon_v4\FantasyOfSango_Photon\deploy\Policy\assets\socket-policy-silverlight.xml"
33028: 18:35:24.541 - TCP inactivity timeout: 10000ms
33028: 18:35:24.564 - Service is running...
