25376: 00:37:58.013 - Service is stopped...
25376: 00:37:58.669 - Server shutting down...
25376: 00:37:58.669 - Shutdown monitoring enabled, 30000ms before process abort
25376: 00:37:58.669 - Notifying CLR applications of shutdown...
25376: 00:37:58.669 - RequestApplicationStop: 3
25376: 00:38:06.618 - RequestApplicationStop: 2
25376: 00:38:06.635 - RequestStop: defalt app domain
25376: 00:38:06.635 - Shutting down WebSocket Outbound Connection Manager...
25376: 00:38:06.635 - Shutting down TCP Outbound Connection Manager...
25376: 00:38:06.636 - Shutting down ENet Outbound Connection Manager...
25376: 00:38:06.636 - Disconnecting all outbound peers...
25376: 00:38:06.636 - Shutting down ENet host...
25376: 00:38:06.636 - Disconnecting all peers...
25376: 00:38:06.636 - Shutting down socket servers...
25376: 00:38:06.636 - Shutting down ENet thread pool...
25376: 00:38:06.636 - Shutting down TCP inactivity timers...
25376: 00:38:06.636 - WaitingForShutdownToComplete: NativePolicy:0.0.0.0:843
25376: 00:38:06.636 - OnShutdownCompleted: NativePolicy:0.0.0.0:843
25376: 00:38:06.636 - WaitingForShutdownToComplete: NativePolicy:0.0.0.0:943
25376: 00:38:06.636 - OnShutdownCompleted: NativePolicy:0.0.0.0:943
25376: 00:38:06.636 - WaitingForShutdownToComplete: TCP:0.0.0.0:4530
25376: 00:38:06.636 - OnShutdownCompleted: TCP:0.0.0.0:4530
25376: 00:38:06.636 - WaitingForShutdownToComplete: UDP:127.0.0.1:5055
25376: 00:38:06.636 - OnShutdownCompleted: UDP:127.0.0.1:5055
25376: 00:38:06.636 - WaitingForShutdownToComplete: UDP:172.26.96.1:5055
25376: 00:38:06.636 - OnShutdownCompleted: UDP:172.26.96.1:5055
25376: 00:38:06.636 - WaitingForShutdownToComplete: UDP:172.27.48.1:5055
25376: 00:38:06.636 - OnShutdownCompleted: UDP:172.27.48.1:5055
25376: 00:38:06.636 - WaitingForShutdownToComplete: UDP:192.168.0.111:5055
25376: 00:38:06.636 - OnShutdownCompleted: UDP:192.168.0.111:5055
25376: 00:38:06.636 - WaitingForShutdownToComplete: WebSocket:0.0.0.0:9090
25376: 00:38:06.636 - OnShutdownCompleted: WebSocket:0.0.0.0:9090
25376: 00:38:06.636 - Shutting down CLR applications...
7424: 00:38:06.646 - CManagedHost::OnDefaultAction() - OPR_AppDomainUnload - eUnloadAppDomain
25376: 00:38:06.647 - Shutting down business logic thread pool...
25376: 00:38:06.648 - Shutting down I/O thread pool...
25376: 00:38:06.648 - Destroying servers
25376: 00:38:06.648 - Destroying WebSocket Outbound Connection Manager
25376: 00:38:06.648 - Destroying TCP Outbound Connection Manager
25376: 00:38:06.648 - Destroying TCP inactivity timer
25376: 00:38:06.648 - Destroying ENet timer wheel
25376: 00:38:06.648 - Destroying ENet host
25376: 00:38:06.648 - Destroying ENet outbound host
25376: 00:38:06.648 - Destroying HTTP inactivity timer
25376: 00:38:06.648 - Destroying HTTP host
25376: 00:38:06.648 - Destroying HTTP Chunk host
25376: 00:38:06.648 - Flushing ENET buffer allocator...
25376: 00:38:06.650 - Flushing TCP buffer handle allocator...
25376: 00:38:06.650 - Flushing stream socket allocator...
25376: 00:38:06.650 - Flushing inbound datagram socket allocator...
25376: 00:38:06.650 - Flushing outbound datagram socket allocator...
25376: 00:38:06.650 - Destroying CLR dispatcher
25376: 00:38:06.650 - Destroying CLR applications
25376: 00:38:06.652 - ~CCLRApplicationCollection() - Waiting up to 10 seconds for the CLR to release all of our objects
42456: 00:38:06.655 - Unloading Domain: ApplicationName = 'CounterPublisher', DomainId='3'
7424: 00:38:06.655 - CManagedHost::OnDomainUnload() - 3
7424: 00:38:06.662 - CManagedHost::OnDefaultAction() - OPR_AppDomainUnload - eUnloadAppDomain
42456: 00:38:06.665 - Unloading Domain: ApplicationName = 'SangoTest', DomainId='2'
7424: 00:38:06.665 - CManagedHost::OnDomainUnload() - 2
25376: 00:38:06.668 - ~CCLRApplicationCollection() - Done. All objects released
25376: 00:38:06.668 - ~CManagedHost() - Release default app domain
25376: 00:38:06.668 - CManagedHost::OnDomainUnload() - 1
25376: 00:38:06.668 - ~CManagedHost() - Waiting up to 10 seconds for CLR shutdown...
25376: 00:38:06.668 - ~CManagedHost
25376: 00:38:06.668 - Destroying ENet thread pool
25376: 00:38:06.668 - Destroying Business logic thread pool
25376: 00:38:06.668 - Destroying I/O thread pool
25376: 00:38:06.668 - Destroying ENet buffer allocator
25376: 00:38:06.668 - Destroying TCP buffer allocator
25376: 00:38:06.668 - Destroying TCP socket allocator
25376: 00:38:06.668 - Destroying ENet inbound socket allocator
25376: 00:38:06.668 - Destroying ENet outbound socket allocator
25376: 00:38:06.668 - Destroying shared datagram flow control data
25376: 00:38:06.668 - Shutdown complete...
25376: 00:38:06.668 - Service shutting down
25376: 00:38:06.672 - Service shut down complete
42448: 23:58:09.999 - ---
42448: 23:58:09.999 - Service: "Photon Socket Server" starting
42448: 23:58:09.999 - Config File: D:\FantasyOfSango\Server\TestServer\Photon_v4\deploy\bin_Win64\PhotonServer.config
42448: 23:58:10.002 - Will produce at most: 10 crash dumps
42448: 23:58:10.002 - Action: run as exe
42448: 23:58:10.002 - Server Starting...
42448: 23:58:10.002 -    Tick count: 277108656 (wraps in: 46.503 days)
42448: 23:58:10.002 - Tick count 64: 277108656
42448: 23:58:10.002 - Photon Version: 4.0.28.2962
42448: 23:58:10.002 - PID: 35112
42448: 23:58:10.002 - Config File: D:\FantasyOfSango\Server\TestServer\Photon_v4\deploy\bin_Win64\PhotonServer.config
42448: 23:58:10.002 - Will NOT log unimportant exceptions
42448: 23:58:10.003 - Not using performance counters as they are not currently installed. Run the service with /InstallCounters to install them.
42448: 23:58:10.003 - Shutdown timeout enabled: 30000ms
42448: 23:58:10.004 - Starting I/O thread pool with 2 threads
42448: 23:58:10.004 - Using Standard allocator
42448: 23:58:10.004 - Max message size: 512000
42448: 23:58:10.004 - Starting business logic thread pool with the following settings
42448: 23:58:10.004 - InitialThreads: 4 threads
42448: 23:58:10.004 - MinThreads: 4 threads
42448: 23:58:10.004 - Thread pool is fixed size
42448: 23:58:10.004 - Starting ENet thread pool with the following settings
42448: 23:58:10.004 - InitialThreads: 2 threads
42448: 23:58:10.004 - MinThreads: 2 threads
42448: 23:58:10.004 - Thread pool is fixed size
42448: 23:58:10.004 - OnlyDispatchTimers: False
42448: 23:58:10.004 - S2S: flow control: Max pending writes: 50
42448: 23:58:10.004 - S2S: flow control: Max queued buffers: 200
42448: 23:58:10.004 - S2S: flow control: Max pending writes MUX: 500
42448: 23:58:10.004 - S2S: flow control: Max queued buffers MUX: 2000
42448: 23:58:10.004 - S2S: MaxInboundMessageSize: 512000
42448: 23:58:10.004 - S2S: MaxOutboundMessageSize: 512000
42448: 23:58:10.004 - S2S: No inactivity timeout
42448: 23:58:10.007 - WebSocket S2S: MaxInboundMessageSize: 512000
42448: 23:58:10.007 - WebSocket S2S: MaxOutboundMessageSize: 512000
42448: 23:58:10.007 - WebSocket S2S: No inactivity timeout
42448: 23:58:10.007 - Max Reliable Data In Transit (awaiting ACKs) per peer : 51200 bytes
42448: 23:58:10.007 - Per peer bandwidth limit
42448: 23:58:10.007 - Transmit Rate Limit: 256 KB/Sec
42448: 23:58:10.007 - Limit period: 200ms
42448: 23:58:10.007 - Limit per period: 52428 bytes
42448: 23:58:10.007 - Max queued data for transmission per peer: 512000 bytes
42448: 23:58:10.007 - Minimum retransmit timeout: 200
42448: 23:58:10.007 - No Maximum retransmit timeout
42448: 23:58:10.007 - Minimum ENet timeout: 5000ms
42448: 23:58:10.007 - Maximum ENet timeout: 30000ms
42448: 23:58:10.007 - Max Inbound Reliable Data Queued (awaiting resends of earlier sequence numbers) per peer : 163840 bytes
42448: 23:58:10.007 - No RTT ACK adjustment timeout
42448: 23:58:10.007 - Outbound ENet: MaxInboundMessageSize: 512000
42448: 23:58:10.007 - Outbound ENet: MaxOutboundMessageSize: 512000
42448: 23:58:10.062 - GetRuntime - About to load CLR - versions available:
42448: 23:58:10.062 - v2.0.50727
42448: 23:58:10.062 - v4.0.30319
42448: 23:58:10.062 - Configuration requests: "v2.0.50727"
42448: 23:58:10.062 - About to load version: "v2.0.50727"
42448: 23:58:10.098 - About to load runtime: PhotonHostRuntime.PhotonDomainManager from PhotonHostRuntime, Culture=neutral, PublicKeyToken=02C301B61B060C4D
42448: 23:58:10.098 - CLRBaseDirectory set to "D:\FantasyOfSango\Server\TestServer\Photon_v4\deploy"
42448: 23:58:10.098 - Optimising event broadcast for 20 or more peers
42448: 23:58:10.099 - Start: About to load CLR - versions available:
42448: 23:58:10.099 - v2.0.50727
42448: 23:58:10.099 - v4.0.30319
42448: 23:58:10.099 - No preference in configuration file, will load latest.
42448: 23:58:10.099 - About to load version: "v4.0.30319"
42448: 23:58:10.099 - Loaded version: "v4.0.30319"
42448: 23:58:10.352 - Photon host runtime loaded
42448: 23:58:12.358 - License is valid.
42448: 23:58:12.358 - Licensed for 100 concurrent connections.
42448: 23:58:12.358 - ENet: Max Reliable Data In Transit (awaiting ACKs) per peer : 51200 bytes
42448: 23:58:12.358 - ENet: Per peer bandwidth limit
42448: 23:58:12.358 - ENet: Transmit Rate Limit: 256 KB/Sec
42448: 23:58:12.358 - ENet: Limit period: 200ms
42448: 23:58:12.358 - ENet: Limit per period: 52428 bytes
42448: 23:58:12.358 - ENet: Max queued data for transmission per peer: 512000 bytes
42448: 23:58:12.358 - ENet: Minimum retransmit timeout: 200
42448: 23:58:12.358 - No Maximum retransmit timeout
42448: 23:58:12.358 - ENet: Minimum timeout: 5000ms
42448: 23:58:12.358 - ENet: Maximum timeout: 30000ms
42448: 23:58:12.358 - ENet: Max Inbound Reliable Data Queued (awaiting resends of earlier sequence numbers) per peer : 163840 bytes
42448: 23:58:12.358 - No RTT ACK adjustment timeout
42448: 23:58:12.358 - About to load application: SangoTest from FantasyOfSango
42448: 23:58:12.358 - Auto restart is enabled for application, existing connections will be terminated during restart
42448: 23:58:12.358 - Application will restart 1000ms after the last change detected
42448: 23:58:12.358 - Application will restart if files matching the following are changed: "dll;config"
42448: 23:58:12.358 - Application will NOT restart if files matching the following are changed: "log4net.config"
42448: 23:58:12.817 - Taking reference on default app domain
42448: 23:58:13.393 - Application: "SangoTest" started in app domain: 2
42448: 23:58:13.393 - About to load application: CounterPublisher from CounterPublisher
42448: 23:58:13.393 - Auto restart is enabled for application, existing connections will be terminated during restart
42448: 23:58:13.393 - Application will restart 1000ms after the last change detected
42448: 23:58:13.393 - Application will restart if files matching the following are changed: "dll;config"
42448: 23:58:13.393 - Application will NOT restart if files matching the following are changed: "log4net.config"
42448: 23:58:14.038 - Taking reference on default app domain
42448: 23:58:14.604 - Application: "CounterPublisher" started in app domain: 3
42448: 23:58:14.604 - Adding TCP listener on: 0.0.0.0: 4530 with a listen backlog of: 150
42448: 23:58:14.604 - TCP inactivity timeout: 10000ms
42448: 23:58:14.604 - TCP disconnect timeout: 120000ms
42448: 23:58:14.604 - MaxInboundMessageSize: 512000
42448: 23:58:14.604 - MaxOutboundMessageSize: 512000
42448: 23:58:14.604 - Forcing all applications ids to: "SangoTest"
42448: 23:58:14.624 - Serving policy file requests from: "D:\FantasyOfSango\Server\TestServer\Photon_v4\deploy\Policy\assets\socket-policy.xml"
42448: 23:58:14.624 - Forcing all applications ids to: "SangoTest"
42448: 23:58:14.624 - MaxInboundMessageSize: 512000
42448: 23:58:14.624 - MaxOutboundMessageSize: 512000
42448: 23:58:14.624 - UDP address specified as: "0.0.0.0" adding listener to each available IPv4 address
42448: 23:58:14.624 - Adding UDP listener on: 192.168.0.111: 5055 with a listen backlog of: 500
42448: 23:58:14.624 - Adding UDP listener on: 172.27.48.1: 5055 with a listen backlog of: 500
42448: 23:58:14.624 - Adding UDP listener on: 172.26.96.1: 5055 with a listen backlog of: 500
42448: 23:58:14.624 - Adding UDP listener on: 127.0.0.1: 5055 with a listen backlog of: 500
42448: 23:58:14.624 - Adding WebSocket TCP listener on: 0.0.0.0: 9090 with a listen backlog of: 150
42448: 23:58:14.624 - Nagle disabled
42448: 23:58:14.624 - TCP inactivity timeout: 10000ms
42448: 23:58:14.624 - MaxInboundMessageSize: 512000
42448: 23:58:14.624 - MaxOutboundMessageSize: 512000
42448: 23:58:14.624 - Forcing all applications ids to: "SangoTest"
42448: 23:58:14.624 - Will accept ANY sub-protocols from the client
42448: 23:58:14.624 - No automatic WebSocket ping
42448: 23:58:14.624 - Adding Policy File listener on: 0.0.0.0: 843 with a listen backlog of: 150 and serving Policy File: "D:\FantasyOfSango\Server\TestServer\Photon_v4\deploy\Policy\assets\socket-policy.xml"
42448: 23:58:14.624 - TCP inactivity timeout: 10000ms
42448: 23:58:14.631 - Adding Policy File listener on: 0.0.0.0: 943 with a listen backlog of: 150 and serving Policy File: "D:\FantasyOfSango\Server\TestServer\Photon_v4\deploy\Policy\assets\socket-policy-silverlight.xml"
42448: 23:58:14.631 - TCP inactivity timeout: 10000ms
42448: 23:58:14.654 - Service is running...
