44888: 00:12:06.521 - ---
44888: 00:12:06.521 - Service: "Photon Socket Server" starting
44888: 00:12:06.521 - Config File: D:\FantasyOfSango\Server\TestServer\Photon_v4\deploy\bin_Win64\PhotonServer.config
44888: 00:12:06.523 - Will produce at most: 10 crash dumps
44888: 00:12:06.523 - Service shutting down
44888: 00:12:06.526 - Service shut down complete
38548: 00:25:52.549 - ---
38548: 00:25:52.549 - Service: "Photon Socket Server" starting
38548: 00:25:52.549 - Config File: D:\FantasyOfSango\Server\TestServer\Photon_v4\deploy\bin_Win64\PhotonServer.config
38548: 00:25:52.551 - Will produce at most: 10 crash dumps
38548: 00:25:52.551 - Service shutting down
38548: 00:25:52.553 - Service shut down complete
28188: 00:36:21.997 - ---
28188: 00:36:21.997 - Service: "Photon Socket Server" starting
28188: 00:36:21.997 - Config File: D:\FantasyOfSango\Server\TestServer\Photon_v4\deploy\bin_Win64\PhotonServer.config
28188: 00:36:21.999 - Will produce at most: 10 crash dumps
28188: 00:36:21.999 - Service shutting down
28188: 00:36:22.001 - Service shut down complete
23548: 01:01:16.310 - ---
23548: 01:01:16.310 - Service: "Photon Socket Server" starting
23548: 01:01:16.310 - Config File: D:\FantasyOfSango\Server\TestServer\Photon_v4\deploy\bin_Win64\PhotonServer.config
23548: 01:01:16.313 - Will produce at most: 10 crash dumps
23548: 01:01:16.313 - Service shutting down
23548: 01:01:16.315 - Service shut down complete
14820: 01:04:46.939 - ---
14820: 01:04:46.939 - Service: "Photon Socket Server" starting
14820: 01:04:46.939 - Config File: D:\FantasyOfSango\Server\TestServer\Photon_v4\deploy\bin_Win64\PhotonServer.config
14820: 01:04:46.941 - Will produce at most: 10 crash dumps
14820: 01:04:46.941 - Service shutting down
14820: 01:04:46.943 - Service shut down complete
15112: 01:19:17.028 - ---
15112: 01:19:17.028 - Service: "Photon Socket Server" starting
15112: 01:19:17.028 - Config File: D:\FantasyOfSango\Server\TestServer\Photon_v4\deploy\bin_Win64\PhotonServer.config
15112: 01:19:17.030 - Will produce at most: 10 crash dumps
15112: 01:19:17.030 - Service shutting down
15112: 01:19:17.034 - Service shut down complete
31736: 20:36:41.413 - ---
31736: 20:36:41.413 - Service: "Photon Socket Server" starting
31736: 20:36:41.413 - Config File: D:\FantasyOfSango\Server\TestServer\Photon_v4\deploy\bin_Win64\PhotonServer.config
31736: 20:36:41.414 - Will produce at most: 10 crash dumps
31736: 20:36:41.414 - Service shutting down
31736: 20:36:41.417 - Service shut down complete
38344: 21:42:08.122 - ---
38344: 21:42:08.122 - Service: "Photon Socket Server" starting
38344: 21:42:08.122 - Config File: D:\FantasyOfSango\Server\TestServer\Photon_v4\deploy\bin_Win64\PhotonServer.config
38344: 21:42:08.124 - Will produce at most: 10 crash dumps
38344: 21:42:08.124 - Service shutting down
38344: 21:42:08.125 - Service shut down complete
26660: 21:52:10.607 - ---
26660: 21:52:10.607 - Service: "Photon Socket Server" starting
26660: 21:52:10.607 - Config File: D:\FantasyOfSango\Server\TestServer\Photon_v4\deploy\bin_Win64\PhotonServer.config
26660: 21:52:10.609 - Will produce at most: 10 crash dumps
26660: 21:52:10.609 - Service shutting down
26660: 21:52:10.613 - Service shut down complete
