31988: 17:33:44.005 - ---
31988: 17:33:44.005 - Service: "Photon Socket Server" starting
31988: 17:33:44.006 - Config File: D:\FantasyOfSango\Server\TestServer\Photon_v4\FantasyOfSango_Photon\deploy\bin_Win64\PhotonServer.config
31988: 17:33:44.007 - Will produce at most: 10 crash dumps
31988: 17:33:44.007 - Action: run as exe
31988: 17:33:44.007 - Server Starting...
31988: 17:33:44.007 -    Tick count: 256573171 (wraps in: 46.7407 days)
31988: 17:33:44.007 - Tick count 64: 256573171
31988: 17:33:44.007 - Photon Version: 4.0.28.2962
31988: 17:33:44.007 - PID: 30136
31988: 17:33:44.007 - Config File: D:\FantasyOfSango\Server\TestServer\Photon_v4\FantasyOfSango_Photon\deploy\bin_Win64\PhotonServer.config
31988: 17:33:44.009 - Will NOT log unimportant exceptions
31988: 17:33:44.011 - Not using performance counters as they are not currently installed. Run the service with /InstallCounters to install them.
31988: 17:33:44.011 - Shutdown timeout enabled: 30000ms
31988: 17:33:44.011 - Starting I/O thread pool with 2 threads
31988: 17:33:44.011 - Using Standard allocator
31988: 17:33:44.011 - Max message size: 512000
31988: 17:33:44.011 - Starting business logic thread pool with the following settings
31988: 17:33:44.011 - InitialThreads: 4 threads
31988: 17:33:44.011 - MinThreads: 4 threads
31988: 17:33:44.011 - Thread pool is fixed size
31988: 17:33:44.011 - Starting ENet thread pool with the following settings
31988: 17:33:44.011 - InitialThreads: 2 threads
31988: 17:33:44.011 - MinThreads: 2 threads
31988: 17:33:44.011 - Thread pool is fixed size
31988: 17:33:44.011 - OnlyDispatchTimers: False
31988: 17:33:44.011 - S2S: flow control: Max pending writes: 50
31988: 17:33:44.011 - S2S: flow control: Max queued buffers: 200
31988: 17:33:44.011 - S2S: flow control: Max pending writes MUX: 500
31988: 17:33:44.011 - S2S: flow control: Max queued buffers MUX: 2000
31988: 17:33:44.011 - S2S: MaxInboundMessageSize: 512000
31988: 17:33:44.011 - S2S: MaxOutboundMessageSize: 512000
31988: 17:33:44.011 - S2S: No inactivity timeout
31988: 17:33:44.014 - WebSocket S2S: MaxInboundMessageSize: 512000
31988: 17:33:44.014 - WebSocket S2S: MaxOutboundMessageSize: 512000
31988: 17:33:44.014 - WebSocket S2S: No inactivity timeout
31988: 17:33:44.014 - Max Reliable Data In Transit (awaiting ACKs) per peer : 51200 bytes
31988: 17:33:44.014 - Per peer bandwidth limit
31988: 17:33:44.014 - Transmit Rate Limit: 256 KB/Sec
31988: 17:33:44.014 - Limit period: 200ms
31988: 17:33:44.014 - Limit per period: 52428 bytes
31988: 17:33:44.014 - Max queued data for transmission per peer: 512000 bytes
31988: 17:33:44.014 - Minimum retransmit timeout: 200
31988: 17:33:44.014 - No Maximum retransmit timeout
31988: 17:33:44.014 - Minimum ENet timeout: 5000ms
31988: 17:33:44.014 - Maximum ENet timeout: 30000ms
31988: 17:33:44.014 - Max Inbound Reliable Data Queued (awaiting resends of earlier sequence numbers) per peer : 163840 bytes
31988: 17:33:44.014 - No RTT ACK adjustment timeout
31988: 17:33:44.014 - Outbound ENet: MaxInboundMessageSize: 512000
31988: 17:33:44.014 - Outbound ENet: MaxOutboundMessageSize: 512000
31988: 17:33:44.017 - GetRuntime - About to load CLR - versions available:
31988: 17:33:44.017 - v2.0.50727
31988: 17:33:44.017 - v4.0.30319
31988: 17:33:44.017 - Configuration requests: "v2.0.50727"
31988: 17:33:44.017 - About to load version: "v2.0.50727"
31988: 17:33:44.061 - About to load runtime: PhotonHostRuntime.PhotonDomainManager from PhotonHostRuntime, Culture=neutral, PublicKeyToken=02C301B61B060C4D
31988: 17:33:44.061 - CLRBaseDirectory set to "D:\FantasyOfSango\Server\TestServer\Photon_v4\FantasyOfSango_Photon\deploy"
31988: 17:33:44.061 - Optimising event broadcast for 20 or more peers
31988: 17:33:44.062 - Start: About to load CLR - versions available:
31988: 17:33:44.062 - v2.0.50727
31988: 17:33:44.062 - v4.0.30319
31988: 17:33:44.062 - No preference in configuration file, will load latest.
31988: 17:33:44.062 - About to load version: "v4.0.30319"
31988: 17:33:44.064 - Loaded version: "v4.0.30319"
31988: 17:33:44.234 - Photon host runtime loaded
31988: 17:33:46.165 - License is valid.
31988: 17:33:46.165 - Licensed for 100 concurrent connections.
31988: 17:33:46.165 - ENet: Max Reliable Data In Transit (awaiting ACKs) per peer : 51200 bytes
31988: 17:33:46.165 - ENet: Per peer bandwidth limit
31988: 17:33:46.165 - ENet: Transmit Rate Limit: 256 KB/Sec
31988: 17:33:46.165 - ENet: Limit period: 200ms
31988: 17:33:46.165 - ENet: Limit per period: 52428 bytes
31988: 17:33:46.165 - ENet: Max queued data for transmission per peer: 512000 bytes
31988: 17:33:46.165 - ENet: Minimum retransmit timeout: 200
31988: 17:33:46.165 - No Maximum retransmit timeout
31988: 17:33:46.165 - ENet: Minimum timeout: 5000ms
31988: 17:33:46.165 - ENet: Maximum timeout: 30000ms
31988: 17:33:46.165 - ENet: Max Inbound Reliable Data Queued (awaiting resends of earlier sequence numbers) per peer : 163840 bytes
31988: 17:33:46.165 - No RTT ACK adjustment timeout
31988: 17:33:46.165 - About to load application: SangoTest from FantasyOfSango
31988: 17:33:46.165 - Auto restart is enabled for application, existing connections will be terminated during restart
31988: 17:33:46.165 - Application will restart 1000ms after the last change detected
31988: 17:33:46.165 - Application will restart if files matching the following are changed: "dll;config"
31988: 17:33:46.165 - Application will NOT restart if files matching the following are changed: "log4net.config"
31988: 17:33:47.223 - Taking reference on default app domain
31988: 17:33:48.005 - Application: "SangoTest" started in app domain: 2
31988: 17:33:48.005 - About to load application: CounterPublisher from CounterPublisher
31988: 17:33:48.005 - Auto restart is enabled for application, existing connections will be terminated during restart
31988: 17:33:48.005 - Application will restart 1000ms after the last change detected
31988: 17:33:48.005 - Application will restart if files matching the following are changed: "dll;config"
31988: 17:33:48.005 - Application will NOT restart if files matching the following are changed: "log4net.config"
31988: 17:33:48.537 - Taking reference on default app domain
31988: 17:33:49.348 - Application: "CounterPublisher" started in app domain: 3
31988: 17:33:49.348 - Adding TCP listener on: 0.0.0.0: 4530 with a listen backlog of: 150
31988: 17:33:49.348 - TCP inactivity timeout: 10000ms
31988: 17:33:49.348 - TCP disconnect timeout: 120000ms
31988: 17:33:49.348 - MaxInboundMessageSize: 512000
31988: 17:33:49.348 - MaxOutboundMessageSize: 512000
31988: 17:33:49.348 - Forcing all applications ids to: "SangoTest"
31988: 17:33:49.352 - Serving policy file requests from: "D:\FantasyOfSango\Server\TestServer\Photon_v4\FantasyOfSango_Photon\deploy\Policy\assets\socket-policy.xml"
31988: 17:33:49.352 - Forcing all applications ids to: "SangoTest"
31988: 17:33:49.352 - MaxInboundMessageSize: 512000
31988: 17:33:49.352 - MaxOutboundMessageSize: 512000
31988: 17:33:49.352 - UDP address specified as: "0.0.0.0" adding listener to each available IPv4 address
31988: 17:33:49.353 - Adding UDP listener on: 192.168.0.111: 5055 with a listen backlog of: 500
31988: 17:33:49.353 - Adding UDP listener on: 172.30.160.1: 5055 with a listen backlog of: 500
31988: 17:33:49.353 - Adding UDP listener on: 172.22.96.1: 5055 with a listen backlog of: 500
31988: 17:33:49.353 - Adding UDP listener on: 127.0.0.1: 5055 with a listen backlog of: 500
31988: 17:33:49.353 - Adding WebSocket TCP listener on: 0.0.0.0: 9090 with a listen backlog of: 150
31988: 17:33:49.353 - Nagle disabled
31988: 17:33:49.353 - TCP inactivity timeout: 10000ms
31988: 17:33:49.353 - MaxInboundMessageSize: 512000
31988: 17:33:49.353 - MaxOutboundMessageSize: 512000
31988: 17:33:49.353 - Forcing all applications ids to: "SangoTest"
31988: 17:33:49.353 - Will accept ANY sub-protocols from the client
31988: 17:33:49.353 - No automatic WebSocket ping
31988: 17:33:49.353 - Adding Policy File listener on: 0.0.0.0: 843 with a listen backlog of: 150 and serving Policy File: "D:\FantasyOfSango\Server\TestServer\Photon_v4\FantasyOfSango_Photon\deploy\Policy\assets\socket-policy.xml"
31988: 17:33:49.353 - TCP inactivity timeout: 10000ms
31988: 17:33:49.360 - Adding Policy File listener on: 0.0.0.0: 943 with a listen backlog of: 150 and serving Policy File: "D:\FantasyOfSango\Server\TestServer\Photon_v4\FantasyOfSango_Photon\deploy\Policy\assets\socket-policy-silverlight.xml"
31988: 17:33:49.360 - TCP inactivity timeout: 10000ms
31988: 17:33:49.383 - Service is running...
31988: 18:37:11.758 - Service is stopped...
31988: 18:37:11.758 - Server shutting down...
31988: 18:37:11.758 - Shutdown monitoring enabled, 30000ms before process abort
31988: 18:37:11.777 - Notifying CLR applications of shutdown...
31988: 18:37:11.777 - RequestApplicationStop: 3
31988: 18:37:11.784 - RequestApplicationStop: 2
31988: 18:37:11.786 - RequestStop: defalt app domain
31988: 18:37:11.786 - Shutting down WebSocket Outbound Connection Manager...
31988: 18:37:11.787 - Shutting down TCP Outbound Connection Manager...
31988: 18:37:11.789 - Shutting down ENet Outbound Connection Manager...
31988: 18:37:11.789 - Disconnecting all outbound peers...
31988: 18:37:11.789 - Shutting down ENet host...
31988: 18:37:11.789 - Disconnecting all peers...
31988: 18:37:11.789 - Shutting down socket servers...
31988: 18:37:11.789 - Shutting down ENet thread pool...
31988: 18:37:11.789 - Shutting down TCP inactivity timers...
31988: 18:37:11.790 - WaitingForShutdownToComplete: NativePolicy:0.0.0.0:843
31988: 18:37:11.790 - OnShutdownCompleted: NativePolicy:0.0.0.0:843
31988: 18:37:11.790 - WaitingForShutdownToComplete: NativePolicy:0.0.0.0:943
31988: 18:37:11.790 - OnShutdownCompleted: NativePolicy:0.0.0.0:943
31988: 18:37:11.790 - WaitingForShutdownToComplete: TCP:0.0.0.0:4530
31988: 18:37:11.790 - OnShutdownCompleted: TCP:0.0.0.0:4530
31988: 18:37:11.790 - WaitingForShutdownToComplete: UDP:127.0.0.1:5055
31988: 18:37:11.790 - OnShutdownCompleted: UDP:127.0.0.1:5055
31988: 18:37:11.790 - WaitingForShutdownToComplete: UDP:172.22.96.1:5055
31988: 18:37:11.790 - OnShutdownCompleted: UDP:172.22.96.1:5055
31988: 18:37:11.790 - WaitingForShutdownToComplete: UDP:172.30.160.1:5055
31988: 18:37:11.790 - OnShutdownCompleted: UDP:172.30.160.1:5055
31988: 18:37:11.790 - WaitingForShutdownToComplete: UDP:192.168.0.111:5055
31988: 18:37:11.790 - OnShutdownCompleted: UDP:192.168.0.111:5055
31988: 18:37:11.790 - WaitingForShutdownToComplete: WebSocket:0.0.0.0:9090
31988: 18:37:11.790 - OnShutdownCompleted: WebSocket:0.0.0.0:9090
31988: 18:37:11.793 - Shutting down CLR applications...
20156: 18:37:11.794 - CManagedHost::OnDefaultAction() - OPR_AppDomainUnload - eUnloadAppDomain
31988: 18:37:11.796 - CManagedHost::OnDefaultAction() - OPR_ThreadAbort - eAbortThread
7844: 18:37:11.803 - Unloading Domain: ApplicationName = 'CounterPublisher', DomainId='3'
20156: 18:37:11.803 - CManagedHost::OnDomainUnload() - 3
32300: 18:37:11.887 - CManagedHost::OnFailure() - FAIL_CriticalResource - eThrowException
32300: 18:37:11.887 - CManagedHost::OnFailure() - FAIL_CriticalResource - eThrowException
31988: 18:37:11.918 - Shutting down business logic thread pool...
31988: 18:37:11.918 - Shutting down I/O thread pool...
31988: 18:37:11.918 - Destroying servers
31988: 18:37:11.919 - Destroying WebSocket Outbound Connection Manager
31988: 18:37:11.919 - Destroying TCP Outbound Connection Manager
31988: 18:37:11.919 - Destroying TCP inactivity timer
31988: 18:37:11.919 - Destroying ENet timer wheel
31988: 18:37:11.919 - Destroying ENet host
31988: 18:37:11.919 - Destroying ENet outbound host
31988: 18:37:11.919 - Destroying HTTP inactivity timer
31988: 18:37:11.919 - Destroying HTTP host
31988: 18:37:11.919 - Destroying HTTP Chunk host
31988: 18:37:11.919 - Flushing ENET buffer allocator...
31988: 18:37:11.919 - Flushing TCP buffer handle allocator...
31988: 18:37:11.919 - Flushing stream socket allocator...
31988: 18:37:11.920 - Flushing inbound datagram socket allocator...
31988: 18:37:11.920 - Flushing outbound datagram socket allocator...
31988: 18:37:11.920 - Destroying CLR dispatcher
31988: 18:37:11.920 - Destroying CLR applications
20156: 18:37:11.923 - CManagedHost::OnDefaultAction() - OPR_AppDomainUnload - eUnloadAppDomain
7844: 18:37:11.926 - Unloading Domain: ApplicationName = 'SangoTest', DomainId='2'
20156: 18:37:11.927 - CManagedHost::OnDomainUnload() - 2
31988: 18:37:11.936 - ~CCLRApplicationCollection() - Waiting up to 10 seconds for the CLR to release all of our objects
31988: 18:37:11.938 - ~CCLRApplicationCollection() - Done. All objects released
31988: 18:37:11.938 - ~CManagedHost() - Release default app domain
31988: 18:37:11.938 - CManagedHost::OnDomainUnload() - 1
31988: 18:37:11.938 - ~CManagedHost() - Waiting up to 10 seconds for CLR shutdown...
31988: 18:37:11.938 - ~CManagedHost
31988: 18:37:11.938 - Destroying ENet thread pool
31988: 18:37:11.938 - Destroying Business logic thread pool
31988: 18:37:11.938 - Destroying I/O thread pool
31988: 18:37:11.938 - Destroying ENet buffer allocator
31988: 18:37:11.938 - Destroying TCP buffer allocator
31988: 18:37:11.938 - Destroying TCP socket allocator
31988: 18:37:11.938 - Destroying ENet inbound socket allocator
31988: 18:37:11.938 - Destroying ENet outbound socket allocator
31988: 18:37:11.938 - Destroying shared datagram flow control data
31988: 18:37:11.940 - Shutdown complete...
31988: 18:37:11.940 - Service shutting down
31988: 18:37:11.946 - Service shut down complete
