1652: 00:24:43.785 - Service is stopped...
1652: 00:24:43.785 - Server shutting down...
1652: 00:24:43.785 - Shutdown monitoring enabled, 30000ms before process abort
1652: 00:24:43.785 - Notifying CLR applications of shutdown...
1652: 00:24:43.785 - RequestApplicationStop: 3
1652: 00:24:43.791 - RequestApplicationStop: 2
1652: 00:24:43.796 - RequestStop: defalt app domain
1652: 00:24:43.798 - Shutting down WebSocket Outbound Connection Manager...
1652: 00:24:43.798 - Shutting down TCP Outbound Connection Manager...
1652: 00:24:43.799 - Shutting down ENet Outbound Connection Manager...
1652: 00:24:43.799 - Disconnecting all outbound peers...
1652: 00:24:43.799 - Shutting down ENet host...
1652: 00:24:43.799 - Disconnecting all peers...
1652: 00:24:43.799 - Shutting down socket servers...
1652: 00:24:43.799 - Shutting down ENet thread pool...
1652: 00:24:43.799 - Shutting down TCP inactivity timers...
1652: 00:24:43.800 - WaitingForShutdownToComplete: NativePolicy:0.0.0.0:843
1652: 00:24:43.800 - OnShutdownCompleted: NativePolicy:0.0.0.0:843
1652: 00:24:43.800 - WaitingForShutdownToComplete: NativePolicy:0.0.0.0:943
1652: 00:24:43.800 - OnShutdownCompleted: NativePolicy:0.0.0.0:943
1652: 00:24:43.800 - WaitingForShutdownToComplete: TCP:0.0.0.0:4530
1652: 00:24:43.800 - OnShutdownCompleted: TCP:0.0.0.0:4530
1652: 00:24:43.800 - WaitingForShutdownToComplete: UDP:127.0.0.1:5055
1652: 00:24:43.800 - OnShutdownCompleted: UDP:127.0.0.1:5055
1652: 00:24:43.800 - WaitingForShutdownToComplete: UDP:172.17.32.1:5055
1652: 00:24:43.800 - OnShutdownCompleted: UDP:172.17.32.1:5055
1652: 00:24:43.800 - WaitingForShutdownToComplete: UDP:172.25.16.1:5055
1652: 00:24:43.800 - OnShutdownCompleted: UDP:172.25.16.1:5055
1652: 00:24:43.800 - WaitingForShutdownToComplete: UDP:192.168.0.111:5055
1652: 00:24:43.800 - OnShutdownCompleted: UDP:192.168.0.111:5055
1652: 00:24:43.800 - WaitingForShutdownToComplete: WebSocket:0.0.0.0:9090
1652: 00:24:43.800 - OnShutdownCompleted: WebSocket:0.0.0.0:9090
1652: 00:24:43.800 - Shutting down CLR applications...
3760: 00:24:43.820 - CManagedHost::OnDefaultAction() - OPR_AppDomainUnload - eUnloadAppDomain
1652: 00:24:43.821 - Shutting down business logic thread pool...
1652: 00:24:43.822 - Shutting down I/O thread pool...
1652: 00:24:43.822 - Destroying servers
1652: 00:24:43.822 - Destroying WebSocket Outbound Connection Manager
1652: 00:24:43.822 - Destroying TCP Outbound Connection Manager
1652: 00:24:43.822 - Destroying TCP inactivity timer
1652: 00:24:43.822 - Destroying ENet timer wheel
1652: 00:24:43.822 - Destroying ENet host
1652: 00:24:43.822 - Destroying ENet outbound host
1652: 00:24:43.822 - Destroying HTTP inactivity timer
1652: 00:24:43.822 - Destroying HTTP host
1652: 00:24:43.822 - Destroying HTTP Chunk host
1652: 00:24:43.822 - Flushing ENET buffer allocator...
1652: 00:24:43.824 - Flushing TCP buffer handle allocator...
1652: 00:24:43.824 - Flushing stream socket allocator...
1652: 00:24:43.824 - Flushing inbound datagram socket allocator...
1652: 00:24:43.826 - Flushing outbound datagram socket allocator...
1652: 00:24:43.826 - Destroying CLR dispatcher
1652: 00:24:43.826 - Destroying CLR applications
1652: 00:24:43.827 - ~CCLRApplicationCollection() - Waiting up to 10 seconds for the CLR to release all of our objects
10964: 00:24:43.830 - Unloading Domain: ApplicationName = 'CounterPublisher', DomainId='3'
3760: 00:24:43.830 - CManagedHost::OnDomainUnload() - 3
3760: 00:24:43.836 - CManagedHost::OnDefaultAction() - OPR_AppDomainUnload - eUnloadAppDomain
10964: 00:24:43.840 - Unloading Domain: ApplicationName = 'SangoTest', DomainId='2'
3760: 00:24:43.841 - CManagedHost::OnDomainUnload() - 2
1652: 00:24:43.843 - ~CCLRApplicationCollection() - Done. All objects released
1652: 00:24:43.843 - ~CManagedHost() - Release default app domain
1652: 00:24:43.843 - CManagedHost::OnDomainUnload() - 1
1652: 00:24:43.843 - ~CManagedHost() - Waiting up to 10 seconds for CLR shutdown...
1652: 00:24:43.844 - ~CManagedHost
1652: 00:24:43.844 - Destroying ENet thread pool
1652: 00:24:43.844 - Destroying Business logic thread pool
1652: 00:24:43.844 - Destroying I/O thread pool
1652: 00:24:43.844 - Destroying ENet buffer allocator
1652: 00:24:43.844 - Destroying TCP buffer allocator
1652: 00:24:43.844 - Destroying TCP socket allocator
1652: 00:24:43.844 - Destroying ENet inbound socket allocator
1652: 00:24:43.844 - Destroying ENet outbound socket allocator
1652: 00:24:43.844 - Destroying shared datagram flow control data
1652: 00:24:43.844 - Shutdown complete...
1652: 00:24:43.844 - Service shutting down
1652: 00:24:43.847 - Service shut down complete
20516: 19:44:34.307 - ---
20516: 19:44:34.307 - Service: "Photon Socket Server" starting
20516: 19:44:34.307 - Config File: D:\FantasyOfSango\Server\TestServer\Photon_v4\deploy\bin_Win64\PhotonServer.config
20516: 19:44:34.308 - Will produce at most: 10 crash dumps
20516: 19:44:34.308 - Action: run as exe
20516: 19:44:34.310 - Server Starting...
20516: 19:44:34.310 -    Tick count: 273250218 (wraps in: 46.5477 days)
20516: 19:44:34.310 - Tick count 64: 273250218
20516: 19:44:34.310 - Photon Version: 4.0.28.2962
20516: 19:44:34.310 - PID: 13372
20516: 19:44:34.310 - Config File: D:\FantasyOfSango\Server\TestServer\Photon_v4\deploy\bin_Win64\PhotonServer.config
20516: 19:44:34.310 - Will NOT log unimportant exceptions
20516: 19:44:34.312 - Not using performance counters as they are not currently installed. Run the service with /InstallCounters to install them.
20516: 19:44:34.312 - Shutdown timeout enabled: 30000ms
20516: 19:44:34.312 - Starting I/O thread pool with 2 threads
20516: 19:44:34.313 - Using Standard allocator
20516: 19:44:34.313 - Max message size: 512000
20516: 19:44:34.313 - Starting business logic thread pool with the following settings
20516: 19:44:34.313 - InitialThreads: 4 threads
20516: 19:44:34.313 - MinThreads: 4 threads
20516: 19:44:34.313 - Thread pool is fixed size
20516: 19:44:34.313 - Starting ENet thread pool with the following settings
20516: 19:44:34.313 - InitialThreads: 2 threads
20516: 19:44:34.313 - MinThreads: 2 threads
20516: 19:44:34.313 - Thread pool is fixed size
20516: 19:44:34.313 - OnlyDispatchTimers: False
20516: 19:44:34.313 - S2S: flow control: Max pending writes: 50
20516: 19:44:34.313 - S2S: flow control: Max queued buffers: 200
20516: 19:44:34.313 - S2S: flow control: Max pending writes MUX: 500
20516: 19:44:34.313 - S2S: flow control: Max queued buffers MUX: 2000
20516: 19:44:34.313 - S2S: MaxInboundMessageSize: 512000
20516: 19:44:34.313 - S2S: MaxOutboundMessageSize: 512000
20516: 19:44:34.313 - S2S: No inactivity timeout
20516: 19:44:34.315 - WebSocket S2S: MaxInboundMessageSize: 512000
20516: 19:44:34.315 - WebSocket S2S: MaxOutboundMessageSize: 512000
20516: 19:44:34.315 - WebSocket S2S: No inactivity timeout
20516: 19:44:34.315 - Max Reliable Data In Transit (awaiting ACKs) per peer : 51200 bytes
20516: 19:44:34.315 - Per peer bandwidth limit
20516: 19:44:34.316 - Transmit Rate Limit: 256 KB/Sec
20516: 19:44:34.316 - Limit period: 200ms
20516: 19:44:34.316 - Limit per period: 52428 bytes
20516: 19:44:34.316 - Max queued data for transmission per peer: 512000 bytes
20516: 19:44:34.316 - Minimum retransmit timeout: 200
20516: 19:44:34.316 - No Maximum retransmit timeout
20516: 19:44:34.316 - Minimum ENet timeout: 5000ms
20516: 19:44:34.316 - Maximum ENet timeout: 30000ms
20516: 19:44:34.316 - Max Inbound Reliable Data Queued (awaiting resends of earlier sequence numbers) per peer : 163840 bytes
20516: 19:44:34.316 - No RTT ACK adjustment timeout
20516: 19:44:34.316 - Outbound ENet: MaxInboundMessageSize: 512000
20516: 19:44:34.316 - Outbound ENet: MaxOutboundMessageSize: 512000
20516: 19:44:34.317 - GetRuntime - About to load CLR - versions available:
20516: 19:44:34.317 - v2.0.50727
20516: 19:44:34.317 - v4.0.30319
20516: 19:44:34.317 - Configuration requests: "v2.0.50727"
20516: 19:44:34.317 - About to load version: "v2.0.50727"
20516: 19:44:34.348 - About to load runtime: PhotonHostRuntime.PhotonDomainManager from PhotonHostRuntime, Culture=neutral, PublicKeyToken=02C301B61B060C4D
20516: 19:44:34.348 - CLRBaseDirectory set to "D:\FantasyOfSango\Server\TestServer\Photon_v4\deploy"
20516: 19:44:34.348 - Optimising event broadcast for 20 or more peers
20516: 19:44:34.348 - Start: About to load CLR - versions available:
20516: 19:44:34.348 - v2.0.50727
20516: 19:44:34.348 - v4.0.30319
20516: 19:44:34.348 - No preference in configuration file, will load latest.
20516: 19:44:34.348 - About to load version: "v4.0.30319"
20516: 19:44:34.349 - Loaded version: "v4.0.30319"
20516: 19:44:34.493 - Photon host runtime loaded
20516: 19:44:36.184 - License is valid.
20516: 19:44:36.184 - Licensed for 100 concurrent connections.
20516: 19:44:36.184 - ENet: Max Reliable Data In Transit (awaiting ACKs) per peer : 51200 bytes
20516: 19:44:36.184 - ENet: Per peer bandwidth limit
20516: 19:44:36.184 - ENet: Transmit Rate Limit: 256 KB/Sec
20516: 19:44:36.184 - ENet: Limit period: 200ms
20516: 19:44:36.184 - ENet: Limit per period: 52428 bytes
20516: 19:44:36.184 - ENet: Max queued data for transmission per peer: 512000 bytes
20516: 19:44:36.184 - ENet: Minimum retransmit timeout: 200
20516: 19:44:36.184 - No Maximum retransmit timeout
20516: 19:44:36.184 - ENet: Minimum timeout: 5000ms
20516: 19:44:36.184 - ENet: Maximum timeout: 30000ms
20516: 19:44:36.184 - ENet: Max Inbound Reliable Data Queued (awaiting resends of earlier sequence numbers) per peer : 163840 bytes
20516: 19:44:36.184 - No RTT ACK adjustment timeout
20516: 19:44:36.184 - About to load application: SangoTest from FantasyOfSango
20516: 19:44:36.184 - Auto restart is enabled for application, existing connections will be terminated during restart
20516: 19:44:36.184 - Application will restart 1000ms after the last change detected
20516: 19:44:36.184 - Application will restart if files matching the following are changed: "dll;config"
20516: 19:44:36.184 - Application will NOT restart if files matching the following are changed: "log4net.config"
20516: 19:44:36.714 - Taking reference on default app domain
20516: 19:44:37.304 - Application: "SangoTest" started in app domain: 2
20516: 19:44:37.304 - About to load application: CounterPublisher from CounterPublisher
20516: 19:44:37.304 - Auto restart is enabled for application, existing connections will be terminated during restart
20516: 19:44:37.304 - Application will restart 1000ms after the last change detected
20516: 19:44:37.304 - Application will restart if files matching the following are changed: "dll;config"
20516: 19:44:37.304 - Application will NOT restart if files matching the following are changed: "log4net.config"
20516: 19:44:37.752 - Taking reference on default app domain
20516: 19:44:38.297 - Application: "CounterPublisher" started in app domain: 3
20516: 19:44:38.297 - Adding TCP listener on: 0.0.0.0: 4530 with a listen backlog of: 150
20516: 19:44:38.297 - TCP inactivity timeout: 10000ms
20516: 19:44:38.297 - TCP disconnect timeout: 120000ms
20516: 19:44:38.297 - MaxInboundMessageSize: 512000
20516: 19:44:38.297 - MaxOutboundMessageSize: 512000
20516: 19:44:38.297 - Forcing all applications ids to: "SangoTest"
20516: 19:44:38.315 - Serving policy file requests from: "D:\FantasyOfSango\Server\TestServer\Photon_v4\deploy\Policy\assets\socket-policy.xml"
20516: 19:44:38.315 - Forcing all applications ids to: "SangoTest"
20516: 19:44:38.315 - MaxInboundMessageSize: 512000
20516: 19:44:38.315 - MaxOutboundMessageSize: 512000
20516: 19:44:38.315 - UDP address specified as: "0.0.0.0" adding listener to each available IPv4 address
20516: 19:44:38.315 - Adding UDP listener on: 192.168.0.111: 5055 with a listen backlog of: 500
20516: 19:44:38.315 - Adding UDP listener on: 172.17.32.1: 5055 with a listen backlog of: 500
20516: 19:44:38.315 - Adding UDP listener on: 172.25.16.1: 5055 with a listen backlog of: 500
20516: 19:44:38.315 - Adding UDP listener on: 127.0.0.1: 5055 with a listen backlog of: 500
20516: 19:44:38.315 - Adding WebSocket TCP listener on: 0.0.0.0: 9090 with a listen backlog of: 150
20516: 19:44:38.315 - Nagle disabled
20516: 19:44:38.315 - TCP inactivity timeout: 10000ms
20516: 19:44:38.315 - MaxInboundMessageSize: 512000
20516: 19:44:38.315 - MaxOutboundMessageSize: 512000
20516: 19:44:38.315 - Forcing all applications ids to: "SangoTest"
20516: 19:44:38.315 - Will accept ANY sub-protocols from the client
20516: 19:44:38.315 - No automatic WebSocket ping
20516: 19:44:38.316 - Adding Policy File listener on: 0.0.0.0: 843 with a listen backlog of: 150 and serving Policy File: "D:\FantasyOfSango\Server\TestServer\Photon_v4\deploy\Policy\assets\socket-policy.xml"
20516: 19:44:38.316 - TCP inactivity timeout: 10000ms
20516: 19:44:38.320 - Adding Policy File listener on: 0.0.0.0: 943 with a listen backlog of: 150 and serving Policy File: "D:\FantasyOfSango\Server\TestServer\Photon_v4\deploy\Policy\assets\socket-policy-silverlight.xml"
20516: 19:44:38.320 - TCP inactivity timeout: 10000ms
20516: 19:44:38.342 - Service is running...
