35260: 00:10:58.004 - ---
35260: 00:10:58.004 - Service: "Photon Socket Server" starting
35260: 00:10:58.004 - Config File: D:\FantasyOfSango\Server\TestServer\Photon_v4\deploy\bin_Win64\PhotonServer.config
35260: 00:10:58.005 - Will produce at most: 10 crash dumps
35260: 00:10:58.006 - Service shutting down
35260: 00:10:58.007 - Service shut down complete
30152: 17:45:19.615 - ---
30152: 17:45:19.615 - Service: "Photon Socket Server" starting
30152: 17:45:19.615 - Config File: D:\FantasyOfSango\Server\TestServer\Photon_v4\deploy\bin_Win64\PhotonServer.config
30152: 17:45:19.617 - Will produce at most: 10 crash dumps
30152: 17:45:19.617 - Service shutting down
30152: 17:45:19.619 - Service shut down complete
18264: 22:22:43.660 - ---
18264: 22:22:43.660 - Service: "Photon Socket Server" starting
18264: 22:22:43.661 - Config File: D:\FantasyOfSango\Server\TestServer\Photon_v4\deploy\bin_Win64\PhotonServer.config
18264: 22:22:43.662 - Will produce at most: 10 crash dumps
18264: 22:22:43.663 - Service shutting down
18264: 22:22:43.665 - Service shut down complete
31984: 22:25:43.921 - ---
31984: 22:25:43.921 - Service: "Photon Socket Server" starting
31984: 22:25:43.921 - Config File: D:\FantasyOfSango\Server\TestServer\Photon_v4\deploy\bin_Win64\PhotonServer.config
31984: 22:25:43.923 - Will produce at most: 10 crash dumps
31984: 22:25:43.923 - Service shutting down
31984: 22:25:43.925 - Service shut down complete
41940: 22:31:42.435 - ---
41940: 22:31:42.435 - Service: "Photon Socket Server" starting
41940: 22:31:42.435 - Config File: D:\FantasyOfSango\Server\TestServer\Photon_v4\deploy\bin_Win64\PhotonServer.config
41940: 22:31:42.437 - Will produce at most: 10 crash dumps
41940: 22:31:42.437 - Service shutting down
41940: 22:31:42.439 - Service shut down complete
14628: 22:56:12.134 - ---
14628: 22:56:12.134 - Service: "Photon Socket Server" starting
14628: 22:56:12.134 - Config File: D:\FantasyOfSango\Server\TestServer\Photon_v4\deploy\bin_Win64\PhotonServer.config
14628: 22:56:12.136 - Will produce at most: 10 crash dumps
14628: 22:56:12.136 - Service shutting down
14628: 22:56:12.138 - Service shut down complete
44860: 23:10:17.273 - ---
44860: 23:10:17.273 - Service: "Photon Socket Server" starting
44860: 23:10:17.273 - Config File: D:\FantasyOfSango\Server\TestServer\Photon_v4\deploy\bin_Win64\PhotonServer.config
44860: 23:10:17.275 - Will produce at most: 10 crash dumps
44860: 23:10:17.275 - Service shutting down
44860: 23:10:17.278 - Service shut down complete
38524: 23:42:54.468 - ---
38524: 23:42:54.468 - Service: "Photon Socket Server" starting
38524: 23:42:54.468 - Config File: D:\FantasyOfSango\Server\TestServer\Photon_v4\deploy\bin_Win64\PhotonServer.config
38524: 23:42:54.469 - Will produce at most: 10 crash dumps
38524: 23:42:54.469 - Service shutting down
38524: 23:42:54.471 - Service shut down complete
8464: 23:47:21.140 - ---
8464: 23:47:21.140 - Service: "Photon Socket Server" starting
8464: 23:47:21.140 - Config File: D:\FantasyOfSango\Server\TestServer\Photon_v4\deploy\bin_Win64\PhotonServer.config
8464: 23:47:21.142 - Will produce at most: 10 crash dumps
8464: 23:47:21.143 - Service shutting down
8464: 23:47:21.144 - Service shut down complete
12096: 23:53:44.002 - ---
12096: 23:53:44.003 - Service: "Photon Socket Server" starting
12096: 23:53:44.003 - Config File: D:\FantasyOfSango\Server\TestServer\Photon_v4\deploy\bin_Win64\PhotonServer.config
12096: 23:53:44.004 - Will produce at most: 10 crash dumps
12096: 23:53:44.005 - Service shutting down
12096: 23:53:44.007 - Service shut down complete
