51516: 00:21:53.160 - ---
51516: 00:21:53.160 - Service: "Photon Socket Server" starting
51516: 00:21:53.160 - Config File: D:\FantasyOfSango\Server\TestServer\Photon_v4\FantasyOfSango_Photon\deploy\bin_Win64\PhotonServer.config
51516: 00:21:53.162 - Will produce at most: 10 crash dumps
51516: 00:21:53.162 - Action: run as exe
51516: 00:21:53.162 - Server Starting...
51516: 00:21:53.162 -    Tick count: 2006559906 (wraps in: 26.4862 days)
51516: 00:21:53.162 - Tick count 64: 2006559906
51516: 00:21:53.162 - Photon Version: 4.0.28.2962
51516: 00:21:53.162 - PID: 16372
51516: 00:21:53.162 - Config File: D:\FantasyOfSango\Server\TestServer\Photon_v4\FantasyOfSango_Photon\deploy\bin_Win64\PhotonServer.config
51516: 00:21:53.162 - Will NOT log unimportant exceptions
51516: 00:21:53.164 - Not using performance counters as they are not currently installed. Run the service with /InstallCounters to install them.
51516: 00:21:53.164 - Shutdown timeout enabled: 30000ms
51516: 00:21:53.164 - Starting I/O thread pool with 2 threads
51516: 00:21:53.164 - Using Standard allocator
51516: 00:21:53.164 - Max message size: 512000
51516: 00:21:53.164 - Starting business logic thread pool with the following settings
51516: 00:21:53.164 - InitialThreads: 4 threads
51516: 00:21:53.164 - MinThreads: 4 threads
51516: 00:21:53.164 - Thread pool is fixed size
51516: 00:21:53.165 - Starting ENet thread pool with the following settings
51516: 00:21:53.165 - InitialThreads: 2 threads
51516: 00:21:53.165 - MinThreads: 2 threads
51516: 00:21:53.165 - Thread pool is fixed size
51516: 00:21:53.165 - OnlyDispatchTimers: False
51516: 00:21:53.165 - S2S: flow control: Max pending writes: 50
51516: 00:21:53.165 - S2S: flow control: Max queued buffers: 200
51516: 00:21:53.165 - S2S: flow control: Max pending writes MUX: 500
51516: 00:21:53.165 - S2S: flow control: Max queued buffers MUX: 2000
51516: 00:21:53.165 - S2S: MaxInboundMessageSize: 512000
51516: 00:21:53.165 - S2S: MaxOutboundMessageSize: 512000
51516: 00:21:53.165 - S2S: No inactivity timeout
51516: 00:21:53.167 - WebSocket S2S: MaxInboundMessageSize: 512000
51516: 00:21:53.167 - WebSocket S2S: MaxOutboundMessageSize: 512000
51516: 00:21:53.167 - WebSocket S2S: No inactivity timeout
51516: 00:21:53.167 - Max Reliable Data In Transit (awaiting ACKs) per peer : 51200 bytes
51516: 00:21:53.167 - Per peer bandwidth limit
51516: 00:21:53.167 - Transmit Rate Limit: 256 KB/Sec
51516: 00:21:53.167 - Limit period: 200ms
51516: 00:21:53.167 - Limit per period: 52428 bytes
51516: 00:21:53.167 - Max queued data for transmission per peer: 512000 bytes
51516: 00:21:53.167 - Minimum retransmit timeout: 200
51516: 00:21:53.167 - No Maximum retransmit timeout
51516: 00:21:53.167 - Minimum ENet timeout: 5000ms
51516: 00:21:53.167 - Maximum ENet timeout: 30000ms
51516: 00:21:53.168 - Max Inbound Reliable Data Queued (awaiting resends of earlier sequence numbers) per peer : 163840 bytes
51516: 00:21:53.168 - No RTT ACK adjustment timeout
51516: 00:21:53.168 - Outbound ENet: MaxInboundMessageSize: 512000
51516: 00:21:53.168 - Outbound ENet: MaxOutboundMessageSize: 512000
51516: 00:21:53.169 - GetRuntime - About to load CLR - versions available:
51516: 00:21:53.169 - v2.0.50727
51516: 00:21:53.169 - v4.0.30319
51516: 00:21:53.169 - Configuration requests: "v2.0.50727"
51516: 00:21:53.169 - About to load version: "v2.0.50727"
51516: 00:21:53.175 - About to load runtime: PhotonHostRuntime.PhotonDomainManager from PhotonHostRuntime, Culture=neutral, PublicKeyToken=02C301B61B060C4D
51516: 00:21:53.175 - CLRBaseDirectory set to "D:\FantasyOfSango\Server\TestServer\Photon_v4\FantasyOfSango_Photon\deploy"
51516: 00:21:53.175 - Optimising event broadcast for 20 or more peers
51516: 00:21:53.175 - Start: About to load CLR - versions available:
51516: 00:21:53.175 - v2.0.50727
51516: 00:21:53.175 - v4.0.30319
51516: 00:21:53.175 - No preference in configuration file, will load latest.
51516: 00:21:53.175 - About to load version: "v4.0.30319"
51516: 00:21:53.176 - Loaded version: "v4.0.30319"
51516: 00:21:53.286 - Photon host runtime loaded
51516: 00:21:55.385 - License is valid.
51516: 00:21:55.385 - Licensed for 100 concurrent connections.
51516: 00:21:55.385 - ENet: Max Reliable Data In Transit (awaiting ACKs) per peer : 51200 bytes
51516: 00:21:55.385 - ENet: Per peer bandwidth limit
51516: 00:21:55.385 - ENet: Transmit Rate Limit: 256 KB/Sec
51516: 00:21:55.385 - ENet: Limit period: 200ms
51516: 00:21:55.385 - ENet: Limit per period: 52428 bytes
51516: 00:21:55.385 - ENet: Max queued data for transmission per peer: 512000 bytes
51516: 00:21:55.385 - ENet: Minimum retransmit timeout: 200
51516: 00:21:55.385 - No Maximum retransmit timeout
51516: 00:21:55.385 - ENet: Minimum timeout: 5000ms
51516: 00:21:55.385 - ENet: Maximum timeout: 30000ms
51516: 00:21:55.385 - ENet: Max Inbound Reliable Data Queued (awaiting resends of earlier sequence numbers) per peer : 163840 bytes
51516: 00:21:55.385 - No RTT ACK adjustment timeout
51516: 00:21:55.385 - About to load application: SangoTest from FantasyOfSango
51516: 00:21:55.385 - Auto restart is enabled for application, existing connections will be terminated during restart
51516: 00:21:55.385 - Application will restart 1000ms after the last change detected
51516: 00:21:55.385 - Application will restart if files matching the following are changed: "dll;config"
51516: 00:21:55.385 - Application will NOT restart if files matching the following are changed: "log4net.config"
51516: 00:21:55.664 - Taking reference on default app domain
51516: 00:21:55.844 - Application: "SangoTest" started in app domain: 2
51516: 00:21:55.844 - About to load application: CounterPublisher from CounterPublisher
51516: 00:21:55.844 - Auto restart is enabled for application, existing connections will be terminated during restart
51516: 00:21:55.844 - Application will restart 1000ms after the last change detected
51516: 00:21:55.844 - Application will restart if files matching the following are changed: "dll;config"
51516: 00:21:55.844 - Application will NOT restart if files matching the following are changed: "log4net.config"
51516: 00:21:56.055 - Taking reference on default app domain
51516: 00:21:56.227 - Application: "CounterPublisher" started in app domain: 3
51516: 00:21:56.227 - Adding TCP listener on: 0.0.0.0: 4530 with a listen backlog of: 150
51516: 00:21:56.227 - TCP inactivity timeout: 10000ms
51516: 00:21:56.227 - TCP disconnect timeout: 120000ms
51516: 00:21:56.227 - MaxInboundMessageSize: 512000
51516: 00:21:56.227 - MaxOutboundMessageSize: 512000
51516: 00:21:56.227 - Forcing all applications ids to: "SangoTest"
51516: 00:21:56.227 - Serving policy file requests from: "D:\FantasyOfSango\Server\TestServer\Photon_v4\FantasyOfSango_Photon\deploy\Policy\assets\socket-policy.xml"
51516: 00:21:56.229 - Forcing all applications ids to: "SangoTest"
51516: 00:21:56.229 - MaxInboundMessageSize: 512000
51516: 00:21:56.229 - MaxOutboundMessageSize: 512000
51516: 00:21:56.229 - UDP address specified as: "0.0.0.0" adding listener to each available IPv4 address
51516: 00:21:56.229 - Adding UDP listener on: 192.168.0.111: 5055 with a listen backlog of: 500
51516: 00:21:56.229 - Adding UDP listener on: 172.27.48.1: 5055 with a listen backlog of: 500
51516: 00:21:56.229 - Adding UDP listener on: 172.26.96.1: 5055 with a listen backlog of: 500
51516: 00:21:56.229 - Adding UDP listener on: 127.0.0.1: 5055 with a listen backlog of: 500
51516: 00:21:56.229 - Adding WebSocket TCP listener on: 0.0.0.0: 9090 with a listen backlog of: 150
51516: 00:21:56.229 - Nagle disabled
51516: 00:21:56.229 - TCP inactivity timeout: 10000ms
51516: 00:21:56.229 - MaxInboundMessageSize: 512000
51516: 00:21:56.229 - MaxOutboundMessageSize: 512000
51516: 00:21:56.229 - Forcing all applications ids to: "SangoTest"
51516: 00:21:56.229 - Will accept ANY sub-protocols from the client
51516: 00:21:56.229 - No automatic WebSocket ping
51516: 00:21:56.230 - Adding Policy File listener on: 0.0.0.0: 843 with a listen backlog of: 150 and serving Policy File: "D:\FantasyOfSango\Server\TestServer\Photon_v4\FantasyOfSango_Photon\deploy\Policy\assets\socket-policy.xml"
51516: 00:21:56.230 - TCP inactivity timeout: 10000ms
51516: 00:21:56.230 - Adding Policy File listener on: 0.0.0.0: 943 with a listen backlog of: 150 and serving Policy File: "D:\FantasyOfSango\Server\TestServer\Photon_v4\FantasyOfSango_Photon\deploy\Policy\assets\socket-policy-silverlight.xml"
51516: 00:21:56.230 - TCP inactivity timeout: 10000ms
51516: 00:21:56.255 - Service is running...
51516: 01:01:39.226 - Service is stopped...
51516: 01:01:39.226 - Server shutting down...
51516: 01:01:39.226 - Shutdown monitoring enabled, 30000ms before process abort
51516: 01:01:39.226 - Notifying CLR applications of shutdown...
51516: 01:01:39.226 - RequestApplicationStop: 3
51516: 01:01:39.230 - RequestApplicationStop: 2
51516: 01:01:39.231 - RequestStop: defalt app domain
51516: 01:01:39.232 - Shutting down WebSocket Outbound Connection Manager...
51516: 01:01:39.232 - Shutting down TCP Outbound Connection Manager...
51516: 01:01:39.232 - Shutting down ENet Outbound Connection Manager...
51516: 01:01:39.232 - Disconnecting all outbound peers...
51516: 01:01:39.232 - Shutting down ENet host...
51516: 01:01:39.232 - Disconnecting all peers...
51516: 01:01:39.232 - Shutting down socket servers...
51516: 01:01:39.233 - Shutting down ENet thread pool...
51516: 01:01:39.233 - Shutting down TCP inactivity timers...
51516: 01:01:39.233 - WaitingForShutdownToComplete: NativePolicy:0.0.0.0:843
51516: 01:01:39.233 - OnShutdownCompleted: NativePolicy:0.0.0.0:843
51516: 01:01:39.233 - WaitingForShutdownToComplete: NativePolicy:0.0.0.0:943
51516: 01:01:39.233 - OnShutdownCompleted: NativePolicy:0.0.0.0:943
51516: 01:01:39.233 - WaitingForShutdownToComplete: TCP:0.0.0.0:4530
51516: 01:01:39.233 - OnShutdownCompleted: TCP:0.0.0.0:4530
51516: 01:01:39.233 - WaitingForShutdownToComplete: UDP:127.0.0.1:5055
51516: 01:01:39.233 - OnShutdownCompleted: UDP:127.0.0.1:5055
51516: 01:01:39.233 - WaitingForShutdownToComplete: UDP:172.26.96.1:5055
51516: 01:01:39.233 - OnShutdownCompleted: UDP:172.26.96.1:5055
51516: 01:01:39.233 - WaitingForShutdownToComplete: UDP:172.27.48.1:5055
51516: 01:01:39.233 - OnShutdownCompleted: UDP:172.27.48.1:5055
51516: 01:01:39.233 - WaitingForShutdownToComplete: UDP:192.168.0.111:5055
51516: 01:01:39.233 - OnShutdownCompleted: UDP:192.168.0.111:5055
51516: 01:01:39.233 - WaitingForShutdownToComplete: WebSocket:0.0.0.0:9090
51516: 01:01:39.233 - OnShutdownCompleted: WebSocket:0.0.0.0:9090
51516: 01:01:39.233 - Shutting down CLR applications...
19172: 01:01:39.234 - CManagedHost::OnDefaultAction() - OPR_AppDomainUnload - eUnloadAppDomain
51516: 01:01:39.235 - CManagedHost::OnDefaultAction() - OPR_ThreadAbort - eAbortThread
7788: 01:01:39.241 - CManagedHost::OnFailure() - FAIL_CriticalResource - eThrowException
7788: 01:01:39.241 - CManagedHost::OnFailure() - FAIL_CriticalResource - eThrowException
50684: 01:01:39.244 - Unloading Domain: ApplicationName = 'CounterPublisher', DomainId='3'
19172: 01:01:39.244 - CManagedHost::OnDomainUnload() - 3
51516: 01:01:39.258 - Shutting down business logic thread pool...
51516: 01:01:39.258 - Shutting down I/O thread pool...
51516: 01:01:39.258 - Destroying servers
51516: 01:01:39.258 - Destroying WebSocket Outbound Connection Manager
51516: 01:01:39.258 - Destroying TCP Outbound Connection Manager
51516: 01:01:39.258 - Destroying TCP inactivity timer
51516: 01:01:39.258 - Destroying ENet timer wheel
51516: 01:01:39.258 - Destroying ENet host
51516: 01:01:39.258 - Destroying ENet outbound host
51516: 01:01:39.258 - Destroying HTTP inactivity timer
51516: 01:01:39.258 - Destroying HTTP host
51516: 01:01:39.258 - Destroying HTTP Chunk host
51516: 01:01:39.258 - Flushing ENET buffer allocator...
51516: 01:01:39.258 - Flushing TCP buffer handle allocator...
51516: 01:01:39.258 - Flushing stream socket allocator...
51516: 01:01:39.258 - Flushing inbound datagram socket allocator...
51516: 01:01:39.260 - Flushing outbound datagram socket allocator...
51516: 01:01:39.260 - Destroying CLR dispatcher
51516: 01:01:39.260 - Destroying CLR applications
51516: 01:01:39.261 - ~CCLRApplicationCollection() - Waiting up to 10 seconds for the CLR to release all of our objects
19172: 01:01:39.262 - CManagedHost::OnDefaultAction() - OPR_AppDomainUnload - eUnloadAppDomain
50684: 01:01:39.266 - Unloading Domain: ApplicationName = 'SangoTest', DomainId='2'
19172: 01:01:39.266 - CManagedHost::OnDomainUnload() - 2
51516: 01:01:39.267 - ~CCLRApplicationCollection() - Done. All objects released
51516: 01:01:39.268 - ~CManagedHost() - Release default app domain
51516: 01:01:39.268 - CManagedHost::OnDomainUnload() - 1
51516: 01:01:39.268 - ~CManagedHost() - Waiting up to 10 seconds for CLR shutdown...
51516: 01:01:39.268 - ~CManagedHost
51516: 01:01:39.268 - Destroying ENet thread pool
51516: 01:01:39.268 - Destroying Business logic thread pool
51516: 01:01:39.268 - Destroying I/O thread pool
51516: 01:01:39.268 - Destroying ENet buffer allocator
51516: 01:01:39.268 - Destroying TCP buffer allocator
51516: 01:01:39.268 - Destroying TCP socket allocator
51516: 01:01:39.268 - Destroying ENet inbound socket allocator
51516: 01:01:39.268 - Destroying ENet outbound socket allocator
51516: 01:01:39.268 - Destroying shared datagram flow control data
51516: 01:01:39.268 - Shutdown complete...
51516: 01:01:39.268 - Service shutting down
51516: 01:01:39.270 - Service shut down complete
29928: 13:47:18.872 - ---
29928: 13:47:18.872 - Service: "Photon Socket Server" starting
29928: 13:47:18.872 - Config File: D:\FantasyOfSango\Server\TestServer\Photon_v4\FantasyOfSango_Photon\deploy\bin_Win64\PhotonServer.config
29928: 13:47:18.874 - Will produce at most: 10 crash dumps
29928: 13:47:18.874 - Action: run as exe
29928: 13:47:18.874 - Server Starting...
29928: 13:47:18.874 -    Tick count: 2054886765 (wraps in: 25.9269 days)
29928: 13:47:18.874 - Tick count 64: 2054886765
29928: 13:47:18.874 - Photon Version: 4.0.28.2962
29928: 13:47:18.874 - PID: 41316
29928: 13:47:18.875 - Config File: D:\FantasyOfSango\Server\TestServer\Photon_v4\FantasyOfSango_Photon\deploy\bin_Win64\PhotonServer.config
29928: 13:47:18.875 - Will NOT log unimportant exceptions
29928: 13:47:18.877 - Not using performance counters as they are not currently installed. Run the service with /InstallCounters to install them.
29928: 13:47:18.877 - Shutdown timeout enabled: 30000ms
29928: 13:47:18.877 - Starting I/O thread pool with 2 threads
29928: 13:47:18.877 - Using Standard allocator
29928: 13:47:18.877 - Max message size: 512000
29928: 13:47:18.877 - Starting business logic thread pool with the following settings
29928: 13:47:18.877 - InitialThreads: 4 threads
29928: 13:47:18.877 - MinThreads: 4 threads
29928: 13:47:18.877 - Thread pool is fixed size
29928: 13:47:18.877 - Starting ENet thread pool with the following settings
29928: 13:47:18.877 - InitialThreads: 2 threads
29928: 13:47:18.877 - MinThreads: 2 threads
29928: 13:47:18.877 - Thread pool is fixed size
29928: 13:47:18.877 - OnlyDispatchTimers: False
29928: 13:47:18.877 - S2S: flow control: Max pending writes: 50
29928: 13:47:18.877 - S2S: flow control: Max queued buffers: 200
29928: 13:47:18.877 - S2S: flow control: Max pending writes MUX: 500
29928: 13:47:18.877 - S2S: flow control: Max queued buffers MUX: 2000
29928: 13:47:18.877 - S2S: MaxInboundMessageSize: 512000
29928: 13:47:18.877 - S2S: MaxOutboundMessageSize: 512000
29928: 13:47:18.877 - S2S: No inactivity timeout
29928: 13:47:18.880 - WebSocket S2S: MaxInboundMessageSize: 512000
29928: 13:47:18.880 - WebSocket S2S: MaxOutboundMessageSize: 512000
29928: 13:47:18.880 - WebSocket S2S: No inactivity timeout
29928: 13:47:18.880 - Max Reliable Data In Transit (awaiting ACKs) per peer : 51200 bytes
29928: 13:47:18.880 - Per peer bandwidth limit
29928: 13:47:18.880 - Transmit Rate Limit: 256 KB/Sec
29928: 13:47:18.880 - Limit period: 200ms
29928: 13:47:18.880 - Limit per period: 52428 bytes
29928: 13:47:18.880 - Max queued data for transmission per peer: 512000 bytes
29928: 13:47:18.880 - Minimum retransmit timeout: 200
29928: 13:47:18.880 - No Maximum retransmit timeout
29928: 13:47:18.880 - Minimum ENet timeout: 5000ms
29928: 13:47:18.880 - Maximum ENet timeout: 30000ms
29928: 13:47:18.880 - Max Inbound Reliable Data Queued (awaiting resends of earlier sequence numbers) per peer : 163840 bytes
29928: 13:47:18.880 - No RTT ACK adjustment timeout
29928: 13:47:18.880 - Outbound ENet: MaxInboundMessageSize: 512000
29928: 13:47:18.880 - Outbound ENet: MaxOutboundMessageSize: 512000
29928: 13:47:18.882 - GetRuntime - About to load CLR - versions available:
29928: 13:47:18.882 - v2.0.50727
29928: 13:47:18.882 - v4.0.30319
29928: 13:47:18.882 - Configuration requests: "v2.0.50727"
29928: 13:47:18.882 - About to load version: "v2.0.50727"
29928: 13:47:18.894 - About to load runtime: PhotonHostRuntime.PhotonDomainManager from PhotonHostRuntime, Culture=neutral, PublicKeyToken=02C301B61B060C4D
29928: 13:47:18.894 - CLRBaseDirectory set to "D:\FantasyOfSango\Server\TestServer\Photon_v4\FantasyOfSango_Photon\deploy"
29928: 13:47:18.894 - Optimising event broadcast for 20 or more peers
29928: 13:47:18.895 - Start: About to load CLR - versions available:
29928: 13:47:18.895 - v2.0.50727
29928: 13:47:18.895 - v4.0.30319
29928: 13:47:18.895 - No preference in configuration file, will load latest.
29928: 13:47:18.895 - About to load version: "v4.0.30319"
29928: 13:47:18.896 - Loaded version: "v4.0.30319"
29928: 13:47:19.123 - Photon host runtime loaded
29928: 13:47:20.863 - License is valid.
29928: 13:47:20.863 - Licensed for 100 concurrent connections.
29928: 13:47:20.876 - ENet: Max Reliable Data In Transit (awaiting ACKs) per peer : 51200 bytes
29928: 13:47:20.876 - ENet: Per peer bandwidth limit
29928: 13:47:20.876 - ENet: Transmit Rate Limit: 256 KB/Sec
29928: 13:47:20.876 - ENet: Limit period: 200ms
29928: 13:47:20.876 - ENet: Limit per period: 52428 bytes
29928: 13:47:20.876 - ENet: Max queued data for transmission per peer: 512000 bytes
29928: 13:47:20.876 - ENet: Minimum retransmit timeout: 200
29928: 13:47:20.876 - No Maximum retransmit timeout
29928: 13:47:20.876 - ENet: Minimum timeout: 5000ms
29928: 13:47:20.876 - ENet: Maximum timeout: 30000ms
29928: 13:47:20.876 - ENet: Max Inbound Reliable Data Queued (awaiting resends of earlier sequence numbers) per peer : 163840 bytes
29928: 13:47:20.876 - No RTT ACK adjustment timeout
29928: 13:47:20.876 - About to load application: SangoTest from FantasyOfSango
29928: 13:47:20.876 - Auto restart is enabled for application, existing connections will be terminated during restart
29928: 13:47:20.876 - Application will restart 1000ms after the last change detected
29928: 13:47:20.876 - Application will restart if files matching the following are changed: "dll;config"
29928: 13:47:20.876 - Application will NOT restart if files matching the following are changed: "log4net.config"
29928: 13:47:21.397 - Taking reference on default app domain
29928: 13:47:22.104 - Application: "SangoTest" started in app domain: 2
29928: 13:47:22.104 - About to load application: CounterPublisher from CounterPublisher
29928: 13:47:22.104 - Auto restart is enabled for application, existing connections will be terminated during restart
29928: 13:47:22.104 - Application will restart 1000ms after the last change detected
29928: 13:47:22.104 - Application will restart if files matching the following are changed: "dll;config"
29928: 13:47:22.104 - Application will NOT restart if files matching the following are changed: "log4net.config"
29928: 13:47:22.609 - Taking reference on default app domain
29928: 13:47:23.389 - Application: "CounterPublisher" started in app domain: 3
29928: 13:47:23.389 - Adding TCP listener on: 0.0.0.0: 4530 with a listen backlog of: 150
29928: 13:47:23.389 - TCP inactivity timeout: 10000ms
29928: 13:47:23.389 - TCP disconnect timeout: 120000ms
29928: 13:47:23.389 - MaxInboundMessageSize: 512000
29928: 13:47:23.389 - MaxOutboundMessageSize: 512000
29928: 13:47:23.389 - Forcing all applications ids to: "SangoTest"
29928: 13:47:23.393 - Serving policy file requests from: "D:\FantasyOfSango\Server\TestServer\Photon_v4\FantasyOfSango_Photon\deploy\Policy\assets\socket-policy.xml"
29928: 13:47:23.394 - Forcing all applications ids to: "SangoTest"
29928: 13:47:23.394 - MaxInboundMessageSize: 512000
29928: 13:47:23.394 - MaxOutboundMessageSize: 512000
29928: 13:47:23.394 - UDP address specified as: "0.0.0.0" adding listener to each available IPv4 address
29928: 13:47:23.394 - Adding UDP listener on: 192.168.0.111: 5055 with a listen backlog of: 500
29928: 13:47:23.394 - Adding UDP listener on: 172.27.48.1: 5055 with a listen backlog of: 500
29928: 13:47:23.394 - Adding UDP listener on: 172.26.96.1: 5055 with a listen backlog of: 500
29928: 13:47:23.394 - Adding UDP listener on: 127.0.0.1: 5055 with a listen backlog of: 500
29928: 13:47:23.394 - Adding WebSocket TCP listener on: 0.0.0.0: 9090 with a listen backlog of: 150
29928: 13:47:23.394 - Nagle disabled
29928: 13:47:23.394 - TCP inactivity timeout: 10000ms
29928: 13:47:23.394 - MaxInboundMessageSize: 512000
29928: 13:47:23.394 - MaxOutboundMessageSize: 512000
29928: 13:47:23.394 - Forcing all applications ids to: "SangoTest"
29928: 13:47:23.394 - Will accept ANY sub-protocols from the client
29928: 13:47:23.394 - No automatic WebSocket ping
29928: 13:47:23.394 - Adding Policy File listener on: 0.0.0.0: 843 with a listen backlog of: 150 and serving Policy File: "D:\FantasyOfSango\Server\TestServer\Photon_v4\FantasyOfSango_Photon\deploy\Policy\assets\socket-policy.xml"
29928: 13:47:23.394 - TCP inactivity timeout: 10000ms
29928: 13:47:23.401 - Adding Policy File listener on: 0.0.0.0: 943 with a listen backlog of: 150 and serving Policy File: "D:\FantasyOfSango\Server\TestServer\Photon_v4\FantasyOfSango_Photon\deploy\Policy\assets\socket-policy-silverlight.xml"
29928: 13:47:23.401 - TCP inactivity timeout: 10000ms
29928: 13:47:23.441 - Service is running...
