1748: 20:07:26.232 - ---
1748: 20:07:26.232 - Service: "Photon Socket Server" starting
1748: 20:07:26.232 - Config File: D:\FantasyOfSango\Server\TestServer\Photon_v4\FantasyOfSango_Photon\deploy\bin_Win64\PhotonServer.config
1748: 20:07:26.234 - Will produce at most: 10 crash dumps
1748: 20:07:26.234 - Action: run as exe
1748: 20:07:26.234 - Server Starting...
1748: 20:07:26.234 -    Tick count: 1991292984 (wraps in: 26.6629 days)
1748: 20:07:26.234 - Tick count 64: 1991292984
1748: 20:07:26.234 - Photon Version: 4.0.28.2962
1748: 20:07:26.234 - PID: 14072
1748: 20:07:26.234 - Config File: D:\FantasyOfSango\Server\TestServer\Photon_v4\FantasyOfSango_Photon\deploy\bin_Win64\PhotonServer.config
1748: 20:07:26.235 - Will NOT log unimportant exceptions
1748: 20:07:26.236 - Not using performance counters as they are not currently installed. Run the service with /InstallCounters to install them.
1748: 20:07:26.236 - Shutdown timeout enabled: 30000ms
1748: 20:07:26.236 - Starting I/O thread pool with 2 threads
1748: 20:07:26.236 - Using Standard allocator
1748: 20:07:26.236 - Max message size: 512000
1748: 20:07:26.236 - Starting business logic thread pool with the following settings
1748: 20:07:26.236 - InitialThreads: 4 threads
1748: 20:07:26.236 - MinThreads: 4 threads
1748: 20:07:26.236 - Thread pool is fixed size
1748: 20:07:26.237 - Starting ENet thread pool with the following settings
1748: 20:07:26.237 - InitialThreads: 2 threads
1748: 20:07:26.237 - MinThreads: 2 threads
1748: 20:07:26.237 - Thread pool is fixed size
1748: 20:07:26.237 - OnlyDispatchTimers: False
1748: 20:07:26.237 - S2S: flow control: Max pending writes: 50
1748: 20:07:26.237 - S2S: flow control: Max queued buffers: 200
1748: 20:07:26.237 - S2S: flow control: Max pending writes MUX: 500
1748: 20:07:26.237 - S2S: flow control: Max queued buffers MUX: 2000
1748: 20:07:26.237 - S2S: MaxInboundMessageSize: 512000
1748: 20:07:26.237 - S2S: MaxOutboundMessageSize: 512000
1748: 20:07:26.237 - S2S: No inactivity timeout
1748: 20:07:26.241 - WebSocket S2S: MaxInboundMessageSize: 512000
1748: 20:07:26.241 - WebSocket S2S: MaxOutboundMessageSize: 512000
1748: 20:07:26.241 - WebSocket S2S: No inactivity timeout
1748: 20:07:26.241 - Max Reliable Data In Transit (awaiting ACKs) per peer : 51200 bytes
1748: 20:07:26.241 - Per peer bandwidth limit
1748: 20:07:26.241 - Transmit Rate Limit: 256 KB/Sec
1748: 20:07:26.241 - Limit period: 200ms
1748: 20:07:26.241 - Limit per period: 52428 bytes
1748: 20:07:26.241 - Max queued data for transmission per peer: 512000 bytes
1748: 20:07:26.241 - Minimum retransmit timeout: 200
1748: 20:07:26.241 - No Maximum retransmit timeout
1748: 20:07:26.241 - Minimum ENet timeout: 5000ms
1748: 20:07:26.241 - Maximum ENet timeout: 30000ms
1748: 20:07:26.241 - Max Inbound Reliable Data Queued (awaiting resends of earlier sequence numbers) per peer : 163840 bytes
1748: 20:07:26.241 - No RTT ACK adjustment timeout
1748: 20:07:26.241 - Outbound ENet: MaxInboundMessageSize: 512000
1748: 20:07:26.241 - Outbound ENet: MaxOutboundMessageSize: 512000
1748: 20:07:26.243 - GetRuntime - About to load CLR - versions available:
1748: 20:07:26.243 - v2.0.50727
1748: 20:07:26.243 - v4.0.30319
1748: 20:07:26.243 - Configuration requests: "v2.0.50727"
1748: 20:07:26.243 - About to load version: "v2.0.50727"
1748: 20:07:26.257 - About to load runtime: PhotonHostRuntime.PhotonDomainManager from PhotonHostRuntime, Culture=neutral, PublicKeyToken=02C301B61B060C4D
1748: 20:07:26.257 - CLRBaseDirectory set to "D:\FantasyOfSango\Server\TestServer\Photon_v4\FantasyOfSango_Photon\deploy"
1748: 20:07:26.257 - Optimising event broadcast for 20 or more peers
1748: 20:07:26.257 - Start: About to load CLR - versions available:
1748: 20:07:26.257 - v2.0.50727
1748: 20:07:26.257 - v4.0.30319
1748: 20:07:26.257 - No preference in configuration file, will load latest.
1748: 20:07:26.257 - About to load version: "v4.0.30319"
1748: 20:07:26.258 - Loaded version: "v4.0.30319"
1748: 20:07:26.416 - Photon host runtime loaded
1748: 20:07:28.175 - License is valid.
1748: 20:07:28.175 - Licensed for 100 concurrent connections.
1748: 20:07:28.204 - ENet: Max Reliable Data In Transit (awaiting ACKs) per peer : 51200 bytes
1748: 20:07:28.204 - ENet: Per peer bandwidth limit
1748: 20:07:28.204 - ENet: Transmit Rate Limit: 256 KB/Sec
1748: 20:07:28.204 - ENet: Limit period: 200ms
1748: 20:07:28.204 - ENet: Limit per period: 52428 bytes
1748: 20:07:28.204 - ENet: Max queued data for transmission per peer: 512000 bytes
1748: 20:07:28.204 - ENet: Minimum retransmit timeout: 200
1748: 20:07:28.204 - No Maximum retransmit timeout
1748: 20:07:28.204 - ENet: Minimum timeout: 5000ms
1748: 20:07:28.204 - ENet: Maximum timeout: 30000ms
1748: 20:07:28.204 - ENet: Max Inbound Reliable Data Queued (awaiting resends of earlier sequence numbers) per peer : 163840 bytes
1748: 20:07:28.204 - No RTT ACK adjustment timeout
1748: 20:07:28.204 - About to load application: SangoTest from FantasyOfSango
1748: 20:07:28.204 - Auto restart is enabled for application, existing connections will be terminated during restart
1748: 20:07:28.204 - Application will restart 1000ms after the last change detected
1748: 20:07:28.204 - Application will restart if files matching the following are changed: "dll;config"
1748: 20:07:28.204 - Application will NOT restart if files matching the following are changed: "log4net.config"
1748: 20:07:31.113 - Taking reference on default app domain
1748: 20:07:31.767 - Application: "SangoTest" started in app domain: 2
1748: 20:07:31.767 - About to load application: CounterPublisher from CounterPublisher
1748: 20:07:31.767 - Auto restart is enabled for application, existing connections will be terminated during restart
1748: 20:07:31.767 - Application will restart 1000ms after the last change detected
1748: 20:07:31.767 - Application will restart if files matching the following are changed: "dll;config"
1748: 20:07:31.767 - Application will NOT restart if files matching the following are changed: "log4net.config"
1748: 20:07:32.320 - Taking reference on default app domain
1748: 20:07:36.701 - Application: "CounterPublisher" started in app domain: 3
1748: 20:07:36.701 - Adding TCP listener on: 0.0.0.0: 4530 with a listen backlog of: 150
1748: 20:07:36.701 - TCP inactivity timeout: 10000ms
1748: 20:07:36.701 - TCP disconnect timeout: 120000ms
1748: 20:07:36.701 - MaxInboundMessageSize: 512000
1748: 20:07:36.701 - MaxOutboundMessageSize: 512000
1748: 20:07:36.701 - Forcing all applications ids to: "SangoTest"
1748: 20:07:36.705 - Serving policy file requests from: "D:\FantasyOfSango\Server\TestServer\Photon_v4\FantasyOfSango_Photon\deploy\Policy\assets\socket-policy.xml"
1748: 20:07:36.705 - Forcing all applications ids to: "SangoTest"
1748: 20:07:36.705 - MaxInboundMessageSize: 512000
1748: 20:07:36.705 - MaxOutboundMessageSize: 512000
1748: 20:07:36.705 - UDP address specified as: "0.0.0.0" adding listener to each available IPv4 address
1748: 20:07:36.706 - Adding UDP listener on: 192.168.0.111: 5055 with a listen backlog of: 500
1748: 20:07:36.706 - Adding UDP listener on: 172.27.48.1: 5055 with a listen backlog of: 500
1748: 20:07:36.706 - Adding UDP listener on: 172.26.96.1: 5055 with a listen backlog of: 500
1748: 20:07:36.706 - Adding UDP listener on: 127.0.0.1: 5055 with a listen backlog of: 500
1748: 20:07:36.706 - Adding WebSocket TCP listener on: 0.0.0.0: 9090 with a listen backlog of: 150
1748: 20:07:36.706 - Nagle disabled
1748: 20:07:36.706 - TCP inactivity timeout: 10000ms
1748: 20:07:36.706 - MaxInboundMessageSize: 512000
1748: 20:07:36.706 - MaxOutboundMessageSize: 512000
1748: 20:07:36.706 - Forcing all applications ids to: "SangoTest"
1748: 20:07:36.706 - Will accept ANY sub-protocols from the client
1748: 20:07:36.706 - No automatic WebSocket ping
1748: 20:07:36.706 - Adding Policy File listener on: 0.0.0.0: 843 with a listen backlog of: 150 and serving Policy File: "D:\FantasyOfSango\Server\TestServer\Photon_v4\FantasyOfSango_Photon\deploy\Policy\assets\socket-policy.xml"
1748: 20:07:36.706 - TCP inactivity timeout: 10000ms
1748: 20:07:36.716 - Adding Policy File listener on: 0.0.0.0: 943 with a listen backlog of: 150 and serving Policy File: "D:\FantasyOfSango\Server\TestServer\Photon_v4\FantasyOfSango_Photon\deploy\Policy\assets\socket-policy-silverlight.xml"
1748: 20:07:36.716 - TCP inactivity timeout: 10000ms
1748: 20:07:36.741 - Service is running...
1748: 20:29:01.967 - Service is stopped...
1748: 20:29:01.967 - Server shutting down...
1748: 20:29:01.967 - Shutdown monitoring enabled, 30000ms before process abort
1748: 20:29:01.987 - Notifying CLR applications of shutdown...
1748: 20:29:01.987 - RequestApplicationStop: 3
1748: 20:29:01.991 - RequestApplicationStop: 2
1748: 20:29:01.994 - RequestStop: defalt app domain
1748: 20:29:01.994 - Shutting down WebSocket Outbound Connection Manager...
1748: 20:29:01.995 - Shutting down TCP Outbound Connection Manager...
1748: 20:29:02.008 - Shutting down ENet Outbound Connection Manager...
1748: 20:29:02.008 - Disconnecting all outbound peers...
1748: 20:29:02.019 - Shutting down ENet host...
1748: 20:29:02.019 - Disconnecting all peers...
1748: 20:29:02.019 - CUDPSocketServer::OnError() - CUDPSocketServer::OnSendToCompletionError(): An operation was attempted on something that is not a socket.
1748: 20:29:02.019 - 1 disconnected
1748: 20:29:02.019 - Shutting down socket servers...
1748: 20:29:02.019 - Shutting down ENet thread pool...
1748: 20:29:02.019 - Shutting down TCP inactivity timers...
1748: 20:29:02.030 - ENet Host - Resetting all peers...
1748: 20:29:02.030 - WaitingForShutdownToComplete: NativePolicy:0.0.0.0:843
1748: 20:29:02.030 - OnShutdownCompleted: NativePolicy:0.0.0.0:843
1748: 20:29:02.030 - WaitingForShutdownToComplete: NativePolicy:0.0.0.0:943
1748: 20:29:02.030 - OnShutdownCompleted: NativePolicy:0.0.0.0:943
1748: 20:29:02.030 - WaitingForShutdownToComplete: TCP:0.0.0.0:4530
1748: 20:29:02.030 - OnShutdownCompleted: TCP:0.0.0.0:4530
1748: 20:29:02.030 - WaitingForShutdownToComplete: UDP:127.0.0.1:5055
1748: 20:29:02.030 - OnShutdownCompleted: UDP:127.0.0.1:5055
1748: 20:29:02.030 - WaitingForShutdownToComplete: UDP:172.26.96.1:5055
1748: 20:29:02.030 - OnShutdownCompleted: UDP:172.26.96.1:5055
1748: 20:29:02.030 - WaitingForShutdownToComplete: UDP:172.27.48.1:5055
1748: 20:29:02.030 - OnShutdownCompleted: UDP:172.27.48.1:5055
1748: 20:29:02.030 - WaitingForShutdownToComplete: UDP:192.168.0.111:5055
1748: 20:29:02.030 - OnShutdownCompleted: UDP:192.168.0.111:5055
1748: 20:29:02.030 - WaitingForShutdownToComplete: WebSocket:0.0.0.0:9090
1748: 20:29:02.030 - OnShutdownCompleted: WebSocket:0.0.0.0:9090
1748: 20:29:02.030 - Shutting down CLR applications...
22772: 20:29:02.042 - CManagedHost::OnDefaultAction() - OPR_AppDomainUnload - eUnloadAppDomain
1748: 20:29:02.043 - CManagedHost::OnDefaultAction() - OPR_ThreadAbort - eAbortThread
29384: 20:29:02.052 - Unloading Domain: ApplicationName = 'CounterPublisher', DomainId='3'
22772: 20:29:02.053 - CManagedHost::OnDomainUnload() - 3
3440: 20:29:02.099 - CManagedHost::OnFailure() - FAIL_CriticalResource - eThrowException
3440: 20:29:02.099 - CManagedHost::OnFailure() - FAIL_CriticalResource - eThrowException
1748: 20:29:02.165 - Shutting down business logic thread pool...
1748: 20:29:02.165 - Shutting down I/O thread pool...
1748: 20:29:02.165 - Destroying servers
1748: 20:29:02.166 - Destroying WebSocket Outbound Connection Manager
1748: 20:29:02.166 - Destroying TCP Outbound Connection Manager
1748: 20:29:02.166 - Destroying TCP inactivity timer
1748: 20:29:02.166 - Destroying ENet timer wheel
1748: 20:29:02.166 - Destroying ENet host
1748: 20:29:02.166 - Destroying ENet outbound host
1748: 20:29:02.166 - Destroying HTTP inactivity timer
1748: 20:29:02.166 - Destroying HTTP host
1748: 20:29:02.166 - Destroying HTTP Chunk host
1748: 20:29:02.166 - Flushing ENET buffer allocator...
1748: 20:29:02.167 - Flushing TCP buffer handle allocator...
1748: 20:29:02.167 - Flushing stream socket allocator...
1748: 20:29:02.168 - Flushing inbound datagram socket allocator...
1748: 20:29:02.170 - Flushing outbound datagram socket allocator...
1748: 20:29:02.170 - Destroying CLR dispatcher
1748: 20:29:02.170 - Destroying CLR applications
1748: 20:29:02.193 - ~CCLRApplicationCollection() - Waiting up to 10 seconds for the CLR to release all of our objects
22772: 20:29:02.250 - CManagedHost::OnDefaultAction() - OPR_AppDomainUnload - eUnloadAppDomain
29384: 20:29:02.257 - Unloading Domain: ApplicationName = 'SangoTest', DomainId='2'
22772: 20:29:02.257 - CManagedHost::OnDomainUnload() - 2
1748: 20:29:02.259 - ~CCLRApplicationCollection() - Done. All objects released
1748: 20:29:02.259 - ~CManagedHost() - Release default app domain
1748: 20:29:02.259 - CManagedHost::OnDomainUnload() - 1
1748: 20:29:02.259 - ~CManagedHost() - Waiting up to 10 seconds for CLR shutdown...
1748: 20:29:02.259 - ~CManagedHost
1748: 20:29:02.259 - Destroying ENet thread pool
1748: 20:29:02.259 - Destroying Business logic thread pool
1748: 20:29:02.259 - Destroying I/O thread pool
1748: 20:29:02.259 - Destroying ENet buffer allocator
1748: 20:29:02.259 - Destroying TCP buffer allocator
1748: 20:29:02.259 - Destroying TCP socket allocator
1748: 20:29:02.259 - Destroying ENet inbound socket allocator
1748: 20:29:02.259 - Destroying ENet outbound socket allocator
1748: 20:29:02.259 - Destroying shared datagram flow control data
1748: 20:29:02.260 - Shutdown complete...
1748: 20:29:02.261 - Service shutting down
1748: 20:29:02.264 - Service shut down complete
