17464: 00:30:34.568 - Service is stopped...
17464: 00:30:34.568 - Server shutting down...
17464: 00:30:34.568 - Shutdown monitoring enabled, 30000ms before process abort
17464: 00:30:34.568 - Notifying CLR applications of shutdown...
17464: 00:30:34.568 - RequestApplicationStop: 3
17464: 00:30:34.572 - RequestApplicationStop: 2
17464: 00:30:34.580 - RequestStop: defalt app domain
17464: 00:30:34.581 - Shutting down WebSocket Outbound Connection Manager...
17464: 00:30:34.581 - Shutting down TCP Outbound Connection Manager...
17464: 00:30:34.581 - Shutting down ENet Outbound Connection Manager...
17464: 00:30:34.581 - Disconnecting all outbound peers...
17464: 00:30:34.581 - Shutting down ENet host...
17464: 00:30:34.581 - Disconnecting all peers...
17464: 00:30:34.581 - Shutting down socket servers...
17464: 00:30:34.581 - Shutting down ENet thread pool...
17464: 00:30:34.581 - Shutting down TCP inactivity timers...
17464: 00:30:34.581 - WaitingForShutdownToComplete: NativePolicy:0.0.0.0:843
17464: 00:30:34.581 - OnShutdownCompleted: NativePolicy:0.0.0.0:843
17464: 00:30:34.581 - WaitingForShutdownToComplete: NativePolicy:0.0.0.0:943
17464: 00:30:34.581 - OnShutdownCompleted: NativePolicy:0.0.0.0:943
17464: 00:30:34.581 - WaitingForShutdownToComplete: TCP:0.0.0.0:4530
17464: 00:30:34.581 - OnShutdownCompleted: TCP:0.0.0.0:4530
17464: 00:30:34.581 - WaitingForShutdownToComplete: UDP:127.0.0.1:5055
17464: 00:30:34.581 - OnShutdownCompleted: UDP:127.0.0.1:5055
17464: 00:30:34.581 - WaitingForShutdownToComplete: UDP:172.17.48.1:5055
17464: 00:30:34.581 - OnShutdownCompleted: UDP:172.17.48.1:5055
17464: 00:30:34.581 - WaitingForShutdownToComplete: UDP:172.25.96.1:5055
17464: 00:30:34.581 - OnShutdownCompleted: UDP:172.25.96.1:5055
17464: 00:30:34.581 - WaitingForShutdownToComplete: UDP:192.168.0.111:5055
17464: 00:30:34.581 - OnShutdownCompleted: UDP:192.168.0.111:5055
17464: 00:30:34.581 - WaitingForShutdownToComplete: WebSocket:0.0.0.0:9090
17464: 00:30:34.581 - OnShutdownCompleted: WebSocket:0.0.0.0:9090
17464: 00:30:34.581 - Shutting down CLR applications...
17000: 00:30:34.583 - CManagedHost::OnDefaultAction() - OPR_AppDomainUnload - eUnloadAppDomain
17464: 00:30:34.584 - CManagedHost::OnDefaultAction() - OPR_ThreadAbort - eAbortThread
22580: 00:30:34.585 - CManagedHost::OnFailure() - FAIL_CriticalResource - eThrowException
22580: 00:30:34.585 - CManagedHost::OnFailure() - FAIL_CriticalResource - eThrowException
23572: 00:30:34.590 - Unloading Domain: ApplicationName = 'CounterPublisher', DomainId='3'
17000: 00:30:34.590 - CManagedHost::OnDomainUnload() - 3
17464: 00:30:34.597 - Shutting down business logic thread pool...
17464: 00:30:34.597 - Shutting down I/O thread pool...
17464: 00:30:34.597 - Destroying servers
17464: 00:30:34.597 - Destroying WebSocket Outbound Connection Manager
17464: 00:30:34.597 - Destroying TCP Outbound Connection Manager
17464: 00:30:34.597 - Destroying TCP inactivity timer
17464: 00:30:34.597 - Destroying ENet timer wheel
17464: 00:30:34.597 - Destroying ENet host
17464: 00:30:34.597 - Destroying ENet outbound host
17464: 00:30:34.597 - Destroying HTTP inactivity timer
17464: 00:30:34.597 - Destroying HTTP host
17464: 00:30:34.597 - Destroying HTTP Chunk host
17464: 00:30:34.597 - Flushing ENET buffer allocator...
17464: 00:30:34.598 - Flushing TCP buffer handle allocator...
17464: 00:30:34.598 - Flushing stream socket allocator...
17464: 00:30:34.599 - Flushing inbound datagram socket allocator...
17464: 00:30:34.599 - Flushing outbound datagram socket allocator...
17464: 00:30:34.599 - Destroying CLR dispatcher
17464: 00:30:34.599 - Destroying CLR applications
17464: 00:30:34.600 - ~CCLRApplicationCollection() - Waiting up to 10 seconds for the CLR to release all of our objects
17000: 00:30:34.609 - CManagedHost::OnDefaultAction() - OPR_AppDomainUnload - eUnloadAppDomain
23572: 00:30:34.612 - Unloading Domain: ApplicationName = 'SangoTest', DomainId='2'
17000: 00:30:34.612 - CManagedHost::OnDomainUnload() - 2
17464: 00:30:34.612 - ~CCLRApplicationCollection() - Done. All objects released
17464: 00:30:34.612 - ~CManagedHost() - Release default app domain
17464: 00:30:34.612 - CManagedHost::OnDomainUnload() - 1
17464: 00:30:34.612 - ~CManagedHost() - Waiting up to 10 seconds for CLR shutdown...
17464: 00:30:34.612 - ~CManagedHost
17464: 00:30:34.612 - Destroying ENet thread pool
17464: 00:30:34.612 - Destroying Business logic thread pool
17464: 00:30:34.612 - Destroying I/O thread pool
17464: 00:30:34.612 - Destroying ENet buffer allocator
17464: 00:30:34.612 - Destroying TCP buffer allocator
17464: 00:30:34.612 - Destroying TCP socket allocator
17464: 00:30:34.612 - Destroying ENet inbound socket allocator
17464: 00:30:34.612 - Destroying ENet outbound socket allocator
17464: 00:30:34.612 - Destroying shared datagram flow control data
17464: 00:30:34.612 - Shutdown complete...
17464: 00:30:34.613 - Service shutting down
17464: 00:30:34.615 - Service shut down complete
19648: 18:51:02.658 - ---
19648: 18:51:02.658 - Service: "Photon Socket Server" starting
19648: 18:51:02.658 - Config File: D:\FantasyOfSango\Server\TestServer\Photon_v4\FantasyOfSango_Photon\deploy\bin_Win64\PhotonServer.config
19648: 18:51:02.660 - Will produce at most: 10 crash dumps
19648: 18:51:02.660 - Action: run as exe
19648: 18:51:02.661 - Server Starting...
19648: 18:51:02.661 -    Tick count: 111335046 (wraps in: 48.4217 days)
19648: 18:51:02.661 - Tick count 64: 111335046
19648: 18:51:02.661 - Photon Version: 4.0.28.2962
19648: 18:51:02.661 - PID: 13296
19648: 18:51:02.661 - Config File: D:\FantasyOfSango\Server\TestServer\Photon_v4\FantasyOfSango_Photon\deploy\bin_Win64\PhotonServer.config
19648: 18:51:02.661 - Will NOT log unimportant exceptions
19648: 18:51:02.664 - Not using performance counters as they are not currently installed. Run the service with /InstallCounters to install them.
19648: 18:51:02.664 - Shutdown timeout enabled: 30000ms
19648: 18:51:02.664 - Starting I/O thread pool with 2 threads
19648: 18:51:02.664 - Using Standard allocator
19648: 18:51:02.664 - Max message size: 512000
19648: 18:51:02.664 - Starting business logic thread pool with the following settings
19648: 18:51:02.664 - InitialThreads: 4 threads
19648: 18:51:02.664 - MinThreads: 4 threads
19648: 18:51:02.664 - Thread pool is fixed size
19648: 18:51:02.664 - Starting ENet thread pool with the following settings
19648: 18:51:02.664 - InitialThreads: 2 threads
19648: 18:51:02.664 - MinThreads: 2 threads
19648: 18:51:02.664 - Thread pool is fixed size
19648: 18:51:02.664 - OnlyDispatchTimers: False
19648: 18:51:02.664 - S2S: flow control: Max pending writes: 50
19648: 18:51:02.664 - S2S: flow control: Max queued buffers: 200
19648: 18:51:02.664 - S2S: flow control: Max pending writes MUX: 500
19648: 18:51:02.664 - S2S: flow control: Max queued buffers MUX: 2000
19648: 18:51:02.664 - S2S: MaxInboundMessageSize: 512000
19648: 18:51:02.664 - S2S: MaxOutboundMessageSize: 512000
19648: 18:51:02.664 - S2S: No inactivity timeout
19648: 18:51:02.666 - WebSocket S2S: MaxInboundMessageSize: 512000
19648: 18:51:02.666 - WebSocket S2S: MaxOutboundMessageSize: 512000
19648: 18:51:02.666 - WebSocket S2S: No inactivity timeout
19648: 18:51:02.668 - Max Reliable Data In Transit (awaiting ACKs) per peer : 51200 bytes
19648: 18:51:02.668 - Per peer bandwidth limit
19648: 18:51:02.668 - Transmit Rate Limit: 256 KB/Sec
19648: 18:51:02.668 - Limit period: 200ms
19648: 18:51:02.668 - Limit per period: 52428 bytes
19648: 18:51:02.668 - Max queued data for transmission per peer: 512000 bytes
19648: 18:51:02.668 - Minimum retransmit timeout: 200
19648: 18:51:02.668 - No Maximum retransmit timeout
19648: 18:51:02.668 - Minimum ENet timeout: 5000ms
19648: 18:51:02.668 - Maximum ENet timeout: 30000ms
19648: 18:51:02.668 - Max Inbound Reliable Data Queued (awaiting resends of earlier sequence numbers) per peer : 163840 bytes
19648: 18:51:02.668 - No RTT ACK adjustment timeout
19648: 18:51:02.668 - Outbound ENet: MaxInboundMessageSize: 512000
19648: 18:51:02.668 - Outbound ENet: MaxOutboundMessageSize: 512000
19648: 18:51:02.670 - GetRuntime - About to load CLR - versions available:
19648: 18:51:02.670 - v2.0.50727
19648: 18:51:02.670 - v4.0.30319
19648: 18:51:02.670 - Configuration requests: "v2.0.50727"
19648: 18:51:02.670 - About to load version: "v2.0.50727"
19648: 18:51:02.710 - About to load runtime: PhotonHostRuntime.PhotonDomainManager from PhotonHostRuntime, Culture=neutral, PublicKeyToken=02C301B61B060C4D
19648: 18:51:02.710 - CLRBaseDirectory set to "D:\FantasyOfSango\Server\TestServer\Photon_v4\FantasyOfSango_Photon\deploy"
19648: 18:51:02.710 - Optimising event broadcast for 20 or more peers
19648: 18:51:02.711 - Start: About to load CLR - versions available:
19648: 18:51:02.711 - v2.0.50727
19648: 18:51:02.711 - v4.0.30319
19648: 18:51:02.711 - No preference in configuration file, will load latest.
19648: 18:51:02.711 - About to load version: "v4.0.30319"
19648: 18:51:02.712 - Loaded version: "v4.0.30319"
19648: 18:51:02.880 - Photon host runtime loaded
19648: 18:51:04.583 - License is valid.
19648: 18:51:04.583 - Licensed for 100 concurrent connections.
19648: 18:51:04.583 - ENet: Max Reliable Data In Transit (awaiting ACKs) per peer : 51200 bytes
19648: 18:51:04.583 - ENet: Per peer bandwidth limit
19648: 18:51:04.583 - ENet: Transmit Rate Limit: 256 KB/Sec
19648: 18:51:04.583 - ENet: Limit period: 200ms
19648: 18:51:04.583 - ENet: Limit per period: 52428 bytes
19648: 18:51:04.583 - ENet: Max queued data for transmission per peer: 512000 bytes
19648: 18:51:04.583 - ENet: Minimum retransmit timeout: 200
19648: 18:51:04.583 - No Maximum retransmit timeout
19648: 18:51:04.583 - ENet: Minimum timeout: 5000ms
19648: 18:51:04.583 - ENet: Maximum timeout: 30000ms
19648: 18:51:04.583 - ENet: Max Inbound Reliable Data Queued (awaiting resends of earlier sequence numbers) per peer : 163840 bytes
19648: 18:51:04.583 - No RTT ACK adjustment timeout
19648: 18:51:04.583 - About to load application: SangoTest from FantasyOfSango
19648: 18:51:04.583 - Auto restart is enabled for application, existing connections will be terminated during restart
19648: 18:51:04.583 - Application will restart 1000ms after the last change detected
19648: 18:51:04.583 - Application will restart if files matching the following are changed: "dll;config"
19648: 18:51:04.583 - Application will NOT restart if files matching the following are changed: "log4net.config"
19648: 18:51:05.177 - Taking reference on default app domain
19648: 18:51:05.815 - Application: "SangoTest" started in app domain: 2
19648: 18:51:05.815 - About to load application: CounterPublisher from CounterPublisher
19648: 18:51:05.815 - Auto restart is enabled for application, existing connections will be terminated during restart
19648: 18:51:05.815 - Application will restart 1000ms after the last change detected
19648: 18:51:05.815 - Application will restart if files matching the following are changed: "dll;config"
19648: 18:51:05.815 - Application will NOT restart if files matching the following are changed: "log4net.config"
19648: 18:51:06.348 - Taking reference on default app domain
19648: 18:51:06.982 - Application: "CounterPublisher" started in app domain: 3
19648: 18:51:06.982 - Adding TCP listener on: 0.0.0.0: 4530 with a listen backlog of: 150
19648: 18:51:06.982 - TCP inactivity timeout: 10000ms
19648: 18:51:06.982 - TCP disconnect timeout: 120000ms
19648: 18:51:06.982 - MaxInboundMessageSize: 512000
19648: 18:51:06.982 - MaxOutboundMessageSize: 512000
19648: 18:51:06.982 - Forcing all applications ids to: "SangoTest"
19648: 18:51:06.999 - Serving policy file requests from: "D:\FantasyOfSango\Server\TestServer\Photon_v4\FantasyOfSango_Photon\deploy\Policy\assets\socket-policy.xml"
19648: 18:51:06.999 - Forcing all applications ids to: "SangoTest"
19648: 18:51:06.999 - MaxInboundMessageSize: 512000
19648: 18:51:06.999 - MaxOutboundMessageSize: 512000
19648: 18:51:06.999 - UDP address specified as: "0.0.0.0" adding listener to each available IPv4 address
19648: 18:51:06.999 - Adding UDP listener on: 192.168.0.111: 5055 with a listen backlog of: 500
19648: 18:51:06.999 - Adding UDP listener on: 172.17.48.1: 5055 with a listen backlog of: 500
19648: 18:51:06.999 - Adding UDP listener on: 172.25.96.1: 5055 with a listen backlog of: 500
19648: 18:51:06.999 - Adding UDP listener on: 127.0.0.1: 5055 with a listen backlog of: 500
19648: 18:51:06.999 - Adding WebSocket TCP listener on: 0.0.0.0: 9090 with a listen backlog of: 150
19648: 18:51:06.999 - Nagle disabled
19648: 18:51:06.999 - TCP inactivity timeout: 10000ms
19648: 18:51:06.999 - MaxInboundMessageSize: 512000
19648: 18:51:06.999 - MaxOutboundMessageSize: 512000
19648: 18:51:06.999 - Forcing all applications ids to: "SangoTest"
19648: 18:51:06.999 - Will accept ANY sub-protocols from the client
19648: 18:51:06.999 - No automatic WebSocket ping
19648: 18:51:07.000 - Adding Policy File listener on: 0.0.0.0: 843 with a listen backlog of: 150 and serving Policy File: "D:\FantasyOfSango\Server\TestServer\Photon_v4\FantasyOfSango_Photon\deploy\Policy\assets\socket-policy.xml"
19648: 18:51:07.000 - TCP inactivity timeout: 10000ms
19648: 18:51:07.006 - Adding Policy File listener on: 0.0.0.0: 943 with a listen backlog of: 150 and serving Policy File: "D:\FantasyOfSango\Server\TestServer\Photon_v4\FantasyOfSango_Photon\deploy\Policy\assets\socket-policy-silverlight.xml"
19648: 18:51:07.006 - TCP inactivity timeout: 10000ms
19648: 18:51:07.028 - Service is running...
19648: 23:40:39.684 - Service is stopped...
19648: 23:40:39.684 - Server shutting down...
19648: 23:40:39.684 - Shutdown monitoring enabled, 30000ms before process abort
19648: 23:40:39.684 - Notifying CLR applications of shutdown...
19648: 23:40:39.684 - RequestApplicationStop: 3
19648: 23:40:39.690 - RequestApplicationStop: 2
19648: 23:40:39.694 - RequestStop: defalt app domain
19648: 23:40:39.695 - Shutting down WebSocket Outbound Connection Manager...
19648: 23:40:39.695 - Shutting down TCP Outbound Connection Manager...
19648: 23:40:39.695 - Shutting down ENet Outbound Connection Manager...
19648: 23:40:39.695 - Disconnecting all outbound peers...
19648: 23:40:39.695 - Shutting down ENet host...
19648: 23:40:39.695 - Disconnecting all peers...
19648: 23:40:39.695 - Shutting down socket servers...
19648: 23:40:39.695 - Shutting down ENet thread pool...
19648: 23:40:39.696 - Shutting down TCP inactivity timers...
19648: 23:40:39.700 - WaitingForShutdownToComplete: NativePolicy:0.0.0.0:843
19648: 23:40:39.700 - OnShutdownCompleted: NativePolicy:0.0.0.0:843
19648: 23:40:39.700 - WaitingForShutdownToComplete: NativePolicy:0.0.0.0:943
19648: 23:40:39.700 - OnShutdownCompleted: NativePolicy:0.0.0.0:943
19648: 23:40:39.700 - WaitingForShutdownToComplete: TCP:0.0.0.0:4530
19648: 23:40:39.700 - OnShutdownCompleted: TCP:0.0.0.0:4530
19648: 23:40:39.700 - WaitingForShutdownToComplete: UDP:127.0.0.1:5055
19648: 23:40:39.700 - OnShutdownCompleted: UDP:127.0.0.1:5055
19648: 23:40:39.700 - WaitingForShutdownToComplete: UDP:172.17.48.1:5055
19648: 23:40:39.700 - OnShutdownCompleted: UDP:172.17.48.1:5055
19648: 23:40:39.700 - WaitingForShutdownToComplete: UDP:172.25.96.1:5055
19648: 23:40:39.700 - OnShutdownCompleted: UDP:172.25.96.1:5055
19648: 23:40:39.700 - WaitingForShutdownToComplete: UDP:192.168.0.111:5055
19648: 23:40:39.701 - OnShutdownCompleted: UDP:192.168.0.111:5055
19648: 23:40:39.701 - WaitingForShutdownToComplete: WebSocket:0.0.0.0:9090
19648: 23:40:39.701 - OnShutdownCompleted: WebSocket:0.0.0.0:9090
19648: 23:40:39.701 - Shutting down CLR applications...
27036: 23:40:39.703 - CManagedHost::OnDefaultAction() - OPR_AppDomainUnload - eUnloadAppDomain
19648: 23:40:39.705 - CManagedHost::OnDefaultAction() - OPR_ThreadAbort - eAbortThread
22888: 23:40:39.710 - CManagedHost::OnFailure() - FAIL_CriticalResource - eThrowException
22888: 23:40:39.710 - CManagedHost::OnFailure() - FAIL_CriticalResource - eThrowException
26824: 23:40:39.713 - Unloading Domain: ApplicationName = 'CounterPublisher', DomainId='3'
27036: 23:40:39.713 - CManagedHost::OnDomainUnload() - 3
19648: 23:40:39.727 - Shutting down business logic thread pool...
19648: 23:40:39.727 - Shutting down I/O thread pool...
19648: 23:40:39.727 - Destroying servers
19648: 23:40:39.728 - Destroying WebSocket Outbound Connection Manager
19648: 23:40:39.728 - Destroying TCP Outbound Connection Manager
19648: 23:40:39.728 - Destroying TCP inactivity timer
19648: 23:40:39.728 - Destroying ENet timer wheel
19648: 23:40:39.728 - Destroying ENet host
19648: 23:40:39.728 - Destroying ENet outbound host
19648: 23:40:39.728 - Destroying HTTP inactivity timer
19648: 23:40:39.728 - Destroying HTTP host
19648: 23:40:39.728 - Destroying HTTP Chunk host
19648: 23:40:39.728 - Flushing ENET buffer allocator...
19648: 23:40:39.730 - Flushing TCP buffer handle allocator...
19648: 23:40:39.730 - Flushing stream socket allocator...
19648: 23:40:39.730 - Flushing inbound datagram socket allocator...
19648: 23:40:39.731 - Flushing outbound datagram socket allocator...
19648: 23:40:39.731 - Destroying CLR dispatcher
19648: 23:40:39.731 - Destroying CLR applications
19648: 23:40:39.732 - ~CCLRApplicationCollection() - Waiting up to 10 seconds for the CLR to release all of our objects
27036: 23:40:39.745 - CManagedHost::OnDefaultAction() - OPR_AppDomainUnload - eUnloadAppDomain
26824: 23:40:39.748 - Unloading Domain: ApplicationName = 'SangoTest', DomainId='2'
27036: 23:40:39.750 - CManagedHost::OnDomainUnload() - 2
19648: 23:40:39.752 - ~CCLRApplicationCollection() - Done. All objects released
19648: 23:40:39.752 - ~CManagedHost() - Release default app domain
19648: 23:40:39.752 - CManagedHost::OnDomainUnload() - 1
19648: 23:40:39.752 - ~CManagedHost() - Waiting up to 10 seconds for CLR shutdown...
19648: 23:40:39.753 - ~CManagedHost
19648: 23:40:39.753 - Destroying ENet thread pool
19648: 23:40:39.753 - Destroying Business logic thread pool
19648: 23:40:39.753 - Destroying I/O thread pool
19648: 23:40:39.753 - Destroying ENet buffer allocator
19648: 23:40:39.753 - Destroying TCP buffer allocator
19648: 23:40:39.753 - Destroying TCP socket allocator
19648: 23:40:39.753 - Destroying ENet inbound socket allocator
19648: 23:40:39.753 - Destroying ENet outbound socket allocator
19648: 23:40:39.753 - Destroying shared datagram flow control data
19648: 23:40:39.753 - Shutdown complete...
19648: 23:40:39.753 - Service shutting down
19648: 23:40:39.755 - Service shut down complete
