34692: 21:07:08.986 - ---
34692: 21:07:08.986 - Service: "Photon Socket Server" starting
34692: 21:07:08.986 - Config File: E:\FantasyOfSango\FantasyOfSango_Photon\deploy\bin_Win64\PhotonServer.config
34692: 21:07:08.989 - Will produce at most: 10 crash dumps
34692: 21:07:08.990 - Action: run as exe
34692: 21:07:08.991 - Server Starting...
34692: 21:07:08.991 -    Tick count: 20627062 (wraps in: 49.4715 days)
34692: 21:07:08.991 - Tick count 64: 20627062
34692: 21:07:08.991 - Photon Version: 4.0.28.2962
34692: 21:07:08.991 - PID: 30248
34692: 21:07:08.992 - Config File: E:\FantasyOfSango\FantasyOfSango_Photon\deploy\bin_Win64\PhotonServer.config
34692: 21:07:08.992 - Will NOT log unimportant exceptions
34692: 21:07:09.005 - Not using performance counters as they are not currently installed. Run the service with /InstallCounters to install them.
34692: 21:07:09.005 - Shutdown timeout enabled: 30000ms
34692: 21:07:09.006 - Starting I/O thread pool with 2 threads
34692: 21:07:09.006 - Using Standard allocator
34692: 21:07:09.007 - Max message size: 512000
34692: 21:07:09.007 - Starting business logic thread pool with the following settings
34692: 21:07:09.007 - InitialThreads: 4 threads
34692: 21:07:09.007 - MinThreads: 4 threads
34692: 21:07:09.007 - Thread pool is fixed size
34692: 21:07:09.007 - Starting ENet thread pool with the following settings
34692: 21:07:09.007 - InitialThreads: 2 threads
34692: 21:07:09.007 - MinThreads: 2 threads
34692: 21:07:09.007 - Thread pool is fixed size
34692: 21:07:09.007 - OnlyDispatchTimers: False
34692: 21:07:09.009 - S2S: flow control: Max pending writes: 50
34692: 21:07:09.009 - S2S: flow control: Max queued buffers: 200
34692: 21:07:09.009 - S2S: flow control: Max pending writes MUX: 500
34692: 21:07:09.009 - S2S: flow control: Max queued buffers MUX: 2000
34692: 21:07:09.009 - S2S: MaxInboundMessageSize: 512000
34692: 21:07:09.009 - S2S: MaxOutboundMessageSize: 512000
34692: 21:07:09.009 - S2S: No inactivity timeout
34692: 21:07:09.014 - WebSocket S2S: MaxInboundMessageSize: 512000
34692: 21:07:09.014 - WebSocket S2S: MaxOutboundMessageSize: 512000
34692: 21:07:09.014 - WebSocket S2S: No inactivity timeout
34692: 21:07:09.015 - Max Reliable Data In Transit (awaiting ACKs) per peer : 51200 bytes
34692: 21:07:09.015 - Per peer bandwidth limit
34692: 21:07:09.015 - Transmit Rate Limit: 256 KB/Sec
34692: 21:07:09.015 - Limit period: 200ms
34692: 21:07:09.015 - Limit per period: 52428 bytes
34692: 21:07:09.015 - Max queued data for transmission per peer: 512000 bytes
34692: 21:07:09.015 - Minimum retransmit timeout: 200
34692: 21:07:09.015 - No Maximum retransmit timeout
34692: 21:07:09.015 - Minimum ENet timeout: 5000ms
34692: 21:07:09.015 - Maximum ENet timeout: 30000ms
34692: 21:07:09.015 - Max Inbound Reliable Data Queued (awaiting resends of earlier sequence numbers) per peer : 163840 bytes
34692: 21:07:09.015 - No RTT ACK adjustment timeout
34692: 21:07:09.015 - Outbound ENet: MaxInboundMessageSize: 512000
34692: 21:07:09.015 - Outbound ENet: MaxOutboundMessageSize: 512000
34692: 21:07:09.021 - GetRuntime - About to load CLR - versions available:
34692: 21:07:09.021 - v2.0.50727
34692: 21:07:09.021 - v4.0.30319
34692: 21:07:09.021 - Configuration requests: "v2.0.50727"
34692: 21:07:09.021 - About to load version: "v2.0.50727"
34692: 21:07:09.096 - About to load runtime: PhotonHostRuntime.PhotonDomainManager from PhotonHostRuntime, Culture=neutral, PublicKeyToken=02C301B61B060C4D
34692: 21:07:09.096 - CLRBaseDirectory set to "E:\FantasyOfSango\FantasyOfSango_Photon\deploy"
34692: 21:07:09.096 - Optimising event broadcast for 20 or more peers
34692: 21:07:09.098 - Start: About to load CLR - versions available:
34692: 21:07:09.098 - v2.0.50727
34692: 21:07:09.098 - v4.0.30319
34692: 21:07:09.098 - No preference in configuration file, will load latest.
34692: 21:07:09.098 - About to load version: "v4.0.30319"
34692: 21:07:09.100 - Loaded version: "v4.0.30319"
34692: 21:07:09.247 - Photon host runtime loaded
34692: 21:07:11.787 - License is valid.
34692: 21:07:11.787 - Licensed for 100 concurrent connections.
34692: 21:07:11.787 - ENet: Max Reliable Data In Transit (awaiting ACKs) per peer : 51200 bytes
34692: 21:07:11.787 - ENet: Per peer bandwidth limit
34692: 21:07:11.787 - ENet: Transmit Rate Limit: 256 KB/Sec
34692: 21:07:11.787 - ENet: Limit period: 200ms
34692: 21:07:11.787 - ENet: Limit per period: 52428 bytes
34692: 21:07:11.787 - ENet: Max queued data for transmission per peer: 512000 bytes
34692: 21:07:11.787 - ENet: Minimum retransmit timeout: 200
34692: 21:07:11.787 - No Maximum retransmit timeout
34692: 21:07:11.787 - ENet: Minimum timeout: 5000ms
34692: 21:07:11.787 - ENet: Maximum timeout: 30000ms
34692: 21:07:11.787 - ENet: Max Inbound Reliable Data Queued (awaiting resends of earlier sequence numbers) per peer : 163840 bytes
34692: 21:07:11.787 - No RTT ACK adjustment timeout
34692: 21:07:11.787 - About to load application: FSOGameServer from FantasyOfSango
34692: 21:07:11.787 - Auto restart is enabled for application, existing connections will be terminated during restart
34692: 21:07:11.787 - Application will restart 1000ms after the last change detected
34692: 21:07:11.787 - Application will restart if files matching the following are changed: "dll;config"
34692: 21:07:11.787 - Application will NOT restart if files matching the following are changed: "log4net.config"
34692: 21:07:12.279 - Taking reference on default app domain
34692: 21:07:12.918 - Application: "FSOGameServer" started in app domain: 2
34692: 21:07:12.918 - About to load application: CounterPublisher from CounterPublisher
34692: 21:07:12.918 - Auto restart is enabled for application, existing connections will be terminated during restart
34692: 21:07:12.918 - Application will restart 1000ms after the last change detected
34692: 21:07:12.918 - Application will restart if files matching the following are changed: "dll;config"
34692: 21:07:12.918 - Application will NOT restart if files matching the following are changed: "log4net.config"
34692: 21:07:13.429 - Taking reference on default app domain
34692: 21:07:14.133 - Application: "CounterPublisher" started in app domain: 3
34692: 21:07:14.133 - Adding TCP listener on: 0.0.0.0: 4530 with a listen backlog of: 150
34692: 21:07:14.133 - TCP inactivity timeout: 10000ms
34692: 21:07:14.133 - TCP disconnect timeout: 120000ms
34692: 21:07:14.133 - MaxInboundMessageSize: 512000
34692: 21:07:14.133 - MaxOutboundMessageSize: 512000
34692: 21:07:14.133 - Forcing all applications ids to: "FSOGameServer"
34692: 21:07:14.138 - Serving policy file requests from: "E:\FantasyOfSango\FantasyOfSango_Photon\deploy\Policy\assets\socket-policy.xml"
34692: 21:07:14.138 - Forcing all applications ids to: "FSOGameServer"
34692: 21:07:14.138 - MaxInboundMessageSize: 512000
34692: 21:07:14.138 - MaxOutboundMessageSize: 512000
34692: 21:07:14.138 - UDP address specified as: "0.0.0.0" adding listener to each available IPv4 address
34692: 21:07:14.139 - Adding UDP listener on: 192.168.0.111: 5055 with a listen backlog of: 500
34692: 21:07:14.139 - Adding UDP listener on: 172.21.112.1: 5055 with a listen backlog of: 500
34692: 21:07:14.139 - Adding UDP listener on: 172.27.96.1: 5055 with a listen backlog of: 500
34692: 21:07:14.139 - Adding UDP listener on: 127.0.0.1: 5055 with a listen backlog of: 500
34692: 21:07:14.139 - Adding WebSocket TCP listener on: 0.0.0.0: 9090 with a listen backlog of: 150
34692: 21:07:14.139 - Nagle disabled
34692: 21:07:14.139 - TCP inactivity timeout: 10000ms
34692: 21:07:14.139 - MaxInboundMessageSize: 512000
34692: 21:07:14.139 - MaxOutboundMessageSize: 512000
34692: 21:07:14.139 - Forcing all applications ids to: "FSOGameServer"
34692: 21:07:14.139 - Will accept ANY sub-protocols from the client
34692: 21:07:14.139 - No automatic WebSocket ping
34692: 21:07:14.139 - Adding Policy File listener on: 0.0.0.0: 843 with a listen backlog of: 150 and serving Policy File: "E:\FantasyOfSango\FantasyOfSango_Photon\deploy\Policy\assets\socket-policy.xml"
34692: 21:07:14.139 - TCP inactivity timeout: 10000ms
34692: 21:07:14.146 - Adding Policy File listener on: 0.0.0.0: 943 with a listen backlog of: 150 and serving Policy File: "E:\FantasyOfSango\FantasyOfSango_Photon\deploy\Policy\assets\socket-policy-silverlight.xml"
34692: 21:07:14.146 - TCP inactivity timeout: 10000ms
34692: 21:07:14.168 - Service is running...
34692: 21:12:38.089 - Service is stopped...
34692: 21:12:38.089 - Server shutting down...
34692: 21:12:38.089 - Shutdown monitoring enabled, 30000ms before process abort
34692: 21:12:38.089 - Notifying CLR applications of shutdown...
34692: 21:12:38.089 - RequestApplicationStop: 3
34692: 21:12:38.434 - RequestApplicationStop: 2
34692: 21:12:38.436 - RequestStop: defalt app domain
34692: 21:12:38.436 - Shutting down WebSocket Outbound Connection Manager...
34692: 21:12:38.436 - Shutting down TCP Outbound Connection Manager...
34692: 21:12:38.436 - Shutting down ENet Outbound Connection Manager...
34692: 21:12:38.436 - Disconnecting all outbound peers...
34692: 21:12:38.436 - Shutting down ENet host...
34692: 21:12:38.436 - Disconnecting all peers...
34692: 21:12:38.436 - Shutting down socket servers...
34692: 21:12:38.436 - Shutting down ENet thread pool...
34692: 21:12:38.436 - Shutting down TCP inactivity timers...
34692: 21:12:38.436 - WaitingForShutdownToComplete: NativePolicy:0.0.0.0:843
34692: 21:12:38.436 - OnShutdownCompleted: NativePolicy:0.0.0.0:843
34692: 21:12:38.436 - WaitingForShutdownToComplete: NativePolicy:0.0.0.0:943
34692: 21:12:38.436 - OnShutdownCompleted: NativePolicy:0.0.0.0:943
34692: 21:12:38.436 - WaitingForShutdownToComplete: TCP:0.0.0.0:4530
34692: 21:12:38.436 - OnShutdownCompleted: TCP:0.0.0.0:4530
34692: 21:12:38.436 - WaitingForShutdownToComplete: UDP:127.0.0.1:5055
34692: 21:12:38.436 - OnShutdownCompleted: UDP:127.0.0.1:5055
34692: 21:12:38.436 - WaitingForShutdownToComplete: UDP:172.21.112.1:5055
34692: 21:12:38.436 - OnShutdownCompleted: UDP:172.21.112.1:5055
34692: 21:12:38.436 - WaitingForShutdownToComplete: UDP:172.27.96.1:5055
34692: 21:12:38.436 - OnShutdownCompleted: UDP:172.27.96.1:5055
34692: 21:12:38.436 - WaitingForShutdownToComplete: UDP:192.168.0.111:5055
34692: 21:12:38.436 - OnShutdownCompleted: UDP:192.168.0.111:5055
34692: 21:12:38.436 - WaitingForShutdownToComplete: WebSocket:0.0.0.0:9090
34692: 21:12:38.436 - OnShutdownCompleted: WebSocket:0.0.0.0:9090
34692: 21:12:38.436 - Shutting down CLR applications...
21588: 21:12:38.441 - CManagedHost::OnDefaultAction() - OPR_AppDomainUnload - eUnloadAppDomain
34692: 21:12:38.443 - CManagedHost::OnDefaultAction() - OPR_ThreadAbort - eAbortThread
22088: 21:12:38.451 - Unloading Domain: ApplicationName = 'CounterPublisher', DomainId='3'
21588: 21:12:38.451 - CManagedHost::OnDomainUnload() - 3
37272: 21:12:38.466 - CManagedHost::OnFailure() - FAIL_CriticalResource - eThrowException
37272: 21:12:38.466 - CManagedHost::OnFailure() - FAIL_CriticalResource - eThrowException
34692: 21:12:38.576 - Shutting down business logic thread pool...
34692: 21:12:38.576 - Shutting down I/O thread pool...
34692: 21:12:38.576 - Destroying servers
34692: 21:12:38.576 - Destroying WebSocket Outbound Connection Manager
34692: 21:12:38.576 - Destroying TCP Outbound Connection Manager
34692: 21:12:38.576 - Destroying TCP inactivity timer
34692: 21:12:38.576 - Destroying ENet timer wheel
34692: 21:12:38.576 - Destroying ENet host
34692: 21:12:38.576 - Destroying ENet outbound host
34692: 21:12:38.576 - Destroying HTTP inactivity timer
34692: 21:12:38.576 - Destroying HTTP host
34692: 21:12:38.576 - Destroying HTTP Chunk host
34692: 21:12:38.576 - Flushing ENET buffer allocator...
34692: 21:12:38.576 - Flushing TCP buffer handle allocator...
34692: 21:12:38.576 - Flushing stream socket allocator...
34692: 21:12:38.576 - Flushing inbound datagram socket allocator...
34692: 21:12:38.578 - Flushing outbound datagram socket allocator...
34692: 21:12:38.578 - Destroying CLR dispatcher
34692: 21:12:38.578 - Destroying CLR applications
34692: 21:12:38.579 - ~CCLRApplicationCollection() - Waiting up to 10 seconds for the CLR to release all of our objects
21588: 21:12:38.580 - CManagedHost::OnDefaultAction() - OPR_AppDomainUnload - eUnloadAppDomain
22088: 21:12:38.584 - Unloading Domain: ApplicationName = 'FSOGameServer', DomainId='2'
21588: 21:12:43.474 - CManagedHost::OnDomainUnload() - 2
34692: 21:12:43.474 - ~CCLRApplicationCollection() - Done. All objects released
34692: 21:12:43.475 - ~CManagedHost() - Release default app domain
34692: 21:12:43.475 - CManagedHost::OnDomainUnload() - 1
34692: 21:12:43.475 - ~CManagedHost() - Waiting up to 10 seconds for CLR shutdown...
34692: 21:12:43.475 - ~CManagedHost
34692: 21:12:43.475 - Destroying ENet thread pool
34692: 21:12:43.475 - Destroying Business logic thread pool
34692: 21:12:43.475 - Destroying I/O thread pool
34692: 21:12:43.475 - Destroying ENet buffer allocator
34692: 21:12:43.475 - Destroying TCP buffer allocator
34692: 21:12:43.475 - Destroying TCP socket allocator
34692: 21:12:43.475 - Destroying ENet inbound socket allocator
34692: 21:12:43.475 - Destroying ENet outbound socket allocator
34692: 21:12:43.475 - Destroying shared datagram flow control data
34692: 21:12:43.475 - Shutdown complete...
34692: 21:12:43.475 - Service shutting down
34692: 21:12:43.478 - Service shut down complete
